[0.085s] Invoking command in '/home/ashish/s3_ws/build/s3_controller': CMAKE_PREFIX_PATH=${CMAKE_PREFIX_PATH}:/opt/ros/humble /usr/bin/cmake --build /home/ashish/s3_ws/build/s3_controller -- -j2 -l2
[0.204s] -- Found ament_cmake: 1.3.10 (/opt/ros/humble/share/ament_cmake/cmake)
[0.650s] -- Configuring done
[0.661s] -- Generating done
[0.664s] -- Build files have been written to: /home/ashish/s3_ws/build/s3_controller
[0.710s] Invoked command in '/home/ashish/s3_ws/build/s3_controller' returned '0': CMAKE_PREFIX_PATH=${CMAKE_PREFIX_PATH}:/opt/ros/humble /usr/bin/cmake --build /home/ashish/s3_ws/build/s3_controller -- -j2 -l2
[0.791s] Invoking command in '/home/ashish/s3_ws/build/s3_controller': CMAKE_PREFIX_PATH=${CMAKE_PREFIX_PATH}:/opt/ros/humble /usr/bin/cmake --install /home/ashish/s3_ws/build/s3_controller
[0.802s] -- Install configuration: ""
[0.802s] -- Up-to-date: /home/ashish/s3_ws/install/s3_controller/share/s3_controller/config
[0.802s] -- Installing: /home/ashish/s3_ws/install/s3_controller/share/s3_controller/config/s3_controllers.yaml
[0.803s] -- Up-to-date: /home/ashish/s3_ws/install/s3_controller/share/s3_controller/launch
[0.804s] -- Installing: /home/ashish/s3_ws/install/s3_controller/share/s3_controller/launch/controlller.launch.py
[0.805s] -- Installing: /home/ashish/s3_ws/install/s3_controller/share/ament_index/resource_index/package_run_dependencies/s3_controller
[0.805s] -- Installing: /home/ashish/s3_ws/install/s3_controller/share/ament_index/resource_index/parent_prefix_path/s3_controller
[0.805s] -- Up-to-date: /home/ashish/s3_ws/install/s3_controller/share/s3_controller/environment/ament_prefix_path.sh
[0.805s] -- Installing: /home/ashish/s3_ws/install/s3_controller/share/s3_controller/environment/ament_prefix_path.dsv
[0.806s] -- Up-to-date: /home/ashish/s3_ws/install/s3_controller/share/s3_controller/environment/path.sh
[0.806s] -- Installing: /home/ashish/s3_ws/install/s3_controller/share/s3_controller/environment/path.dsv
[0.806s] -- Up-to-date: /home/ashish/s3_ws/install/s3_controller/share/s3_controller/local_setup.bash
[0.806s] -- Up-to-date: /home/ashish/s3_ws/install/s3_controller/share/s3_controller/local_setup.sh
[0.807s] -- Up-to-date: /home/ashish/s3_ws/install/s3_controller/share/s3_controller/local_setup.zsh
[0.807s] -- Installing: /home/ashish/s3_ws/install/s3_controller/share/s3_controller/local_setup.dsv
[0.807s] -- Installing: /home/ashish/s3_ws/install/s3_controller/share/s3_controller/package.dsv
[0.807s] -- Up-to-date: /home/ashish/s3_ws/install/s3_controller/share/ament_index/resource_index/packages/s3_controller
[0.808s] -- Up-to-date: /home/ashish/s3_ws/install/s3_controller/share/s3_controller/cmake/s3_controllerConfig.cmake
[0.808s] -- Up-to-date: /home/ashish/s3_ws/install/s3_controller/share/s3_controller/cmake/s3_controllerConfig-version.cmake
[0.809s] -- Installing: /home/ashish/s3_ws/install/s3_controller/share/s3_controller/package.xml
[0.813s] Invoked command in '/home/ashish/s3_ws/build/s3_controller' returned '0': CMAKE_PREFIX_PATH=${CMAKE_PREFIX_PATH}:/opt/ros/humble /usr/bin/cmake --install /home/ashish/s3_ws/build/s3_controller
