[0.065s] Invoking command in '/home/ashish/s3_ws/build/s3_controller': CMAKE_PREFIX_PATH=${CMAKE_PREFIX_PATH}:/opt/ros/humble /usr/bin/cmake /home/ashish/s3_ws/src/s3_controller -DCMAKE_INSTALL_PREFIX=/home/ashish/s3_ws/install/s3_controller
[0.397s] -- The C compiler identification is GNU 11.4.0
[0.601s] -- The CXX compiler identification is GNU 11.4.0
[0.624s] -- Detecting C compiler ABI info
[0.770s] -- Detecting C compiler ABI info - done
[0.778s] -- Check for working C compiler: /usr/bin/cc - skipped
[0.789s] -- Detecting C compile features
[0.791s] -- Detecting C compile features - done
[0.798s] -- Detecting CXX compiler ABI info
[0.979s] -- Detecting CXX compiler ABI info - done
[0.991s] -- Check for working CXX compiler: /usr/bin/c++ - skipped
[0.991s] -- Detecting CXX compile features
[0.992s] -- Detecting CXX compile features - done
[1.019s] -- Found ament_cmake: 1.3.10 (/opt/ros/humble/share/ament_cmake/cmake)
[1.301s] -- Found Python3: /usr/bin/python3 (found version "3.10.12") found components: Interpreter 
[1.605s] -- Found trajectory_msgs: 4.2.4 (/opt/ros/humble/share/trajectory_msgs/cmake)
[1.752s] -- Found rosidl_generator_c: 3.1.5 (/opt/ros/humble/share/rosidl_generator_c/cmake)
[1.777s] -- Found rosidl_adapter: 3.1.5 (/opt/ros/humble/share/rosidl_adapter/cmake)
[1.818s] -- Found rosidl_generator_cpp: 3.1.5 (/opt/ros/humble/share/rosidl_generator_cpp/cmake)
[1.871s] -- Using all available rosidl_typesupport_c: rosidl_typesupport_fastrtps_c;rosidl_typesupport_introspection_c
[1.899s] -- Using all available rosidl_typesupport_cpp: rosidl_typesupport_fastrtps_cpp;rosidl_typesupport_introspection_cpp
[2.145s] -- Found sensor_msgs: 4.2.4 (/opt/ros/humble/share/sensor_msgs/cmake)
[2.204s] -- Found rclcpp: 16.0.10 (/opt/ros/humble/share/rclcpp/cmake)
[2.367s] -- Found rmw_implementation_cmake: 6.1.2 (/opt/ros/humble/share/rmw_implementation_cmake/cmake)
[2.381s] -- Found rmw_fastrtps_cpp: 6.2.7 (/opt/ros/humble/share/rmw_fastrtps_cpp/cmake)
[2.606s] -- Found OpenSSL: /usr/lib/x86_64-linux-gnu/libcrypto.so (found version "3.0.2")  
[2.653s] -- Found FastRTPS: /opt/ros/humble/include  
[2.699s] -- Using RMW implementation 'rmw_fastrtps_cpp' as default
[2.731s] -- Looking for pthread.h
[2.875s] -- Looking for pthread.h - found
[2.876s] -- Performing Test CMAKE_HAVE_LIBC_PTHREAD
[3.052s] -- Performing Test CMAKE_HAVE_LIBC_PTHREAD - Success
[3.054s] -- Found Threads: TRUE  
[3.215s] -- Found rclpy: 3.3.14 (/opt/ros/humble/share/rclpy/cmake)
[3.217s] -- Found ament_lint_auto: 0.12.11 (/opt/ros/humble/share/ament_lint_auto/cmake)
[3.410s] -- Added test 'flake8' to check Python code syntax and style conventions
[3.413s] -- Added test 'lint_cmake' to check CMake code style
[3.415s] -- Added test 'pep257' to check Python code against some of the docstring style conventions in PEP 257
[3.420s] -- Added test 'xmllint' to check XML markup files
[3.427s] -- Configuring done
[3.437s] -- Generating done
[3.441s] -- Build files have been written to: /home/ashish/s3_ws/build/s3_controller
[3.464s] Invoked command in '/home/ashish/s3_ws/build/s3_controller' returned '0': CMAKE_PREFIX_PATH=${CMAKE_PREFIX_PATH}:/opt/ros/humble /usr/bin/cmake /home/ashish/s3_ws/src/s3_controller -DCMAKE_INSTALL_PREFIX=/home/ashish/s3_ws/install/s3_controller
[3.465s] Invoking command in '/home/ashish/s3_ws/build/s3_controller': CMAKE_PREFIX_PATH=${CMAKE_PREFIX_PATH}:/opt/ros/humble /usr/bin/cmake --build /home/ashish/s3_ws/build/s3_controller -- -j2 -l2
[3.540s] Invoked command in '/home/ashish/s3_ws/build/s3_controller' returned '0': CMAKE_PREFIX_PATH=${CMAKE_PREFIX_PATH}:/opt/ros/humble /usr/bin/cmake --build /home/ashish/s3_ws/build/s3_controller -- -j2 -l2
[3.624s] Invoking command in '/home/ashish/s3_ws/build/s3_controller': CMAKE_PREFIX_PATH=${CMAKE_PREFIX_PATH}:/opt/ros/humble /usr/bin/cmake --install /home/ashish/s3_ws/build/s3_controller
[3.647s] -- Install configuration: ""
[3.647s] -- Installing: /home/ashish/s3_ws/install/s3_controller/share/s3_controller/launch
[3.648s] -- Installing: /home/ashish/s3_ws/install/s3_controller/share/s3_controller/launch/controlller.launch.py
[3.649s] -- Installing: /home/ashish/s3_ws/install/s3_controller/share/s3_controller/config
[3.650s] -- Installing: /home/ashish/s3_ws/install/s3_controller/share/s3_controller/config/s3_controllers.yaml
[3.651s] -- Installing: /home/ashish/s3_ws/install/s3_controller/share/ament_index/resource_index/package_run_dependencies/s3_controller
[3.652s] -- Installing: /home/ashish/s3_ws/install/s3_controller/share/ament_index/resource_index/parent_prefix_path/s3_controller
[3.653s] -- Installing: /home/ashish/s3_ws/install/s3_controller/share/s3_controller/environment/ament_prefix_path.sh
[3.653s] -- Installing: /home/ashish/s3_ws/install/s3_controller/share/s3_controller/environment/ament_prefix_path.dsv
[3.654s] -- Installing: /home/ashish/s3_ws/install/s3_controller/share/s3_controller/environment/path.sh
[3.655s] -- Installing: /home/ashish/s3_ws/install/s3_controller/share/s3_controller/environment/path.dsv
[3.660s] -- Installing: /home/ashish/s3_ws/install/s3_controller/share/s3_controller/local_setup.bash
[3.660s] -- Installing: /home/ashish/s3_ws/install/s3_controller/share/s3_controller/local_setup.sh
[3.661s] -- Installing: /home/ashish/s3_ws/install/s3_controller/share/s3_controller/local_setup.zsh
[3.661s] -- Installing: /home/ashish/s3_ws/install/s3_controller/share/s3_controller/local_setup.dsv
[3.661s] -- Installing: /home/ashish/s3_ws/install/s3_controller/share/s3_controller/package.dsv
[3.661s] -- Installing: /home/ashish/s3_ws/install/s3_controller/share/ament_index/resource_index/packages/s3_controller
[3.661s] -- Installing: /home/ashish/s3_ws/install/s3_controller/share/s3_controller/cmake/s3_controllerConfig.cmake
[3.661s] -- Installing: /home/ashish/s3_ws/install/s3_controller/share/s3_controller/cmake/s3_controllerConfig-version.cmake
[3.661s] -- Installing: /home/ashish/s3_ws/install/s3_controller/share/s3_controller/package.xml
[3.669s] Invoked command in '/home/ashish/s3_ws/build/s3_controller' returned '0': CMAKE_PREFIX_PATH=${CMAKE_PREFIX_PATH}:/opt/ros/humble /usr/bin/cmake --install /home/ashish/s3_ws/build/s3_controller
