-- Install configuration: ""
-- Up-to-date: /home/ashish/s3_ws/install/s3_description/share/s3_description/launch
-- Up-to-date: /home/ashish/s3_ws/install/s3_description/share/s3_description/launch/gazebo.launch.py
-- Up-to-date: /home/ashish/s3_ws/install/s3_description/share/s3_description/launch/display.launch.py
-- Up-to-date: /home/ashish/s3_ws/install/s3_description/share/s3_description/urdf
-- Up-to-date: /home/ashish/s3_ws/install/s3_description/share/s3_description/urdf/s3_gazebo.xacro
-- Up-to-date: /home/ashish/s3_ws/install/s3_description/share/s3_description/urdf/s3_ros2_control.xacro
-- Installing: /home/ashish/s3_ws/install/s3_description/share/s3_description/urdf/s3.urdf.xacro
-- Up-to-date: /home/ashish/s3_ws/install/s3_description/share/s3_description/models
-- Up-to-date: /home/ashish/s3_ws/install/s3_description/share/s3_description/models/sun
-- Up-to-date: /home/ashish/s3_ws/install/s3_description/share/s3_description/models/sun/model.sdf
-- Up-to-date: /home/ashish/s3_ws/install/s3_description/share/s3_description/models/sun/model.config
-- Up-to-date: /home/ashish/s3_ws/install/s3_description/share/s3_description/models/sun/model-1_4.sdf
-- Up-to-date: /home/ashish/s3_ws/install/s3_description/share/s3_description/models/sun/model-1_2.sdf
-- Up-to-date: /home/ashish/s3_ws/install/s3_description/share/s3_description/models/sun/model-1_3.sdf
-- Up-to-date: /home/ashish/s3_ws/install/s3_description/share/s3_description/models/ground_plane
-- Up-to-date: /home/ashish/s3_ws/install/s3_description/share/s3_description/models/ground_plane/model.sdf
-- Up-to-date: /home/ashish/s3_ws/install/s3_description/share/s3_description/models/ground_plane/model.config
-- Up-to-date: /home/ashish/s3_ws/install/s3_description/share/s3_description/models/ground_plane/model-1_4.sdf
-- Up-to-date: /home/ashish/s3_ws/install/s3_description/share/s3_description/models/ground_plane/model-1_2.sdf
-- Up-to-date: /home/ashish/s3_ws/install/s3_description/share/s3_description/models/ground_plane/model-1_3.sdf
-- Up-to-date: /home/ashish/s3_ws/install/s3_description/share/s3_description/rviz
-- Up-to-date: /home/ashish/s3_ws/install/s3_description/share/s3_description/rviz/display.rviz
-- Up-to-date: /home/ashish/s3_ws/install/s3_description/share/ament_index/resource_index/package_run_dependencies/s3_description
-- Up-to-date: /home/ashish/s3_ws/install/s3_description/share/ament_index/resource_index/parent_prefix_path/s3_description
-- Up-to-date: /home/ashish/s3_ws/install/s3_description/share/s3_description/environment/ament_prefix_path.sh
-- Up-to-date: /home/ashish/s3_ws/install/s3_description/share/s3_description/environment/ament_prefix_path.dsv
-- Up-to-date: /home/ashish/s3_ws/install/s3_description/share/s3_description/environment/path.sh
-- Up-to-date: /home/ashish/s3_ws/install/s3_description/share/s3_description/environment/path.dsv
-- Up-to-date: /home/ashish/s3_ws/install/s3_description/share/s3_description/local_setup.bash
-- Up-to-date: /home/ashish/s3_ws/install/s3_description/share/s3_description/local_setup.sh
-- Up-to-date: /home/ashish/s3_ws/install/s3_description/share/s3_description/local_setup.zsh
-- Up-to-date: /home/ashish/s3_ws/install/s3_description/share/s3_description/local_setup.dsv
-- Up-to-date: /home/ashish/s3_ws/install/s3_description/share/s3_description/package.dsv
-- Up-to-date: /home/ashish/s3_ws/install/s3_description/share/ament_index/resource_index/packages/s3_description
-- Up-to-date: /home/ashish/s3_ws/install/s3_description/share/s3_description/cmake/s3_descriptionConfig.cmake
-- Up-to-date: /home/ashish/s3_ws/install/s3_description/share/s3_description/cmake/s3_descriptionConfig-version.cmake
-- Up-to-date: /home/ashish/s3_ws/install/s3_description/share/s3_description/package.xml
