-- Install configuration: ""
-- Up-to-date: /home/ashish/s3_ws/install/s3_description/share/s3_description/launch
-- Installing: /home/ashish/s3_ws/install/s3_description/share/s3_description/launch/display.launch.py
-- Up-to-date: /home/ashish/s3_ws/install/s3_description/share/s3_description/urdf
-- Up-to-date: /home/ashish/s3_ws/install/s3_description/share/s3_description/urdf/s3.urdf.xacro
-- Up-to-date: /home/ashish/s3_ws/install/s3_description/share/ament_index/resource_index/package_run_dependencies/s3_description
-- Up-to-date: /home/ashish/s3_ws/install/s3_description/share/ament_index/resource_index/parent_prefix_path/s3_description
-- Up-to-date: /home/ashish/s3_ws/install/s3_description/share/s3_description/environment/ament_prefix_path.sh
-- Up-to-date: /home/ashish/s3_ws/install/s3_description/share/s3_description/environment/ament_prefix_path.dsv
-- Up-to-date: /home/ashish/s3_ws/install/s3_description/share/s3_description/environment/path.sh
-- Up-to-date: /home/ashish/s3_ws/install/s3_description/share/s3_description/environment/path.dsv
-- Up-to-date: /home/ashish/s3_ws/install/s3_description/share/s3_description/local_setup.bash
-- Up-to-date: /home/ashish/s3_ws/install/s3_description/share/s3_description/local_setup.sh
-- Up-to-date: /home/ashish/s3_ws/install/s3_description/share/s3_description/local_setup.zsh
-- Up-to-date: /home/ashish/s3_ws/install/s3_description/share/s3_description/local_setup.dsv
-- Up-to-date: /home/ashish/s3_ws/install/s3_description/share/s3_description/package.dsv
-- Up-to-date: /home/ashish/s3_ws/install/s3_description/share/ament_index/resource_index/packages/s3_description
-- Up-to-date: /home/ashish/s3_ws/install/s3_description/share/s3_description/cmake/s3_descriptionConfig.cmake
-- Up-to-date: /home/ashish/s3_ws/install/s3_description/share/s3_description/cmake/s3_descriptionConfig-version.cmake
-- Up-to-date: /home/ashish/s3_ws/install/s3_description/share/s3_description/package.xml
