[0.489s] DEBUG:colcon:Command line arguments: ['/usr/bin/colcon', 'build']
[0.489s] DEBUG:colcon:Parsed command line arguments: Namespace(log_base=None, log_level=None, verb_name='build', build_base='build', install_base='install', merge_install=False, symlink_install=False, test_result_base=None, continue_on_error=False, executor='parallel', parallel_workers=2, event_handlers=None, ignore_user_meta=False, metas=['./colcon.meta'], base_paths=['.'], packages_ignore=None, packages_ignore_regex=None, paths=None, packages_up_to=None, packages_up_to_regex=None, packages_above=None, packages_above_and_dependencies=None, packages_above_depth=None, packages_select_by_dep=None, packages_skip_by_dep=None, packages_skip_up_to=None, packages_select_build_failed=False, packages_skip_build_finished=False, packages_select_test_failures=False, packages_skip_test_passed=False, packages_select=None, packages_skip=None, packages_select_regex=None, packages_skip_regex=None, packages_start=None, packages_end=None, allow_overriding=[], cmake_args=None, cmake_target=None, cmake_target_skip_unavailable=False, cmake_clean_cache=False, cmake_clean_first=False, cmake_force_configure=False, ament_cmake_args=None, catkin_cmake_args=None, catkin_skip_building_tests=False, verb_parser=<colcon_defaults.argument_parser.defaults.DefaultArgumentsDecorator object at 0x74a5a8d1bf40>, verb_extension=<colcon_core.verb.build.BuildVerb object at 0x74a5a8e60a90>, main=<bound method BuildVerb.main of <colcon_core.verb.build.BuildVerb object at 0x74a5a8e60a90>>)
[1.001s] Level 1:colcon.colcon_core.package_discovery:discover_packages(colcon_meta) check parameters
[1.001s] Level 1:colcon.colcon_core.package_discovery:discover_packages(recursive) check parameters
[1.002s] Level 1:colcon.colcon_core.package_discovery:discover_packages(ignore) check parameters
[1.002s] Level 1:colcon.colcon_core.package_discovery:discover_packages(path) check parameters
[1.002s] Level 1:colcon.colcon_core.package_discovery:discover_packages(colcon_meta) discover
[1.002s] Level 1:colcon.colcon_core.package_discovery:discover_packages(recursive) discover
[1.002s] INFO:colcon.colcon_core.package_discovery:Crawling recursively for packages in '/home/ashish/s3_ws'
[1.002s] Level 1:colcon.colcon_core.package_identification:_identify(.) by extensions ['ignore', 'ignore_ament_install']
[1.003s] Level 1:colcon.colcon_core.package_identification:_identify(.) by extension 'ignore'
[1.003s] Level 1:colcon.colcon_core.package_identification:_identify(.) by extension 'ignore_ament_install'
[1.003s] Level 1:colcon.colcon_core.package_identification:_identify(.) by extensions ['colcon_pkg']
[1.003s] Level 1:colcon.colcon_core.package_identification:_identify(.) by extension 'colcon_pkg'
[1.003s] Level 1:colcon.colcon_core.package_identification:_identify(.) by extensions ['colcon_meta']
[1.003s] Level 1:colcon.colcon_core.package_identification:_identify(.) by extension 'colcon_meta'
[1.003s] Level 1:colcon.colcon_core.package_identification:_identify(.) by extensions ['ros']
[1.004s] Level 1:colcon.colcon_core.package_identification:_identify(.) by extension 'ros'
[1.060s] Level 1:colcon.colcon_core.package_identification:_identify(.) by extensions ['cmake', 'python']
[1.060s] Level 1:colcon.colcon_core.package_identification:_identify(.) by extension 'cmake'
[1.061s] Level 1:colcon.colcon_core.package_identification:_identify(.) by extension 'python'
[1.061s] Level 1:colcon.colcon_core.package_identification:_identify(.) by extensions ['python_setup_py']
[1.061s] Level 1:colcon.colcon_core.package_identification:_identify(.) by extension 'python_setup_py'
[1.061s] Level 1:colcon.colcon_core.package_identification:_identify(build) by extensions ['ignore', 'ignore_ament_install']
[1.061s] Level 1:colcon.colcon_core.package_identification:_identify(build) by extension 'ignore'
[1.062s] Level 1:colcon.colcon_core.package_identification:_identify(build) ignored
[1.062s] Level 1:colcon.colcon_core.package_identification:_identify(install) by extensions ['ignore', 'ignore_ament_install']
[1.062s] Level 1:colcon.colcon_core.package_identification:_identify(install) by extension 'ignore'
[1.062s] Level 1:colcon.colcon_core.package_identification:_identify(install) ignored
[1.063s] Level 1:colcon.colcon_core.package_identification:_identify(log) by extensions ['ignore', 'ignore_ament_install']
[1.063s] Level 1:colcon.colcon_core.package_identification:_identify(log) by extension 'ignore'
[1.063s] Level 1:colcon.colcon_core.package_identification:_identify(log) ignored
[1.063s] Level 1:colcon.colcon_core.package_identification:_identify(src) by extensions ['ignore', 'ignore_ament_install']
[1.063s] Level 1:colcon.colcon_core.package_identification:_identify(src) by extension 'ignore'
[1.063s] Level 1:colcon.colcon_core.package_identification:_identify(src) by extension 'ignore_ament_install'
[1.064s] Level 1:colcon.colcon_core.package_identification:_identify(src) by extensions ['colcon_pkg']
[1.064s] Level 1:colcon.colcon_core.package_identification:_identify(src) by extension 'colcon_pkg'
[1.064s] Level 1:colcon.colcon_core.package_identification:_identify(src) by extensions ['colcon_meta']
[1.064s] Level 1:colcon.colcon_core.package_identification:_identify(src) by extension 'colcon_meta'
[1.064s] Level 1:colcon.colcon_core.package_identification:_identify(src) by extensions ['ros']
[1.064s] Level 1:colcon.colcon_core.package_identification:_identify(src) by extension 'ros'
[1.065s] Level 1:colcon.colcon_core.package_identification:_identify(src) by extensions ['cmake', 'python']
[1.065s] Level 1:colcon.colcon_core.package_identification:_identify(src) by extension 'cmake'
[1.066s] Level 1:colcon.colcon_core.package_identification:_identify(src) by extension 'python'
[1.066s] Level 1:colcon.colcon_core.package_identification:_identify(src) by extensions ['python_setup_py']
[1.066s] Level 1:colcon.colcon_core.package_identification:_identify(src) by extension 'python_setup_py'
[1.066s] Level 1:colcon.colcon_core.package_identification:_identify(src/s3_controller) by extensions ['ignore', 'ignore_ament_install']
[1.067s] Level 1:colcon.colcon_core.package_identification:_identify(src/s3_controller) by extension 'ignore'
[1.067s] Level 1:colcon.colcon_core.package_identification:_identify(src/s3_controller) by extension 'ignore_ament_install'
[1.067s] Level 1:colcon.colcon_core.package_identification:_identify(src/s3_controller) by extensions ['colcon_pkg']
[1.067s] Level 1:colcon.colcon_core.package_identification:_identify(src/s3_controller) by extension 'colcon_pkg'
[1.067s] Level 1:colcon.colcon_core.package_identification:_identify(src/s3_controller) by extensions ['colcon_meta']
[1.067s] Level 1:colcon.colcon_core.package_identification:_identify(src/s3_controller) by extension 'colcon_meta'
[1.067s] Level 1:colcon.colcon_core.package_identification:_identify(src/s3_controller) by extensions ['ros']
[1.067s] Level 1:colcon.colcon_core.package_identification:_identify(src/s3_controller) by extension 'ros'
[1.077s] DEBUG:colcon.colcon_core.package_identification:Package 'src/s3_controller' with type 'ros.ament_cmake' and name 's3_controller'
[1.077s] Level 1:colcon.colcon_core.package_identification:_identify(src/s3_description) by extensions ['ignore', 'ignore_ament_install']
[1.077s] Level 1:colcon.colcon_core.package_identification:_identify(src/s3_description) by extension 'ignore'
[1.078s] Level 1:colcon.colcon_core.package_identification:_identify(src/s3_description) by extension 'ignore_ament_install'
[1.078s] Level 1:colcon.colcon_core.package_identification:_identify(src/s3_description) by extensions ['colcon_pkg']
[1.078s] Level 1:colcon.colcon_core.package_identification:_identify(src/s3_description) by extension 'colcon_pkg'
[1.078s] Level 1:colcon.colcon_core.package_identification:_identify(src/s3_description) by extensions ['colcon_meta']
[1.078s] Level 1:colcon.colcon_core.package_identification:_identify(src/s3_description) by extension 'colcon_meta'
[1.078s] Level 1:colcon.colcon_core.package_identification:_identify(src/s3_description) by extensions ['ros']
[1.078s] Level 1:colcon.colcon_core.package_identification:_identify(src/s3_description) by extension 'ros'
[1.080s] DEBUG:colcon.colcon_core.package_identification:Package 'src/s3_description' with type 'ros.ament_cmake' and name 's3_description'
[1.081s] Level 1:colcon.colcon_core.package_discovery:discover_packages(recursive) using defaults
[1.081s] Level 1:colcon.colcon_core.package_discovery:discover_packages(ignore) discover
[1.081s] Level 1:colcon.colcon_core.package_discovery:discover_packages(ignore) using defaults
[1.081s] Level 1:colcon.colcon_core.package_discovery:discover_packages(path) discover
[1.081s] Level 1:colcon.colcon_core.package_discovery:discover_packages(path) using defaults
[1.171s] Level 1:colcon.colcon_core.package_discovery:discover_packages(prefix_path) check parameters
[1.171s] Level 1:colcon.colcon_core.package_discovery:discover_packages(prefix_path) discover
[1.179s] DEBUG:colcon.colcon_installed_package_information.package_discovery:Found 2 installed packages in /home/ashish/s3_ws/install
[1.181s] DEBUG:colcon.colcon_installed_package_information.package_discovery:Found 2 installed packages in /home/ashish/arduinobot_ws/install
[1.185s] DEBUG:colcon.colcon_installed_package_information.package_discovery:Found 321 installed packages in /opt/ros/humble
[1.187s] Level 1:colcon.colcon_core.package_discovery:discover_packages(prefix_path) using defaults
[1.383s] Level 5:colcon.colcon_core.verb:set package 's3_controller' build argument 'cmake_args' from command line to 'None'
[1.383s] Level 5:colcon.colcon_core.verb:set package 's3_controller' build argument 'cmake_target' from command line to 'None'
[1.383s] Level 5:colcon.colcon_core.verb:set package 's3_controller' build argument 'cmake_target_skip_unavailable' from command line to 'False'
[1.383s] Level 5:colcon.colcon_core.verb:set package 's3_controller' build argument 'cmake_clean_cache' from command line to 'False'
[1.383s] Level 5:colcon.colcon_core.verb:set package 's3_controller' build argument 'cmake_clean_first' from command line to 'False'
[1.383s] Level 5:colcon.colcon_core.verb:set package 's3_controller' build argument 'cmake_force_configure' from command line to 'False'
[1.384s] Level 5:colcon.colcon_core.verb:set package 's3_controller' build argument 'ament_cmake_args' from command line to 'None'
[1.384s] Level 5:colcon.colcon_core.verb:set package 's3_controller' build argument 'catkin_cmake_args' from command line to 'None'
[1.384s] Level 5:colcon.colcon_core.verb:set package 's3_controller' build argument 'catkin_skip_building_tests' from command line to 'False'
[1.384s] DEBUG:colcon.colcon_core.verb:Building package 's3_controller' with the following arguments: {'ament_cmake_args': None, 'build_base': '/home/ashish/s3_ws/build/s3_controller', 'catkin_cmake_args': None, 'catkin_skip_building_tests': False, 'cmake_args': None, 'cmake_clean_cache': False, 'cmake_clean_first': False, 'cmake_force_configure': False, 'cmake_target': None, 'cmake_target_skip_unavailable': False, 'install_base': '/home/ashish/s3_ws/install/s3_controller', 'merge_install': False, 'path': '/home/ashish/s3_ws/src/s3_controller', 'symlink_install': False, 'test_result_base': None}
[1.385s] Level 5:colcon.colcon_core.verb:set package 's3_description' build argument 'cmake_args' from command line to 'None'
[1.385s] Level 5:colcon.colcon_core.verb:set package 's3_description' build argument 'cmake_target' from command line to 'None'
[1.385s] Level 5:colcon.colcon_core.verb:set package 's3_description' build argument 'cmake_target_skip_unavailable' from command line to 'False'
[1.385s] Level 5:colcon.colcon_core.verb:set package 's3_description' build argument 'cmake_clean_cache' from command line to 'False'
[1.385s] Level 5:colcon.colcon_core.verb:set package 's3_description' build argument 'cmake_clean_first' from command line to 'False'
[1.385s] Level 5:colcon.colcon_core.verb:set package 's3_description' build argument 'cmake_force_configure' from command line to 'False'
[1.385s] Level 5:colcon.colcon_core.verb:set package 's3_description' build argument 'ament_cmake_args' from command line to 'None'
[1.385s] Level 5:colcon.colcon_core.verb:set package 's3_description' build argument 'catkin_cmake_args' from command line to 'None'
[1.385s] Level 5:colcon.colcon_core.verb:set package 's3_description' build argument 'catkin_skip_building_tests' from command line to 'False'
[1.385s] DEBUG:colcon.colcon_core.verb:Building package 's3_description' with the following arguments: {'ament_cmake_args': None, 'build_base': '/home/ashish/s3_ws/build/s3_description', 'catkin_cmake_args': None, 'catkin_skip_building_tests': False, 'cmake_args': None, 'cmake_clean_cache': False, 'cmake_clean_first': False, 'cmake_force_configure': False, 'cmake_target': None, 'cmake_target_skip_unavailable': False, 'install_base': '/home/ashish/s3_ws/install/s3_description', 'merge_install': False, 'path': '/home/ashish/s3_ws/src/s3_description', 'symlink_install': False, 'test_result_base': None}
[1.386s] INFO:colcon.colcon_core.executor:Executing jobs using 'parallel' executor
[1.389s] DEBUG:colcon.colcon_parallel_executor.executor.parallel:run_until_complete
[1.390s] INFO:colcon.colcon_ros.task.ament_cmake.build:Building ROS package in '/home/ashish/s3_ws/src/s3_controller' with build type 'ament_cmake'
[1.390s] INFO:colcon.colcon_cmake.task.cmake.build:Building CMake package in '/home/ashish/s3_ws/src/s3_controller'
[1.412s] INFO:colcon.colcon_core.plugin_system:Skipping extension 'colcon_core.shell.bat': Not used on non-Windows systems
[1.414s] INFO:colcon.colcon_core.shell:Skip shell extension 'powershell' for command environment: Not usable outside of PowerShell
[1.414s] DEBUG:colcon.colcon_core.shell:Skip shell extension 'dsv' for command environment
[1.426s] INFO:colcon.colcon_ros.task.ament_cmake.build:Building ROS package in '/home/ashish/s3_ws/src/s3_description' with build type 'ament_cmake'
[1.426s] INFO:colcon.colcon_cmake.task.cmake.build:Building CMake package in '/home/ashish/s3_ws/src/s3_description'
[1.426s] INFO:colcon.colcon_core.shell:Skip shell extension 'powershell' for command environment: Not usable outside of PowerShell
[1.427s] DEBUG:colcon.colcon_core.shell:Skip shell extension 'dsv' for command environment
[1.476s] DEBUG:colcon.colcon_core.event_handler.log_command:Invoking command in '/home/ashish/s3_ws/build/s3_controller': CMAKE_PREFIX_PATH=${CMAKE_PREFIX_PATH}:/opt/ros/humble /usr/bin/cmake --build /home/ashish/s3_ws/build/s3_controller -- -j2 -l2
[1.504s] DEBUG:colcon.colcon_core.event_handler.log_command:Invoking command in '/home/ashish/s3_ws/build/s3_description': CMAKE_PREFIX_PATH=${CMAKE_PREFIX_PATH}:/opt/ros/humble /usr/bin/cmake --build /home/ashish/s3_ws/build/s3_description -- -j2 -l2
[1.698s] DEBUG:colcon.colcon_core.event_handler.log_command:Invoked command in '/home/ashish/s3_ws/build/s3_description' returned '0': CMAKE_PREFIX_PATH=${CMAKE_PREFIX_PATH}:/opt/ros/humble /usr/bin/cmake --build /home/ashish/s3_ws/build/s3_description -- -j2 -l2
[1.748s] DEBUG:colcon.colcon_core.event_handler.log_command:Invoked command in '/home/ashish/s3_ws/build/s3_controller' returned '0': CMAKE_PREFIX_PATH=${CMAKE_PREFIX_PATH}:/opt/ros/humble /usr/bin/cmake --build /home/ashish/s3_ws/build/s3_controller -- -j2 -l2
[1.786s] DEBUG:colcon.colcon_core.event_handler.log_command:Invoking command in '/home/ashish/s3_ws/build/s3_description': CMAKE_PREFIX_PATH=${CMAKE_PREFIX_PATH}:/opt/ros/humble /usr/bin/cmake --install /home/ashish/s3_ws/build/s3_description
[1.808s] DEBUG:colcon.colcon_core.event_handler.log_command:Invoking command in '/home/ashish/s3_ws/build/s3_controller': CMAKE_PREFIX_PATH=${CMAKE_PREFIX_PATH}:/opt/ros/humble /usr/bin/cmake --install /home/ashish/s3_ws/build/s3_controller
[1.846s] Level 1:colcon.colcon_core.environment:create_environment_scripts_only(s3_description)
[1.848s] DEBUG:colcon.colcon_core.event_handler.log_command:Invoked command in '/home/ashish/s3_ws/build/s3_description' returned '0': CMAKE_PREFIX_PATH=${CMAKE_PREFIX_PATH}:/opt/ros/humble /usr/bin/cmake --install /home/ashish/s3_ws/build/s3_description
[1.861s] Level 1:colcon.colcon_core.environment:checking '/home/ashish/s3_ws/install/s3_description' for CMake module files
[1.861s] Level 1:colcon.colcon_core.environment:checking '/home/ashish/s3_ws/install/s3_description' for CMake config files
[1.862s] Level 1:colcon.colcon_core.shell:create_environment_hook('s3_description', 'cmake_prefix_path')
[1.862s] INFO:colcon.colcon_core.shell:Creating environment hook '/home/ashish/s3_ws/install/s3_description/share/s3_description/hook/cmake_prefix_path.ps1'
[1.864s] INFO:colcon.colcon_core.shell:Creating environment descriptor '/home/ashish/s3_ws/install/s3_description/share/s3_description/hook/cmake_prefix_path.dsv'
[1.865s] INFO:colcon.colcon_core.shell:Creating environment hook '/home/ashish/s3_ws/install/s3_description/share/s3_description/hook/cmake_prefix_path.sh'
[1.867s] Level 1:colcon.colcon_core.environment:checking '/home/ashish/s3_ws/install/s3_description/bin'
[1.867s] Level 1:colcon.colcon_core.environment:checking '/home/ashish/s3_ws/install/s3_description/lib/pkgconfig/s3_description.pc'
[1.867s] Level 1:colcon.colcon_core.environment:checking '/home/ashish/s3_ws/install/s3_description/lib/python3.10/site-packages'
[1.867s] Level 1:colcon.colcon_core.environment:checking '/home/ashish/s3_ws/install/s3_description/bin'
[1.868s] INFO:colcon.colcon_core.shell:Creating package script '/home/ashish/s3_ws/install/s3_description/share/s3_description/package.ps1'
[1.869s] INFO:colcon.colcon_core.shell:Creating package descriptor '/home/ashish/s3_ws/install/s3_description/share/s3_description/package.dsv'
[1.870s] INFO:colcon.colcon_core.shell:Creating package script '/home/ashish/s3_ws/install/s3_description/share/s3_description/package.sh'
[1.871s] INFO:colcon.colcon_core.shell:Creating package script '/home/ashish/s3_ws/install/s3_description/share/s3_description/package.bash'
[1.873s] INFO:colcon.colcon_core.shell:Creating package script '/home/ashish/s3_ws/install/s3_description/share/s3_description/package.zsh'
[1.875s] Level 1:colcon.colcon_core.environment:create_file_with_runtime_dependencies(/home/ashish/s3_ws/install/s3_description/share/colcon-core/packages/s3_description)
[1.877s] Level 1:colcon.colcon_core.environment:create_environment_scripts_only(s3_controller)
[1.877s] Level 1:colcon.colcon_core.environment:checking '/home/ashish/s3_ws/install/s3_controller' for CMake module files
[1.879s] DEBUG:colcon.colcon_core.event_handler.log_command:Invoked command in '/home/ashish/s3_ws/build/s3_controller' returned '0': CMAKE_PREFIX_PATH=${CMAKE_PREFIX_PATH}:/opt/ros/humble /usr/bin/cmake --install /home/ashish/s3_ws/build/s3_controller
[1.881s] Level 1:colcon.colcon_core.environment:checking '/home/ashish/s3_ws/install/s3_controller' for CMake config files
[1.882s] Level 1:colcon.colcon_core.shell:create_environment_hook('s3_controller', 'cmake_prefix_path')
[1.883s] INFO:colcon.colcon_core.shell:Creating environment hook '/home/ashish/s3_ws/install/s3_controller/share/s3_controller/hook/cmake_prefix_path.ps1'
[1.885s] INFO:colcon.colcon_core.shell:Creating environment descriptor '/home/ashish/s3_ws/install/s3_controller/share/s3_controller/hook/cmake_prefix_path.dsv'
[1.886s] INFO:colcon.colcon_core.shell:Creating environment hook '/home/ashish/s3_ws/install/s3_controller/share/s3_controller/hook/cmake_prefix_path.sh'
[1.890s] Level 1:colcon.colcon_core.environment:checking '/home/ashish/s3_ws/install/s3_controller/bin'
[1.890s] Level 1:colcon.colcon_core.environment:checking '/home/ashish/s3_ws/install/s3_controller/lib/pkgconfig/s3_controller.pc'
[1.891s] Level 1:colcon.colcon_core.environment:checking '/home/ashish/s3_ws/install/s3_controller/lib/python3.10/site-packages'
[1.891s] Level 1:colcon.colcon_core.environment:checking '/home/ashish/s3_ws/install/s3_controller/bin'
[1.892s] INFO:colcon.colcon_core.shell:Creating package script '/home/ashish/s3_ws/install/s3_controller/share/s3_controller/package.ps1'
[1.895s] INFO:colcon.colcon_core.shell:Creating package descriptor '/home/ashish/s3_ws/install/s3_controller/share/s3_controller/package.dsv'
[1.896s] INFO:colcon.colcon_core.shell:Creating package script '/home/ashish/s3_ws/install/s3_controller/share/s3_controller/package.sh'
[1.897s] INFO:colcon.colcon_core.shell:Creating package script '/home/ashish/s3_ws/install/s3_controller/share/s3_controller/package.bash'
[1.897s] INFO:colcon.colcon_core.shell:Creating package script '/home/ashish/s3_ws/install/s3_controller/share/s3_controller/package.zsh'
[1.898s] Level 1:colcon.colcon_core.environment:create_file_with_runtime_dependencies(/home/ashish/s3_ws/install/s3_controller/share/colcon-core/packages/s3_controller)
[1.939s] Level 1:colcon.colcon_core.environment:create_environment_scripts_only(s3_description)
[1.941s] Level 1:colcon.colcon_core.environment:checking '/home/ashish/s3_ws/install/s3_description' for CMake module files
[1.942s] Level 1:colcon.colcon_core.environment:checking '/home/ashish/s3_ws/install/s3_description' for CMake config files
[1.943s] Level 1:colcon.colcon_core.shell:create_environment_hook('s3_description', 'cmake_prefix_path')
[1.943s] INFO:colcon.colcon_core.shell:Creating environment hook '/home/ashish/s3_ws/install/s3_description/share/s3_description/hook/cmake_prefix_path.ps1'
[1.945s] INFO:colcon.colcon_core.shell:Creating environment descriptor '/home/ashish/s3_ws/install/s3_description/share/s3_description/hook/cmake_prefix_path.dsv'
[1.946s] INFO:colcon.colcon_core.shell:Creating environment hook '/home/ashish/s3_ws/install/s3_description/share/s3_description/hook/cmake_prefix_path.sh'
[1.948s] Level 1:colcon.colcon_core.environment:checking '/home/ashish/s3_ws/install/s3_description/bin'
[1.949s] Level 1:colcon.colcon_core.environment:checking '/home/ashish/s3_ws/install/s3_description/lib/pkgconfig/s3_description.pc'
[1.949s] Level 1:colcon.colcon_core.environment:checking '/home/ashish/s3_ws/install/s3_description/lib/python3.10/site-packages'
[1.950s] Level 1:colcon.colcon_core.environment:checking '/home/ashish/s3_ws/install/s3_description/bin'
[1.951s] INFO:colcon.colcon_core.shell:Creating package script '/home/ashish/s3_ws/install/s3_description/share/s3_description/package.ps1'
[1.953s] INFO:colcon.colcon_core.shell:Creating package descriptor '/home/ashish/s3_ws/install/s3_description/share/s3_description/package.dsv'
[1.955s] INFO:colcon.colcon_core.shell:Creating package script '/home/ashish/s3_ws/install/s3_description/share/s3_description/package.sh'
[1.959s] INFO:colcon.colcon_core.shell:Creating package script '/home/ashish/s3_ws/install/s3_description/share/s3_description/package.bash'
[1.962s] INFO:colcon.colcon_core.shell:Creating package script '/home/ashish/s3_ws/install/s3_description/share/s3_description/package.zsh'
[1.963s] Level 1:colcon.colcon_core.environment:create_file_with_runtime_dependencies(/home/ashish/s3_ws/install/s3_description/share/colcon-core/packages/s3_description)
[1.968s] Level 1:colcon.colcon_core.environment:create_environment_scripts_only(s3_controller)
[1.969s] Level 1:colcon.colcon_core.environment:checking '/home/ashish/s3_ws/install/s3_controller' for CMake module files
[1.972s] Level 1:colcon.colcon_core.environment:checking '/home/ashish/s3_ws/install/s3_controller' for CMake config files
[1.972s] Level 1:colcon.colcon_core.shell:create_environment_hook('s3_controller', 'cmake_prefix_path')
[1.972s] INFO:colcon.colcon_core.shell:Creating environment hook '/home/ashish/s3_ws/install/s3_controller/share/s3_controller/hook/cmake_prefix_path.ps1'
[1.974s] INFO:colcon.colcon_core.shell:Creating environment descriptor '/home/ashish/s3_ws/install/s3_controller/share/s3_controller/hook/cmake_prefix_path.dsv'
[1.974s] INFO:colcon.colcon_core.shell:Creating environment hook '/home/ashish/s3_ws/install/s3_controller/share/s3_controller/hook/cmake_prefix_path.sh'
[1.977s] Level 1:colcon.colcon_core.environment:checking '/home/ashish/s3_ws/install/s3_controller/bin'
[1.978s] Level 1:colcon.colcon_core.environment:checking '/home/ashish/s3_ws/install/s3_controller/lib/pkgconfig/s3_controller.pc'
[1.979s] Level 1:colcon.colcon_core.environment:checking '/home/ashish/s3_ws/install/s3_controller/lib/python3.10/site-packages'
[1.979s] Level 1:colcon.colcon_core.environment:checking '/home/ashish/s3_ws/install/s3_controller/bin'
[1.980s] INFO:colcon.colcon_core.shell:Creating package script '/home/ashish/s3_ws/install/s3_controller/share/s3_controller/package.ps1'
[1.981s] INFO:colcon.colcon_core.shell:Creating package descriptor '/home/ashish/s3_ws/install/s3_controller/share/s3_controller/package.dsv'
[1.982s] INFO:colcon.colcon_core.shell:Creating package script '/home/ashish/s3_ws/install/s3_controller/share/s3_controller/package.sh'
[1.984s] INFO:colcon.colcon_core.shell:Creating package script '/home/ashish/s3_ws/install/s3_controller/share/s3_controller/package.bash'
[1.985s] INFO:colcon.colcon_core.shell:Creating package script '/home/ashish/s3_ws/install/s3_controller/share/s3_controller/package.zsh'
[1.986s] Level 1:colcon.colcon_core.environment:create_file_with_runtime_dependencies(/home/ashish/s3_ws/install/s3_controller/share/colcon-core/packages/s3_controller)
[1.986s] DEBUG:colcon.colcon_parallel_executor.executor.parallel:closing loop
[1.986s] DEBUG:colcon.colcon_parallel_executor.executor.parallel:loop closed
[1.988s] DEBUG:colcon.colcon_parallel_executor.executor.parallel:run_until_complete finished with '0'
[1.988s] DEBUG:colcon.colcon_core.event_reactor:joining thread
[2.023s] INFO:colcon.colcon_core.plugin_system:Skipping extension 'colcon_notification.desktop_notification.terminal_notifier': Not used on non-Darwin systems
[2.023s] INFO:colcon.colcon_core.plugin_system:Skipping extension 'colcon_notification.desktop_notification.win32': Not used on non-Windows systems
[2.023s] INFO:colcon.colcon_notification.desktop_notification:Sending desktop notification using 'notify2'
[2.227s] DEBUG:colcon.colcon_core.event_reactor:joined thread
[2.227s] INFO:colcon.colcon_core.shell:Creating prefix script '/home/ashish/s3_ws/install/local_setup.ps1'
[2.229s] INFO:colcon.colcon_core.shell:Creating prefix util module '/home/ashish/s3_ws/install/_local_setup_util_ps1.py'
[2.232s] INFO:colcon.colcon_core.shell:Creating prefix chain script '/home/ashish/s3_ws/install/setup.ps1'
[2.236s] INFO:colcon.colcon_core.shell:Creating prefix script '/home/ashish/s3_ws/install/local_setup.sh'
[2.239s] INFO:colcon.colcon_core.shell:Creating prefix util module '/home/ashish/s3_ws/install/_local_setup_util_sh.py'
[2.251s] INFO:colcon.colcon_core.shell:Creating prefix chain script '/home/ashish/s3_ws/install/setup.sh'
[2.259s] INFO:colcon.colcon_core.shell:Creating prefix script '/home/ashish/s3_ws/install/local_setup.bash'
[2.262s] INFO:colcon.colcon_core.shell:Creating prefix chain script '/home/ashish/s3_ws/install/setup.bash'
[2.265s] INFO:colcon.colcon_core.shell:Creating prefix script '/home/ashish/s3_ws/install/local_setup.zsh'
[2.268s] INFO:colcon.colcon_core.shell:Creating prefix chain script '/home/ashish/s3_ws/install/setup.zsh'
