[0.030s] Invoking command in '/home/ashish/s3_ws/build/s3_description': CMAKE_PREFIX_PATH=${CMAKE_PREFIX_PATH}:/opt/ros/humble /usr/bin/cmake /home/ashish/s3_ws/src/s3_description -DCMAKE_INSTALL_PREFIX=/home/ashish/s3_ws/install/s3_description
[0.289s] -- The C compiler identification is GNU 11.4.0
[0.471s] -- The CXX compiler identification is GNU 11.4.0
[0.503s] -- Detecting C compiler ABI info
[0.692s] -- Detecting C compiler ABI info - done
[0.731s] -- Check for working C compiler: /usr/bin/cc - skipped
[0.735s] -- Detecting C compile features
[0.737s] -- Detecting C compile features - done
[0.756s] -- Detecting CXX compiler ABI info
[0.904s] -- Detecting CXX compiler ABI info - done
[0.911s] -- Check for working CXX compiler: /usr/bin/c++ - skipped
[0.911s] -- Detecting CXX compile features
[0.911s] -- Detecting CXX compile features - done
[0.940s] -- Found ament_cmake: 1.3.10 (/opt/ros/humble/share/ament_cmake/cmake)
[1.184s] -- Found Python3: /usr/bin/python3 (found version "3.10.12") found components: Interpreter 
[1.432s] -- Found ament_lint_auto: 0.12.11 (/opt/ros/humble/share/ament_lint_auto/cmake)
[1.600s] -- Added test 'lint_cmake' to check CMake code style
[1.604s] -- Added test 'xmllint' to check XML markup files
[1.609s] -- Configuring done
[1.615s] -- Generating done
[1.617s] -- Build files have been written to: /home/ashish/s3_ws/build/s3_description
[1.628s] Invoked command in '/home/ashish/s3_ws/build/s3_description' returned '0': CMAKE_PREFIX_PATH=${CMAKE_PREFIX_PATH}:/opt/ros/humble /usr/bin/cmake /home/ashish/s3_ws/src/s3_description -DCMAKE_INSTALL_PREFIX=/home/ashish/s3_ws/install/s3_description
[1.630s] Invoking command in '/home/ashish/s3_ws/build/s3_description': CMAKE_PREFIX_PATH=${CMAKE_PREFIX_PATH}:/opt/ros/humble /usr/bin/cmake --build /home/ashish/s3_ws/build/s3_description -- -j2 -l2
[1.693s] Invoked command in '/home/ashish/s3_ws/build/s3_description' returned '0': CMAKE_PREFIX_PATH=${CMAKE_PREFIX_PATH}:/opt/ros/humble /usr/bin/cmake --build /home/ashish/s3_ws/build/s3_description -- -j2 -l2
[1.768s] Invoking command in '/home/ashish/s3_ws/build/s3_description': CMAKE_PREFIX_PATH=${CMAKE_PREFIX_PATH}:/opt/ros/humble /usr/bin/cmake --install /home/ashish/s3_ws/build/s3_description
[1.789s] -- Install configuration: ""
[1.790s] -- Installing: /home/ashish/s3_ws/install/s3_description/share/ament_index/resource_index/package_run_dependencies/s3_description
[1.791s] -- Installing: /home/ashish/s3_ws/install/s3_description/share/ament_index/resource_index/parent_prefix_path/s3_description
[1.791s] -- Installing: /home/ashish/s3_ws/install/s3_description/share/s3_description/environment/ament_prefix_path.sh
[1.793s] -- Installing: /home/ashish/s3_ws/install/s3_description/share/s3_description/environment/ament_prefix_path.dsv
[1.794s] -- Installing: /home/ashish/s3_ws/install/s3_description/share/s3_description/environment/path.sh
[1.795s] -- Installing: /home/ashish/s3_ws/install/s3_description/share/s3_description/environment/path.dsv
[1.795s] -- Installing: /home/ashish/s3_ws/install/s3_description/share/s3_description/local_setup.bash
[1.796s] -- Installing: /home/ashish/s3_ws/install/s3_description/share/s3_description/local_setup.sh
[1.796s] -- Installing: /home/ashish/s3_ws/install/s3_description/share/s3_description/local_setup.zsh
[1.797s] -- Installing: /home/ashish/s3_ws/install/s3_description/share/s3_description/local_setup.dsv
[1.797s] -- Installing: /home/ashish/s3_ws/install/s3_description/share/s3_description/package.dsv
[1.798s] -- Installing: /home/ashish/s3_ws/install/s3_description/share/ament_index/resource_index/packages/s3_description
[1.798s] -- Installing: /home/ashish/s3_ws/install/s3_description/share/s3_description/cmake/s3_descriptionConfig.cmake
[1.798s] -- Installing: /home/ashish/s3_ws/install/s3_description/share/s3_description/cmake/s3_descriptionConfig-version.cmake
[1.799s] -- Installing: /home/ashish/s3_ws/install/s3_description/share/s3_description/package.xml
[1.806s] Invoked command in '/home/ashish/s3_ws/build/s3_description' returned '0': CMAKE_PREFIX_PATH=${CMAKE_PREFIX_PATH}:/opt/ros/humble /usr/bin/cmake --install /home/ashish/s3_ws/build/s3_description
