[0.050s] Invoking command in '/home/ashish/s3_ws/build/s3_description': CMAKE_PREFIX_PATH=${CMAKE_PREFIX_PATH}:/opt/ros/humble /usr/bin/cmake --build /home/ashish/s3_ws/build/s3_description -- -j2 -l2
[0.180s] Invoked command in '/home/ashish/s3_ws/build/s3_description' returned '0': CMAKE_PREFIX_PATH=${CMAKE_PREFIX_PATH}:/opt/ros/humble /usr/bin/cmake --build /home/ashish/s3_ws/build/s3_description -- -j2 -l2
[0.268s] Invoking command in '/home/ashish/s3_ws/build/s3_description': CMAKE_PREFIX_PATH=${CMAKE_PREFIX_PATH}:/opt/ros/humble /usr/bin/cmake --install /home/ashish/s3_ws/build/s3_description
[0.294s] -- Install configuration: ""
[0.297s] -- Up-to-date: /home/ashish/s3_ws/install/s3_description/share/s3_description/launch
[0.299s] -- Up-to-date: /home/ashish/s3_ws/install/s3_description/share/s3_description/launch/gazebo.launch.py
[0.299s] -- Up-to-date: /home/ashish/s3_ws/install/s3_description/share/s3_description/launch/display.launch.py
[0.301s] -- Up-to-date: /home/ashish/s3_ws/install/s3_description/share/s3_description/urdf
[0.302s] -- Up-to-date: /home/ashish/s3_ws/install/s3_description/share/s3_description/urdf/s3_gazebo.xacro
[0.303s] -- Up-to-date: /home/ashish/s3_ws/install/s3_description/share/s3_description/urdf/s3_ros2_control.xacro
[0.304s] -- Up-to-date: /home/ashish/s3_ws/install/s3_description/share/s3_description/urdf/s3.urdf.xacro
[0.304s] -- Up-to-date: /home/ashish/s3_ws/install/s3_description/share/s3_description/rviz
[0.307s] -- Up-to-date: /home/ashish/s3_ws/install/s3_description/share/s3_description/rviz/display.rviz
[0.307s] -- Up-to-date: /home/ashish/s3_ws/install/s3_description/share/s3_description/models
[0.309s] -- Up-to-date: /home/ashish/s3_ws/install/s3_description/share/s3_description/models/sun
[0.315s] -- Up-to-date: /home/ashish/s3_ws/install/s3_description/share/s3_description/models/sun/model.sdf
[0.319s] -- Up-to-date: /home/ashish/s3_ws/install/s3_description/share/s3_description/models/sun/model.config
[0.320s] -- Up-to-date: /home/ashish/s3_ws/install/s3_description/share/s3_description/models/sun/model-1_4.sdf
[0.321s] -- Up-to-date: /home/ashish/s3_ws/install/s3_description/share/s3_description/models/sun/model-1_2.sdf
[0.326s] -- Up-to-date: /home/ashish/s3_ws/install/s3_description/share/s3_description/models/sun/model-1_3.sdf
[0.329s] -- Up-to-date: /home/ashish/s3_ws/install/s3_description/share/s3_description/models/ground_plane
[0.330s] -- Up-to-date: /home/ashish/s3_ws/install/s3_description/share/s3_description/models/ground_plane/model.sdf
[0.331s] -- Up-to-date: /home/ashish/s3_ws/install/s3_description/share/s3_description/models/ground_plane/model.config
[0.332s] -- Up-to-date: /home/ashish/s3_ws/install/s3_description/share/s3_description/models/ground_plane/model-1_4.sdf
[0.332s] -- Up-to-date: /home/ashish/s3_ws/install/s3_description/share/s3_description/models/ground_plane/model-1_2.sdf
[0.335s] -- Up-to-date: /home/ashish/s3_ws/install/s3_description/share/s3_description/models/ground_plane/model-1_3.sdf
[0.335s] -- Up-to-date: /home/ashish/s3_ws/install/s3_description/share/ament_index/resource_index/package_run_dependencies/s3_description
[0.338s] -- Up-to-date: /home/ashish/s3_ws/install/s3_description/share/ament_index/resource_index/parent_prefix_path/s3_description
[0.339s] -- Up-to-date: /home/ashish/s3_ws/install/s3_description/share/s3_description/environment/ament_prefix_path.sh
[0.339s] -- Up-to-date: /home/ashish/s3_ws/install/s3_description/share/s3_description/environment/ament_prefix_path.dsv
[0.340s] -- Up-to-date: /home/ashish/s3_ws/install/s3_description/share/s3_description/environment/path.sh
[0.341s] -- Up-to-date: /home/ashish/s3_ws/install/s3_description/share/s3_description/environment/path.dsv
[0.342s] -- Up-to-date: /home/ashish/s3_ws/install/s3_description/share/s3_description/local_setup.bash
[0.343s] -- Up-to-date: /home/ashish/s3_ws/install/s3_description/share/s3_description/local_setup.sh
[0.343s] -- Up-to-date: /home/ashish/s3_ws/install/s3_description/share/s3_description/local_setup.zsh
[0.344s] -- Up-to-date: /home/ashish/s3_ws/install/s3_description/share/s3_description/local_setup.dsv
[0.344s] -- Installing: /home/ashish/s3_ws/install/s3_description/share/s3_description/package.dsv
[0.345s] -- Up-to-date: /home/ashish/s3_ws/install/s3_description/share/ament_index/resource_index/packages/s3_description
[0.345s] -- Up-to-date: /home/ashish/s3_ws/install/s3_description/share/s3_description/cmake/s3_descriptionConfig.cmake
[0.345s] -- Up-to-date: /home/ashish/s3_ws/install/s3_description/share/s3_description/cmake/s3_descriptionConfig-version.cmake
[0.345s] -- Up-to-date: /home/ashish/s3_ws/install/s3_description/share/s3_description/package.xml
[0.397s] Invoked command in '/home/ashish/s3_ws/build/s3_description' returned '0': CMAKE_PREFIX_PATH=${CMAKE_PREFIX_PATH}:/opt/ros/humble /usr/bin/cmake --install /home/ashish/s3_ws/build/s3_description
