[0.386s] DEBUG:colcon:Command line arguments: ['/usr/bin/colcon', 'build']
[0.386s] DEBUG:colcon:Parsed command line arguments: Namespace(log_base=None, log_level=None, verb_name='build', build_base='build', install_base='install', merge_install=False, symlink_install=False, test_result_base=None, continue_on_error=False, executor='parallel', parallel_workers=2, event_handlers=None, ignore_user_meta=False, metas=['./colcon.meta'], base_paths=['.'], packages_ignore=None, packages_ignore_regex=None, paths=None, packages_up_to=None, packages_up_to_regex=None, packages_above=None, packages_above_and_dependencies=None, packages_above_depth=None, packages_select_by_dep=None, packages_skip_by_dep=None, packages_skip_up_to=None, packages_select_build_failed=False, packages_skip_build_finished=False, packages_select_test_failures=False, packages_skip_test_passed=False, packages_select=None, packages_skip=None, packages_select_regex=None, packages_skip_regex=None, packages_start=None, packages_end=None, allow_overriding=[], cmake_args=None, cmake_target=None, cmake_target_skip_unavailable=False, cmake_clean_cache=False, cmake_clean_first=False, cmake_force_configure=False, ament_cmake_args=None, catkin_cmake_args=None, catkin_skip_building_tests=False, verb_parser=<colcon_defaults.argument_parser.defaults.DefaultArgumentsDecorator object at 0x79b8e291ff10>, verb_extension=<colcon_core.verb.build.BuildVerb object at 0x79b8e2a64a60>, main=<bound method BuildVerb.main of <colcon_core.verb.build.BuildVerb object at 0x79b8e2a64a60>>)
[0.643s] Level 1:colcon.colcon_core.package_discovery:discover_packages(colcon_meta) check parameters
[0.643s] Level 1:colcon.colcon_core.package_discovery:discover_packages(recursive) check parameters
[0.643s] Level 1:colcon.colcon_core.package_discovery:discover_packages(ignore) check parameters
[0.643s] Level 1:colcon.colcon_core.package_discovery:discover_packages(path) check parameters
[0.644s] Level 1:colcon.colcon_core.package_discovery:discover_packages(colcon_meta) discover
[0.644s] Level 1:colcon.colcon_core.package_discovery:discover_packages(recursive) discover
[0.644s] INFO:colcon.colcon_core.package_discovery:Crawling recursively for packages in '/home/ashish/s3_ws'
[0.644s] Level 1:colcon.colcon_core.package_identification:_identify(.) by extensions ['ignore', 'ignore_ament_install']
[0.644s] Level 1:colcon.colcon_core.package_identification:_identify(.) by extension 'ignore'
[0.644s] Level 1:colcon.colcon_core.package_identification:_identify(.) by extension 'ignore_ament_install'
[0.644s] Level 1:colcon.colcon_core.package_identification:_identify(.) by extensions ['colcon_pkg']
[0.644s] Level 1:colcon.colcon_core.package_identification:_identify(.) by extension 'colcon_pkg'
[0.644s] Level 1:colcon.colcon_core.package_identification:_identify(.) by extensions ['colcon_meta']
[0.644s] Level 1:colcon.colcon_core.package_identification:_identify(.) by extension 'colcon_meta'
[0.645s] Level 1:colcon.colcon_core.package_identification:_identify(.) by extensions ['ros']
[0.645s] Level 1:colcon.colcon_core.package_identification:_identify(.) by extension 'ros'
[0.661s] Level 1:colcon.colcon_core.package_identification:_identify(.) by extensions ['cmake', 'python']
[0.661s] Level 1:colcon.colcon_core.package_identification:_identify(.) by extension 'cmake'
[0.662s] Level 1:colcon.colcon_core.package_identification:_identify(.) by extension 'python'
[0.662s] Level 1:colcon.colcon_core.package_identification:_identify(.) by extensions ['python_setup_py']
[0.662s] Level 1:colcon.colcon_core.package_identification:_identify(.) by extension 'python_setup_py'
[0.662s] Level 1:colcon.colcon_core.package_identification:_identify(build) by extensions ['ignore', 'ignore_ament_install']
[0.662s] Level 1:colcon.colcon_core.package_identification:_identify(build) by extension 'ignore'
[0.662s] Level 1:colcon.colcon_core.package_identification:_identify(build) ignored
[0.662s] Level 1:colcon.colcon_core.package_identification:_identify(install) by extensions ['ignore', 'ignore_ament_install']
[0.662s] Level 1:colcon.colcon_core.package_identification:_identify(install) by extension 'ignore'
[0.662s] Level 1:colcon.colcon_core.package_identification:_identify(install) ignored
[0.662s] Level 1:colcon.colcon_core.package_identification:_identify(log) by extensions ['ignore', 'ignore_ament_install']
[0.662s] Level 1:colcon.colcon_core.package_identification:_identify(log) by extension 'ignore'
[0.662s] Level 1:colcon.colcon_core.package_identification:_identify(log) ignored
[0.663s] Level 1:colcon.colcon_core.package_identification:_identify(src) by extensions ['ignore', 'ignore_ament_install']
[0.663s] Level 1:colcon.colcon_core.package_identification:_identify(src) by extension 'ignore'
[0.663s] Level 1:colcon.colcon_core.package_identification:_identify(src) by extension 'ignore_ament_install'
[0.663s] Level 1:colcon.colcon_core.package_identification:_identify(src) by extensions ['colcon_pkg']
[0.663s] Level 1:colcon.colcon_core.package_identification:_identify(src) by extension 'colcon_pkg'
[0.663s] Level 1:colcon.colcon_core.package_identification:_identify(src) by extensions ['colcon_meta']
[0.663s] Level 1:colcon.colcon_core.package_identification:_identify(src) by extension 'colcon_meta'
[0.663s] Level 1:colcon.colcon_core.package_identification:_identify(src) by extensions ['ros']
[0.663s] Level 1:colcon.colcon_core.package_identification:_identify(src) by extension 'ros'
[0.663s] Level 1:colcon.colcon_core.package_identification:_identify(src) by extensions ['cmake', 'python']
[0.663s] Level 1:colcon.colcon_core.package_identification:_identify(src) by extension 'cmake'
[0.663s] Level 1:colcon.colcon_core.package_identification:_identify(src) by extension 'python'
[0.663s] Level 1:colcon.colcon_core.package_identification:_identify(src) by extensions ['python_setup_py']
[0.663s] Level 1:colcon.colcon_core.package_identification:_identify(src) by extension 'python_setup_py'
[0.663s] Level 1:colcon.colcon_core.package_identification:_identify(src/s3_controller) by extensions ['ignore', 'ignore_ament_install']
[0.663s] Level 1:colcon.colcon_core.package_identification:_identify(src/s3_controller) by extension 'ignore'
[0.663s] Level 1:colcon.colcon_core.package_identification:_identify(src/s3_controller) by extension 'ignore_ament_install'
[0.663s] Level 1:colcon.colcon_core.package_identification:_identify(src/s3_controller) by extensions ['colcon_pkg']
[0.663s] Level 1:colcon.colcon_core.package_identification:_identify(src/s3_controller) by extension 'colcon_pkg'
[0.663s] Level 1:colcon.colcon_core.package_identification:_identify(src/s3_controller) by extensions ['colcon_meta']
[0.663s] Level 1:colcon.colcon_core.package_identification:_identify(src/s3_controller) by extension 'colcon_meta'
[0.664s] Level 1:colcon.colcon_core.package_identification:_identify(src/s3_controller) by extensions ['ros']
[0.664s] Level 1:colcon.colcon_core.package_identification:_identify(src/s3_controller) by extension 'ros'
[0.666s] DEBUG:colcon.colcon_core.package_identification:Package 'src/s3_controller' with type 'ros.ament_cmake' and name 's3_controller'
[0.666s] Level 1:colcon.colcon_core.package_identification:_identify(src/s3_description) by extensions ['ignore', 'ignore_ament_install']
[0.666s] Level 1:colcon.colcon_core.package_identification:_identify(src/s3_description) by extension 'ignore'
[0.666s] Level 1:colcon.colcon_core.package_identification:_identify(src/s3_description) by extension 'ignore_ament_install'
[0.667s] Level 1:colcon.colcon_core.package_identification:_identify(src/s3_description) by extensions ['colcon_pkg']
[0.667s] Level 1:colcon.colcon_core.package_identification:_identify(src/s3_description) by extension 'colcon_pkg'
[0.667s] Level 1:colcon.colcon_core.package_identification:_identify(src/s3_description) by extensions ['colcon_meta']
[0.667s] Level 1:colcon.colcon_core.package_identification:_identify(src/s3_description) by extension 'colcon_meta'
[0.667s] Level 1:colcon.colcon_core.package_identification:_identify(src/s3_description) by extensions ['ros']
[0.667s] Level 1:colcon.colcon_core.package_identification:_identify(src/s3_description) by extension 'ros'
[0.667s] DEBUG:colcon.colcon_core.package_identification:Package 'src/s3_description' with type 'ros.ament_cmake' and name 's3_description'
[0.667s] Level 1:colcon.colcon_core.package_discovery:discover_packages(recursive) using defaults
[0.668s] Level 1:colcon.colcon_core.package_discovery:discover_packages(ignore) discover
[0.668s] Level 1:colcon.colcon_core.package_discovery:discover_packages(ignore) using defaults
[0.668s] Level 1:colcon.colcon_core.package_discovery:discover_packages(path) discover
[0.668s] Level 1:colcon.colcon_core.package_discovery:discover_packages(path) using defaults
[0.690s] Level 1:colcon.colcon_core.package_discovery:discover_packages(prefix_path) check parameters
[0.690s] Level 1:colcon.colcon_core.package_discovery:discover_packages(prefix_path) discover
[0.703s] DEBUG:colcon.colcon_installed_package_information.package_discovery:Found 2 installed packages in /home/ashish/s3_ws/install
[0.704s] DEBUG:colcon.colcon_installed_package_information.package_discovery:Found 2 installed packages in /home/ashish/arduinobot_ws/install
[0.707s] DEBUG:colcon.colcon_installed_package_information.package_discovery:Found 321 installed packages in /opt/ros/humble
[0.711s] Level 1:colcon.colcon_core.package_discovery:discover_packages(prefix_path) using defaults
[0.802s] Level 5:colcon.colcon_core.verb:set package 's3_controller' build argument 'cmake_args' from command line to 'None'
[0.802s] Level 5:colcon.colcon_core.verb:set package 's3_controller' build argument 'cmake_target' from command line to 'None'
[0.802s] Level 5:colcon.colcon_core.verb:set package 's3_controller' build argument 'cmake_target_skip_unavailable' from command line to 'False'
[0.802s] Level 5:colcon.colcon_core.verb:set package 's3_controller' build argument 'cmake_clean_cache' from command line to 'False'
[0.802s] Level 5:colcon.colcon_core.verb:set package 's3_controller' build argument 'cmake_clean_first' from command line to 'False'
[0.802s] Level 5:colcon.colcon_core.verb:set package 's3_controller' build argument 'cmake_force_configure' from command line to 'False'
[0.802s] Level 5:colcon.colcon_core.verb:set package 's3_controller' build argument 'ament_cmake_args' from command line to 'None'
[0.802s] Level 5:colcon.colcon_core.verb:set package 's3_controller' build argument 'catkin_cmake_args' from command line to 'None'
[0.802s] Level 5:colcon.colcon_core.verb:set package 's3_controller' build argument 'catkin_skip_building_tests' from command line to 'False'
[0.802s] DEBUG:colcon.colcon_core.verb:Building package 's3_controller' with the following arguments: {'ament_cmake_args': None, 'build_base': '/home/ashish/s3_ws/build/s3_controller', 'catkin_cmake_args': None, 'catkin_skip_building_tests': False, 'cmake_args': None, 'cmake_clean_cache': False, 'cmake_clean_first': False, 'cmake_force_configure': False, 'cmake_target': None, 'cmake_target_skip_unavailable': False, 'install_base': '/home/ashish/s3_ws/install/s3_controller', 'merge_install': False, 'path': '/home/ashish/s3_ws/src/s3_controller', 'symlink_install': False, 'test_result_base': None}
[0.803s] Level 5:colcon.colcon_core.verb:set package 's3_description' build argument 'cmake_args' from command line to 'None'
[0.803s] Level 5:colcon.colcon_core.verb:set package 's3_description' build argument 'cmake_target' from command line to 'None'
[0.803s] Level 5:colcon.colcon_core.verb:set package 's3_description' build argument 'cmake_target_skip_unavailable' from command line to 'False'
[0.803s] Level 5:colcon.colcon_core.verb:set package 's3_description' build argument 'cmake_clean_cache' from command line to 'False'
[0.803s] Level 5:colcon.colcon_core.verb:set package 's3_description' build argument 'cmake_clean_first' from command line to 'False'
[0.803s] Level 5:colcon.colcon_core.verb:set package 's3_description' build argument 'cmake_force_configure' from command line to 'False'
[0.803s] Level 5:colcon.colcon_core.verb:set package 's3_description' build argument 'ament_cmake_args' from command line to 'None'
[0.803s] Level 5:colcon.colcon_core.verb:set package 's3_description' build argument 'catkin_cmake_args' from command line to 'None'
[0.803s] Level 5:colcon.colcon_core.verb:set package 's3_description' build argument 'catkin_skip_building_tests' from command line to 'False'
[0.803s] DEBUG:colcon.colcon_core.verb:Building package 's3_description' with the following arguments: {'ament_cmake_args': None, 'build_base': '/home/ashish/s3_ws/build/s3_description', 'catkin_cmake_args': None, 'catkin_skip_building_tests': False, 'cmake_args': None, 'cmake_clean_cache': False, 'cmake_clean_first': False, 'cmake_force_configure': False, 'cmake_target': None, 'cmake_target_skip_unavailable': False, 'install_base': '/home/ashish/s3_ws/install/s3_description', 'merge_install': False, 'path': '/home/ashish/s3_ws/src/s3_description', 'symlink_install': False, 'test_result_base': None}
[0.803s] INFO:colcon.colcon_core.executor:Executing jobs using 'parallel' executor
[0.805s] DEBUG:colcon.colcon_parallel_executor.executor.parallel:run_until_complete
[0.805s] INFO:colcon.colcon_ros.task.ament_cmake.build:Building ROS package in '/home/ashish/s3_ws/src/s3_controller' with build type 'ament_cmake'
[0.805s] INFO:colcon.colcon_cmake.task.cmake.build:Building CMake package in '/home/ashish/s3_ws/src/s3_controller'
[0.816s] INFO:colcon.colcon_core.plugin_system:Skipping extension 'colcon_core.shell.bat': Not used on non-Windows systems
[0.817s] INFO:colcon.colcon_core.shell:Skip shell extension 'powershell' for command environment: Not usable outside of PowerShell
[0.817s] DEBUG:colcon.colcon_core.shell:Skip shell extension 'dsv' for command environment
[0.823s] INFO:colcon.colcon_ros.task.ament_cmake.build:Building ROS package in '/home/ashish/s3_ws/src/s3_description' with build type 'ament_cmake'
[0.823s] INFO:colcon.colcon_cmake.task.cmake.build:Building CMake package in '/home/ashish/s3_ws/src/s3_description'
[0.824s] INFO:colcon.colcon_core.shell:Skip shell extension 'powershell' for command environment: Not usable outside of PowerShell
[0.824s] DEBUG:colcon.colcon_core.shell:Skip shell extension 'dsv' for command environment
[0.863s] DEBUG:colcon.colcon_core.event_handler.log_command:Invoking command in '/home/ashish/s3_ws/build/s3_controller': CMAKE_PREFIX_PATH=${CMAKE_PREFIX_PATH}:/opt/ros/humble /usr/bin/cmake --build /home/ashish/s3_ws/build/s3_controller -- -j2 -l2
[0.890s] DEBUG:colcon.colcon_core.event_handler.log_command:Invoking command in '/home/ashish/s3_ws/build/s3_description': CMAKE_PREFIX_PATH=${CMAKE_PREFIX_PATH}:/opt/ros/humble /usr/bin/cmake --build /home/ashish/s3_ws/build/s3_description -- -j2 -l2
[1.035s] DEBUG:colcon.colcon_core.event_handler.log_command:Invoked command in '/home/ashish/s3_ws/build/s3_description' returned '0': CMAKE_PREFIX_PATH=${CMAKE_PREFIX_PATH}:/opt/ros/humble /usr/bin/cmake --build /home/ashish/s3_ws/build/s3_description -- -j2 -l2
[1.041s] DEBUG:colcon.colcon_core.event_handler.log_command:Invoked command in '/home/ashish/s3_ws/build/s3_controller' returned '0': CMAKE_PREFIX_PATH=${CMAKE_PREFIX_PATH}:/opt/ros/humble /usr/bin/cmake --build /home/ashish/s3_ws/build/s3_controller -- -j2 -l2
[1.114s] DEBUG:colcon.colcon_core.event_handler.log_command:Invoking command in '/home/ashish/s3_ws/build/s3_controller': CMAKE_PREFIX_PATH=${CMAKE_PREFIX_PATH}:/opt/ros/humble /usr/bin/cmake --install /home/ashish/s3_ws/build/s3_controller
[1.117s] DEBUG:colcon.colcon_core.event_handler.log_command:Invoking command in '/home/ashish/s3_ws/build/s3_description': CMAKE_PREFIX_PATH=${CMAKE_PREFIX_PATH}:/opt/ros/humble /usr/bin/cmake --install /home/ashish/s3_ws/build/s3_description
[1.144s] Level 1:colcon.colcon_core.environment:create_environment_scripts_only(s3_controller)
[1.146s] DEBUG:colcon.colcon_core.event_handler.log_command:Invoked command in '/home/ashish/s3_ws/build/s3_controller' returned '0': CMAKE_PREFIX_PATH=${CMAKE_PREFIX_PATH}:/opt/ros/humble /usr/bin/cmake --install /home/ashish/s3_ws/build/s3_controller
[1.157s] Level 1:colcon.colcon_core.environment:checking '/home/ashish/s3_ws/install/s3_controller' for CMake module files
[1.158s] Level 1:colcon.colcon_core.environment:checking '/home/ashish/s3_ws/install/s3_controller' for CMake config files
[1.159s] Level 1:colcon.colcon_core.shell:create_environment_hook('s3_controller', 'cmake_prefix_path')
[1.160s] INFO:colcon.colcon_core.shell:Creating environment hook '/home/ashish/s3_ws/install/s3_controller/share/s3_controller/hook/cmake_prefix_path.ps1'
[1.161s] INFO:colcon.colcon_core.shell:Creating environment descriptor '/home/ashish/s3_ws/install/s3_controller/share/s3_controller/hook/cmake_prefix_path.dsv'
[1.162s] INFO:colcon.colcon_core.shell:Creating environment hook '/home/ashish/s3_ws/install/s3_controller/share/s3_controller/hook/cmake_prefix_path.sh'
[1.164s] Level 1:colcon.colcon_core.environment:checking '/home/ashish/s3_ws/install/s3_controller/bin'
[1.165s] Level 1:colcon.colcon_core.environment:checking '/home/ashish/s3_ws/install/s3_controller/lib/pkgconfig/s3_controller.pc'
[1.165s] Level 1:colcon.colcon_core.environment:checking '/home/ashish/s3_ws/install/s3_controller/lib/python3.10/site-packages'
[1.165s] Level 1:colcon.colcon_core.environment:checking '/home/ashish/s3_ws/install/s3_controller/bin'
[1.166s] INFO:colcon.colcon_core.shell:Creating package script '/home/ashish/s3_ws/install/s3_controller/share/s3_controller/package.ps1'
[1.167s] INFO:colcon.colcon_core.shell:Creating package descriptor '/home/ashish/s3_ws/install/s3_controller/share/s3_controller/package.dsv'
[1.169s] INFO:colcon.colcon_core.shell:Creating package script '/home/ashish/s3_ws/install/s3_controller/share/s3_controller/package.sh'
[1.172s] INFO:colcon.colcon_core.shell:Creating package script '/home/ashish/s3_ws/install/s3_controller/share/s3_controller/package.bash'
[1.175s] INFO:colcon.colcon_core.shell:Creating package script '/home/ashish/s3_ws/install/s3_controller/share/s3_controller/package.zsh'
[1.177s] Level 1:colcon.colcon_core.environment:create_file_with_runtime_dependencies(/home/ashish/s3_ws/install/s3_controller/share/colcon-core/packages/s3_controller)
[1.181s] Level 1:colcon.colcon_core.environment:create_environment_scripts_only(s3_description)
[1.182s] Level 1:colcon.colcon_core.environment:checking '/home/ashish/s3_ws/install/s3_description' for CMake module files
[1.184s] Level 1:colcon.colcon_core.environment:checking '/home/ashish/s3_ws/install/s3_description' for CMake config files
[1.185s] DEBUG:colcon.colcon_core.event_handler.log_command:Invoked command in '/home/ashish/s3_ws/build/s3_description' returned '0': CMAKE_PREFIX_PATH=${CMAKE_PREFIX_PATH}:/opt/ros/humble /usr/bin/cmake --install /home/ashish/s3_ws/build/s3_description
[1.187s] Level 1:colcon.colcon_core.shell:create_environment_hook('s3_description', 'cmake_prefix_path')
[1.189s] INFO:colcon.colcon_core.shell:Creating environment hook '/home/ashish/s3_ws/install/s3_description/share/s3_description/hook/cmake_prefix_path.ps1'
[1.191s] INFO:colcon.colcon_core.shell:Creating environment descriptor '/home/ashish/s3_ws/install/s3_description/share/s3_description/hook/cmake_prefix_path.dsv'
[1.193s] INFO:colcon.colcon_core.shell:Creating environment hook '/home/ashish/s3_ws/install/s3_description/share/s3_description/hook/cmake_prefix_path.sh'
[1.195s] Level 1:colcon.colcon_core.environment:checking '/home/ashish/s3_ws/install/s3_description/bin'
[1.196s] Level 1:colcon.colcon_core.environment:checking '/home/ashish/s3_ws/install/s3_description/lib/pkgconfig/s3_description.pc'
[1.197s] Level 1:colcon.colcon_core.environment:checking '/home/ashish/s3_ws/install/s3_description/lib/python3.10/site-packages'
[1.198s] Level 1:colcon.colcon_core.environment:checking '/home/ashish/s3_ws/install/s3_description/bin'
[1.199s] INFO:colcon.colcon_core.shell:Creating package script '/home/ashish/s3_ws/install/s3_description/share/s3_description/package.ps1'
[1.200s] INFO:colcon.colcon_core.shell:Creating package descriptor '/home/ashish/s3_ws/install/s3_description/share/s3_description/package.dsv'
[1.202s] INFO:colcon.colcon_core.shell:Creating package script '/home/ashish/s3_ws/install/s3_description/share/s3_description/package.sh'
[1.203s] INFO:colcon.colcon_core.shell:Creating package script '/home/ashish/s3_ws/install/s3_description/share/s3_description/package.bash'
[1.205s] INFO:colcon.colcon_core.shell:Creating package script '/home/ashish/s3_ws/install/s3_description/share/s3_description/package.zsh'
[1.206s] Level 1:colcon.colcon_core.environment:create_file_with_runtime_dependencies(/home/ashish/s3_ws/install/s3_description/share/colcon-core/packages/s3_description)
[1.241s] Level 1:colcon.colcon_core.environment:create_environment_scripts_only(s3_controller)
[1.242s] Level 1:colcon.colcon_core.environment:checking '/home/ashish/s3_ws/install/s3_controller' for CMake module files
[1.243s] Level 1:colcon.colcon_core.environment:checking '/home/ashish/s3_ws/install/s3_controller' for CMake config files
[1.243s] Level 1:colcon.colcon_core.shell:create_environment_hook('s3_controller', 'cmake_prefix_path')
[1.243s] INFO:colcon.colcon_core.shell:Creating environment hook '/home/ashish/s3_ws/install/s3_controller/share/s3_controller/hook/cmake_prefix_path.ps1'
[1.245s] INFO:colcon.colcon_core.shell:Creating environment descriptor '/home/ashish/s3_ws/install/s3_controller/share/s3_controller/hook/cmake_prefix_path.dsv'
[1.248s] INFO:colcon.colcon_core.shell:Creating environment hook '/home/ashish/s3_ws/install/s3_controller/share/s3_controller/hook/cmake_prefix_path.sh'
[1.251s] Level 1:colcon.colcon_core.environment:checking '/home/ashish/s3_ws/install/s3_controller/bin'
[1.251s] Level 1:colcon.colcon_core.environment:checking '/home/ashish/s3_ws/install/s3_controller/lib/pkgconfig/s3_controller.pc'
[1.251s] Level 1:colcon.colcon_core.environment:checking '/home/ashish/s3_ws/install/s3_controller/lib/python3.10/site-packages'
[1.252s] Level 1:colcon.colcon_core.environment:checking '/home/ashish/s3_ws/install/s3_controller/bin'
[1.252s] INFO:colcon.colcon_core.shell:Creating package script '/home/ashish/s3_ws/install/s3_controller/share/s3_controller/package.ps1'
[1.254s] INFO:colcon.colcon_core.shell:Creating package descriptor '/home/ashish/s3_ws/install/s3_controller/share/s3_controller/package.dsv'
[1.255s] INFO:colcon.colcon_core.shell:Creating package script '/home/ashish/s3_ws/install/s3_controller/share/s3_controller/package.sh'
[1.257s] INFO:colcon.colcon_core.shell:Creating package script '/home/ashish/s3_ws/install/s3_controller/share/s3_controller/package.bash'
[1.258s] INFO:colcon.colcon_core.shell:Creating package script '/home/ashish/s3_ws/install/s3_controller/share/s3_controller/package.zsh'
[1.258s] Level 1:colcon.colcon_core.environment:create_file_with_runtime_dependencies(/home/ashish/s3_ws/install/s3_controller/share/colcon-core/packages/s3_controller)
[1.262s] Level 1:colcon.colcon_core.environment:create_environment_scripts_only(s3_description)
[1.263s] Level 1:colcon.colcon_core.environment:checking '/home/ashish/s3_ws/install/s3_description' for CMake module files
[1.264s] Level 1:colcon.colcon_core.environment:checking '/home/ashish/s3_ws/install/s3_description' for CMake config files
[1.264s] Level 1:colcon.colcon_core.shell:create_environment_hook('s3_description', 'cmake_prefix_path')
[1.264s] INFO:colcon.colcon_core.shell:Creating environment hook '/home/ashish/s3_ws/install/s3_description/share/s3_description/hook/cmake_prefix_path.ps1'
[1.265s] INFO:colcon.colcon_core.shell:Creating environment descriptor '/home/ashish/s3_ws/install/s3_description/share/s3_description/hook/cmake_prefix_path.dsv'
[1.266s] INFO:colcon.colcon_core.shell:Creating environment hook '/home/ashish/s3_ws/install/s3_description/share/s3_description/hook/cmake_prefix_path.sh'
[1.270s] Level 1:colcon.colcon_core.environment:checking '/home/ashish/s3_ws/install/s3_description/bin'
[1.271s] Level 1:colcon.colcon_core.environment:checking '/home/ashish/s3_ws/install/s3_description/lib/pkgconfig/s3_description.pc'
[1.273s] Level 1:colcon.colcon_core.environment:checking '/home/ashish/s3_ws/install/s3_description/lib/python3.10/site-packages'
[1.273s] Level 1:colcon.colcon_core.environment:checking '/home/ashish/s3_ws/install/s3_description/bin'
[1.276s] INFO:colcon.colcon_core.shell:Creating package script '/home/ashish/s3_ws/install/s3_description/share/s3_description/package.ps1'
[1.280s] INFO:colcon.colcon_core.shell:Creating package descriptor '/home/ashish/s3_ws/install/s3_description/share/s3_description/package.dsv'
[1.281s] INFO:colcon.colcon_core.shell:Creating package script '/home/ashish/s3_ws/install/s3_description/share/s3_description/package.sh'
[1.281s] INFO:colcon.colcon_core.shell:Creating package script '/home/ashish/s3_ws/install/s3_description/share/s3_description/package.bash'
[1.282s] INFO:colcon.colcon_core.shell:Creating package script '/home/ashish/s3_ws/install/s3_description/share/s3_description/package.zsh'
[1.282s] Level 1:colcon.colcon_core.environment:create_file_with_runtime_dependencies(/home/ashish/s3_ws/install/s3_description/share/colcon-core/packages/s3_description)
[1.285s] DEBUG:colcon.colcon_parallel_executor.executor.parallel:closing loop
[1.285s] DEBUG:colcon.colcon_parallel_executor.executor.parallel:loop closed
[1.285s] DEBUG:colcon.colcon_parallel_executor.executor.parallel:run_until_complete finished with '0'
[1.285s] DEBUG:colcon.colcon_core.event_reactor:joining thread
[1.315s] INFO:colcon.colcon_core.plugin_system:Skipping extension 'colcon_notification.desktop_notification.terminal_notifier': Not used on non-Darwin systems
[1.315s] INFO:colcon.colcon_core.plugin_system:Skipping extension 'colcon_notification.desktop_notification.win32': Not used on non-Windows systems
[1.315s] INFO:colcon.colcon_notification.desktop_notification:Sending desktop notification using 'notify2'
[1.421s] DEBUG:colcon.colcon_core.event_reactor:joined thread
[1.422s] INFO:colcon.colcon_core.shell:Creating prefix script '/home/ashish/s3_ws/install/local_setup.ps1'
[1.425s] INFO:colcon.colcon_core.shell:Creating prefix util module '/home/ashish/s3_ws/install/_local_setup_util_ps1.py'
[1.432s] INFO:colcon.colcon_core.shell:Creating prefix chain script '/home/ashish/s3_ws/install/setup.ps1'
[1.440s] INFO:colcon.colcon_core.shell:Creating prefix script '/home/ashish/s3_ws/install/local_setup.sh'
[1.444s] INFO:colcon.colcon_core.shell:Creating prefix util module '/home/ashish/s3_ws/install/_local_setup_util_sh.py'
[1.445s] INFO:colcon.colcon_core.shell:Creating prefix chain script '/home/ashish/s3_ws/install/setup.sh'
[1.448s] INFO:colcon.colcon_core.shell:Creating prefix script '/home/ashish/s3_ws/install/local_setup.bash'
[1.449s] INFO:colcon.colcon_core.shell:Creating prefix chain script '/home/ashish/s3_ws/install/setup.bash'
[1.452s] INFO:colcon.colcon_core.shell:Creating prefix script '/home/ashish/s3_ws/install/local_setup.zsh'
[1.456s] INFO:colcon.colcon_core.shell:Creating prefix chain script '/home/ashish/s3_ws/install/setup.zsh'
