[0.546s] DEBUG:colcon:Command line arguments: ['/usr/bin/colcon', 'build']
[0.546s] DEBUG:colcon:Parsed command line arguments: Namespace(log_base=None, log_level=None, verb_name='build', build_base='build', install_base='install', merge_install=False, symlink_install=False, test_result_base=None, continue_on_error=False, executor='parallel', parallel_workers=2, event_handlers=None, ignore_user_meta=False, metas=['./colcon.meta'], base_paths=['.'], packages_ignore=None, packages_ignore_regex=None, paths=None, packages_up_to=None, packages_up_to_regex=None, packages_above=None, packages_above_and_dependencies=None, packages_above_depth=None, packages_select_by_dep=None, packages_skip_by_dep=None, packages_skip_up_to=None, packages_select_build_failed=False, packages_skip_build_finished=False, packages_select_test_failures=False, packages_skip_test_passed=False, packages_select=None, packages_skip=None, packages_select_regex=None, packages_skip_regex=None, packages_start=None, packages_end=None, allow_overriding=[], cmake_args=None, cmake_target=None, cmake_target_skip_unavailable=False, cmake_clean_cache=False, cmake_clean_first=False, cmake_force_configure=False, ament_cmake_args=None, catkin_cmake_args=None, catkin_skip_building_tests=False, verb_parser=<colcon_defaults.argument_parser.defaults.DefaultArgumentsDecorator object at 0x7ed854613f10>, verb_extension=<colcon_core.verb.build.BuildVerb object at 0x7ed854758a60>, main=<bound method BuildVerb.main of <colcon_core.verb.build.BuildVerb object at 0x7ed854758a60>>)
[1.047s] Level 1:colcon.colcon_core.package_discovery:discover_packages(colcon_meta) check parameters
[1.047s] Level 1:colcon.colcon_core.package_discovery:discover_packages(recursive) check parameters
[1.047s] Level 1:colcon.colcon_core.package_discovery:discover_packages(ignore) check parameters
[1.047s] Level 1:colcon.colcon_core.package_discovery:discover_packages(path) check parameters
[1.047s] Level 1:colcon.colcon_core.package_discovery:discover_packages(colcon_meta) discover
[1.048s] Level 1:colcon.colcon_core.package_discovery:discover_packages(recursive) discover
[1.048s] INFO:colcon.colcon_core.package_discovery:Crawling recursively for packages in '/home/ashish/s3_ws'
[1.048s] Level 1:colcon.colcon_core.package_identification:_identify(.) by extensions ['ignore', 'ignore_ament_install']
[1.048s] Level 1:colcon.colcon_core.package_identification:_identify(.) by extension 'ignore'
[1.048s] Level 1:colcon.colcon_core.package_identification:_identify(.) by extension 'ignore_ament_install'
[1.049s] Level 1:colcon.colcon_core.package_identification:_identify(.) by extensions ['colcon_pkg']
[1.049s] Level 1:colcon.colcon_core.package_identification:_identify(.) by extension 'colcon_pkg'
[1.049s] Level 1:colcon.colcon_core.package_identification:_identify(.) by extensions ['colcon_meta']
[1.049s] Level 1:colcon.colcon_core.package_identification:_identify(.) by extension 'colcon_meta'
[1.049s] Level 1:colcon.colcon_core.package_identification:_identify(.) by extensions ['ros']
[1.049s] Level 1:colcon.colcon_core.package_identification:_identify(.) by extension 'ros'
[1.082s] Level 1:colcon.colcon_core.package_identification:_identify(.) by extensions ['cmake', 'python']
[1.082s] Level 1:colcon.colcon_core.package_identification:_identify(.) by extension 'cmake'
[1.083s] Level 1:colcon.colcon_core.package_identification:_identify(.) by extension 'python'
[1.083s] Level 1:colcon.colcon_core.package_identification:_identify(.) by extensions ['python_setup_py']
[1.083s] Level 1:colcon.colcon_core.package_identification:_identify(.) by extension 'python_setup_py'
[1.083s] Level 1:colcon.colcon_core.package_identification:_identify(build) by extensions ['ignore', 'ignore_ament_install']
[1.083s] Level 1:colcon.colcon_core.package_identification:_identify(build) by extension 'ignore'
[1.083s] Level 1:colcon.colcon_core.package_identification:_identify(build) ignored
[1.084s] Level 1:colcon.colcon_core.package_identification:_identify(install) by extensions ['ignore', 'ignore_ament_install']
[1.084s] Level 1:colcon.colcon_core.package_identification:_identify(install) by extension 'ignore'
[1.084s] Level 1:colcon.colcon_core.package_identification:_identify(install) ignored
[1.084s] Level 1:colcon.colcon_core.package_identification:_identify(log) by extensions ['ignore', 'ignore_ament_install']
[1.084s] Level 1:colcon.colcon_core.package_identification:_identify(log) by extension 'ignore'
[1.084s] Level 1:colcon.colcon_core.package_identification:_identify(log) ignored
[1.085s] Level 1:colcon.colcon_core.package_identification:_identify(src) by extensions ['ignore', 'ignore_ament_install']
[1.085s] Level 1:colcon.colcon_core.package_identification:_identify(src) by extension 'ignore'
[1.085s] Level 1:colcon.colcon_core.package_identification:_identify(src) by extension 'ignore_ament_install'
[1.085s] Level 1:colcon.colcon_core.package_identification:_identify(src) by extensions ['colcon_pkg']
[1.085s] Level 1:colcon.colcon_core.package_identification:_identify(src) by extension 'colcon_pkg'
[1.086s] Level 1:colcon.colcon_core.package_identification:_identify(src) by extensions ['colcon_meta']
[1.086s] Level 1:colcon.colcon_core.package_identification:_identify(src) by extension 'colcon_meta'
[1.086s] Level 1:colcon.colcon_core.package_identification:_identify(src) by extensions ['ros']
[1.086s] Level 1:colcon.colcon_core.package_identification:_identify(src) by extension 'ros'
[1.086s] Level 1:colcon.colcon_core.package_identification:_identify(src) by extensions ['cmake', 'python']
[1.087s] Level 1:colcon.colcon_core.package_identification:_identify(src) by extension 'cmake'
[1.087s] Level 1:colcon.colcon_core.package_identification:_identify(src) by extension 'python'
[1.087s] Level 1:colcon.colcon_core.package_identification:_identify(src) by extensions ['python_setup_py']
[1.087s] Level 1:colcon.colcon_core.package_identification:_identify(src) by extension 'python_setup_py'
[1.087s] Level 1:colcon.colcon_core.package_identification:_identify(src/s3_controller) by extensions ['ignore', 'ignore_ament_install']
[1.087s] Level 1:colcon.colcon_core.package_identification:_identify(src/s3_controller) by extension 'ignore'
[1.087s] Level 1:colcon.colcon_core.package_identification:_identify(src/s3_controller) by extension 'ignore_ament_install'
[1.088s] Level 1:colcon.colcon_core.package_identification:_identify(src/s3_controller) by extensions ['colcon_pkg']
[1.088s] Level 1:colcon.colcon_core.package_identification:_identify(src/s3_controller) by extension 'colcon_pkg'
[1.088s] Level 1:colcon.colcon_core.package_identification:_identify(src/s3_controller) by extensions ['colcon_meta']
[1.088s] Level 1:colcon.colcon_core.package_identification:_identify(src/s3_controller) by extension 'colcon_meta'
[1.088s] Level 1:colcon.colcon_core.package_identification:_identify(src/s3_controller) by extensions ['ros']
[1.088s] Level 1:colcon.colcon_core.package_identification:_identify(src/s3_controller) by extension 'ros'
[1.099s] DEBUG:colcon.colcon_core.package_identification:Package 'src/s3_controller' with type 'ros.ament_cmake' and name 's3_controller'
[1.099s] Level 1:colcon.colcon_core.package_identification:_identify(src/s3_description) by extensions ['ignore', 'ignore_ament_install']
[1.100s] Level 1:colcon.colcon_core.package_identification:_identify(src/s3_description) by extension 'ignore'
[1.100s] Level 1:colcon.colcon_core.package_identification:_identify(src/s3_description) by extension 'ignore_ament_install'
[1.100s] Level 1:colcon.colcon_core.package_identification:_identify(src/s3_description) by extensions ['colcon_pkg']
[1.100s] Level 1:colcon.colcon_core.package_identification:_identify(src/s3_description) by extension 'colcon_pkg'
[1.100s] Level 1:colcon.colcon_core.package_identification:_identify(src/s3_description) by extensions ['colcon_meta']
[1.100s] Level 1:colcon.colcon_core.package_identification:_identify(src/s3_description) by extension 'colcon_meta'
[1.100s] Level 1:colcon.colcon_core.package_identification:_identify(src/s3_description) by extensions ['ros']
[1.100s] Level 1:colcon.colcon_core.package_identification:_identify(src/s3_description) by extension 'ros'
[1.103s] DEBUG:colcon.colcon_core.package_identification:Package 'src/s3_description' with type 'ros.ament_cmake' and name 's3_description'
[1.103s] Level 1:colcon.colcon_core.package_discovery:discover_packages(recursive) using defaults
[1.103s] Level 1:colcon.colcon_core.package_discovery:discover_packages(ignore) discover
[1.103s] Level 1:colcon.colcon_core.package_discovery:discover_packages(ignore) using defaults
[1.103s] Level 1:colcon.colcon_core.package_discovery:discover_packages(path) discover
[1.103s] Level 1:colcon.colcon_core.package_discovery:discover_packages(path) using defaults
[1.191s] Level 1:colcon.colcon_core.package_discovery:discover_packages(prefix_path) check parameters
[1.191s] Level 1:colcon.colcon_core.package_discovery:discover_packages(prefix_path) discover
[1.196s] DEBUG:colcon.colcon_installed_package_information.package_discovery:Found 2 installed packages in /home/ashish/s3_ws/install
[1.197s] DEBUG:colcon.colcon_installed_package_information.package_discovery:Found 2 installed packages in /home/ashish/arduinobot_ws/install
[1.198s] DEBUG:colcon.colcon_installed_package_information.package_discovery:Found 321 installed packages in /opt/ros/humble
[1.200s] Level 1:colcon.colcon_core.package_discovery:discover_packages(prefix_path) using defaults
[1.300s] Level 5:colcon.colcon_core.verb:set package 's3_controller' build argument 'cmake_args' from command line to 'None'
[1.300s] Level 5:colcon.colcon_core.verb:set package 's3_controller' build argument 'cmake_target' from command line to 'None'
[1.300s] Level 5:colcon.colcon_core.verb:set package 's3_controller' build argument 'cmake_target_skip_unavailable' from command line to 'False'
[1.300s] Level 5:colcon.colcon_core.verb:set package 's3_controller' build argument 'cmake_clean_cache' from command line to 'False'
[1.301s] Level 5:colcon.colcon_core.verb:set package 's3_controller' build argument 'cmake_clean_first' from command line to 'False'
[1.301s] Level 5:colcon.colcon_core.verb:set package 's3_controller' build argument 'cmake_force_configure' from command line to 'False'
[1.301s] Level 5:colcon.colcon_core.verb:set package 's3_controller' build argument 'ament_cmake_args' from command line to 'None'
[1.301s] Level 5:colcon.colcon_core.verb:set package 's3_controller' build argument 'catkin_cmake_args' from command line to 'None'
[1.301s] Level 5:colcon.colcon_core.verb:set package 's3_controller' build argument 'catkin_skip_building_tests' from command line to 'False'
[1.301s] DEBUG:colcon.colcon_core.verb:Building package 's3_controller' with the following arguments: {'ament_cmake_args': None, 'build_base': '/home/ashish/s3_ws/build/s3_controller', 'catkin_cmake_args': None, 'catkin_skip_building_tests': False, 'cmake_args': None, 'cmake_clean_cache': False, 'cmake_clean_first': False, 'cmake_force_configure': False, 'cmake_target': None, 'cmake_target_skip_unavailable': False, 'install_base': '/home/ashish/s3_ws/install/s3_controller', 'merge_install': False, 'path': '/home/ashish/s3_ws/src/s3_controller', 'symlink_install': False, 'test_result_base': None}
[1.302s] Level 5:colcon.colcon_core.verb:set package 's3_description' build argument 'cmake_args' from command line to 'None'
[1.302s] Level 5:colcon.colcon_core.verb:set package 's3_description' build argument 'cmake_target' from command line to 'None'
[1.302s] Level 5:colcon.colcon_core.verb:set package 's3_description' build argument 'cmake_target_skip_unavailable' from command line to 'False'
[1.302s] Level 5:colcon.colcon_core.verb:set package 's3_description' build argument 'cmake_clean_cache' from command line to 'False'
[1.302s] Level 5:colcon.colcon_core.verb:set package 's3_description' build argument 'cmake_clean_first' from command line to 'False'
[1.302s] Level 5:colcon.colcon_core.verb:set package 's3_description' build argument 'cmake_force_configure' from command line to 'False'
[1.302s] Level 5:colcon.colcon_core.verb:set package 's3_description' build argument 'ament_cmake_args' from command line to 'None'
[1.302s] Level 5:colcon.colcon_core.verb:set package 's3_description' build argument 'catkin_cmake_args' from command line to 'None'
[1.302s] Level 5:colcon.colcon_core.verb:set package 's3_description' build argument 'catkin_skip_building_tests' from command line to 'False'
[1.302s] DEBUG:colcon.colcon_core.verb:Building package 's3_description' with the following arguments: {'ament_cmake_args': None, 'build_base': '/home/ashish/s3_ws/build/s3_description', 'catkin_cmake_args': None, 'catkin_skip_building_tests': False, 'cmake_args': None, 'cmake_clean_cache': False, 'cmake_clean_first': False, 'cmake_force_configure': False, 'cmake_target': None, 'cmake_target_skip_unavailable': False, 'install_base': '/home/ashish/s3_ws/install/s3_description', 'merge_install': False, 'path': '/home/ashish/s3_ws/src/s3_description', 'symlink_install': False, 'test_result_base': None}
[1.303s] INFO:colcon.colcon_core.executor:Executing jobs using 'parallel' executor
[1.305s] DEBUG:colcon.colcon_parallel_executor.executor.parallel:run_until_complete
[1.305s] INFO:colcon.colcon_ros.task.ament_cmake.build:Building ROS package in '/home/ashish/s3_ws/src/s3_controller' with build type 'ament_cmake'
[1.306s] INFO:colcon.colcon_cmake.task.cmake.build:Building CMake package in '/home/ashish/s3_ws/src/s3_controller'
[1.327s] INFO:colcon.colcon_core.plugin_system:Skipping extension 'colcon_core.shell.bat': Not used on non-Windows systems
[1.328s] INFO:colcon.colcon_core.shell:Skip shell extension 'powershell' for command environment: Not usable outside of PowerShell
[1.328s] DEBUG:colcon.colcon_core.shell:Skip shell extension 'dsv' for command environment
[1.341s] INFO:colcon.colcon_ros.task.ament_cmake.build:Building ROS package in '/home/ashish/s3_ws/src/s3_description' with build type 'ament_cmake'
[1.342s] INFO:colcon.colcon_cmake.task.cmake.build:Building CMake package in '/home/ashish/s3_ws/src/s3_description'
[1.342s] INFO:colcon.colcon_core.shell:Skip shell extension 'powershell' for command environment: Not usable outside of PowerShell
[1.343s] DEBUG:colcon.colcon_core.shell:Skip shell extension 'dsv' for command environment
[1.379s] DEBUG:colcon.colcon_core.event_handler.log_command:Invoking command in '/home/ashish/s3_ws/build/s3_controller': CMAKE_PREFIX_PATH=${CMAKE_PREFIX_PATH}:/opt/ros/humble /usr/bin/cmake --build /home/ashish/s3_ws/build/s3_controller -- -j2 -l2
[1.394s] DEBUG:colcon.colcon_core.event_handler.log_command:Invoking command in '/home/ashish/s3_ws/build/s3_description': CMAKE_PREFIX_PATH=${CMAKE_PREFIX_PATH}:/opt/ros/humble /usr/bin/cmake --build /home/ashish/s3_ws/build/s3_description -- -j2 -l2
[1.467s] DEBUG:colcon.colcon_core.event_handler.log_command:Invoked command in '/home/ashish/s3_ws/build/s3_description' returned '0': CMAKE_PREFIX_PATH=${CMAKE_PREFIX_PATH}:/opt/ros/humble /usr/bin/cmake --build /home/ashish/s3_ws/build/s3_description -- -j2 -l2
[1.499s] DEBUG:colcon.colcon_core.event_handler.log_command:Invoked command in '/home/ashish/s3_ws/build/s3_controller' returned '0': CMAKE_PREFIX_PATH=${CMAKE_PREFIX_PATH}:/opt/ros/humble /usr/bin/cmake --build /home/ashish/s3_ws/build/s3_controller -- -j2 -l2
[1.553s] DEBUG:colcon.colcon_core.event_handler.log_command:Invoking command in '/home/ashish/s3_ws/build/s3_description': CMAKE_PREFIX_PATH=${CMAKE_PREFIX_PATH}:/opt/ros/humble /usr/bin/cmake --install /home/ashish/s3_ws/build/s3_description
[1.563s] DEBUG:colcon.colcon_core.event_handler.log_command:Invoking command in '/home/ashish/s3_ws/build/s3_controller': CMAKE_PREFIX_PATH=${CMAKE_PREFIX_PATH}:/opt/ros/humble /usr/bin/cmake --install /home/ashish/s3_ws/build/s3_controller
[1.603s] Level 1:colcon.colcon_core.environment:create_environment_scripts_only(s3_controller)
[1.615s] DEBUG:colcon.colcon_core.event_handler.log_command:Invoked command in '/home/ashish/s3_ws/build/s3_controller' returned '0': CMAKE_PREFIX_PATH=${CMAKE_PREFIX_PATH}:/opt/ros/humble /usr/bin/cmake --install /home/ashish/s3_ws/build/s3_controller
[1.624s] Level 1:colcon.colcon_core.environment:checking '/home/ashish/s3_ws/install/s3_controller' for CMake module files
[1.625s] Level 1:colcon.colcon_core.environment:checking '/home/ashish/s3_ws/install/s3_controller' for CMake config files
[1.626s] Level 1:colcon.colcon_core.shell:create_environment_hook('s3_controller', 'cmake_prefix_path')
[1.626s] INFO:colcon.colcon_core.shell:Creating environment hook '/home/ashish/s3_ws/install/s3_controller/share/s3_controller/hook/cmake_prefix_path.ps1'
[1.628s] INFO:colcon.colcon_core.shell:Creating environment descriptor '/home/ashish/s3_ws/install/s3_controller/share/s3_controller/hook/cmake_prefix_path.dsv'
[1.629s] INFO:colcon.colcon_core.shell:Creating environment hook '/home/ashish/s3_ws/install/s3_controller/share/s3_controller/hook/cmake_prefix_path.sh'
[1.631s] Level 1:colcon.colcon_core.environment:checking '/home/ashish/s3_ws/install/s3_controller/bin'
[1.632s] Level 1:colcon.colcon_core.environment:checking '/home/ashish/s3_ws/install/s3_controller/lib/pkgconfig/s3_controller.pc'
[1.632s] Level 1:colcon.colcon_core.environment:checking '/home/ashish/s3_ws/install/s3_controller/lib/python3.10/site-packages'
[1.632s] Level 1:colcon.colcon_core.environment:checking '/home/ashish/s3_ws/install/s3_controller/bin'
[1.633s] INFO:colcon.colcon_core.shell:Creating package script '/home/ashish/s3_ws/install/s3_controller/share/s3_controller/package.ps1'
[1.637s] INFO:colcon.colcon_core.shell:Creating package descriptor '/home/ashish/s3_ws/install/s3_controller/share/s3_controller/package.dsv'
[1.638s] INFO:colcon.colcon_core.shell:Creating package script '/home/ashish/s3_ws/install/s3_controller/share/s3_controller/package.sh'
[1.641s] INFO:colcon.colcon_core.shell:Creating package script '/home/ashish/s3_ws/install/s3_controller/share/s3_controller/package.bash'
[1.644s] INFO:colcon.colcon_core.shell:Creating package script '/home/ashish/s3_ws/install/s3_controller/share/s3_controller/package.zsh'
[1.649s] Level 1:colcon.colcon_core.environment:create_file_with_runtime_dependencies(/home/ashish/s3_ws/install/s3_controller/share/colcon-core/packages/s3_controller)
[1.653s] Level 1:colcon.colcon_core.environment:create_environment_scripts_only(s3_description)
[1.653s] Level 1:colcon.colcon_core.environment:checking '/home/ashish/s3_ws/install/s3_description' for CMake module files
[1.654s] DEBUG:colcon.colcon_core.event_handler.log_command:Invoked command in '/home/ashish/s3_ws/build/s3_description' returned '0': CMAKE_PREFIX_PATH=${CMAKE_PREFIX_PATH}:/opt/ros/humble /usr/bin/cmake --install /home/ashish/s3_ws/build/s3_description
[1.655s] Level 1:colcon.colcon_core.environment:checking '/home/ashish/s3_ws/install/s3_description' for CMake config files
[1.656s] Level 1:colcon.colcon_core.shell:create_environment_hook('s3_description', 'cmake_prefix_path')
[1.656s] INFO:colcon.colcon_core.shell:Creating environment hook '/home/ashish/s3_ws/install/s3_description/share/s3_description/hook/cmake_prefix_path.ps1'
[1.657s] INFO:colcon.colcon_core.shell:Creating environment descriptor '/home/ashish/s3_ws/install/s3_description/share/s3_description/hook/cmake_prefix_path.dsv'
[1.658s] INFO:colcon.colcon_core.shell:Creating environment hook '/home/ashish/s3_ws/install/s3_description/share/s3_description/hook/cmake_prefix_path.sh'
[1.659s] Level 1:colcon.colcon_core.environment:checking '/home/ashish/s3_ws/install/s3_description/bin'
[1.659s] Level 1:colcon.colcon_core.environment:checking '/home/ashish/s3_ws/install/s3_description/lib/pkgconfig/s3_description.pc'
[1.659s] Level 1:colcon.colcon_core.environment:checking '/home/ashish/s3_ws/install/s3_description/lib/python3.10/site-packages'
[1.660s] Level 1:colcon.colcon_core.environment:checking '/home/ashish/s3_ws/install/s3_description/bin'
[1.660s] INFO:colcon.colcon_core.shell:Creating package script '/home/ashish/s3_ws/install/s3_description/share/s3_description/package.ps1'
[1.661s] INFO:colcon.colcon_core.shell:Creating package descriptor '/home/ashish/s3_ws/install/s3_description/share/s3_description/package.dsv'
[1.662s] INFO:colcon.colcon_core.shell:Creating package script '/home/ashish/s3_ws/install/s3_description/share/s3_description/package.sh'
[1.663s] INFO:colcon.colcon_core.shell:Creating package script '/home/ashish/s3_ws/install/s3_description/share/s3_description/package.bash'
[1.663s] INFO:colcon.colcon_core.shell:Creating package script '/home/ashish/s3_ws/install/s3_description/share/s3_description/package.zsh'
[1.664s] Level 1:colcon.colcon_core.environment:create_file_with_runtime_dependencies(/home/ashish/s3_ws/install/s3_description/share/colcon-core/packages/s3_description)
[1.708s] Level 1:colcon.colcon_core.environment:create_environment_scripts_only(s3_controller)
[1.709s] Level 1:colcon.colcon_core.environment:checking '/home/ashish/s3_ws/install/s3_controller' for CMake module files
[1.711s] Level 1:colcon.colcon_core.environment:checking '/home/ashish/s3_ws/install/s3_controller' for CMake config files
[1.711s] Level 1:colcon.colcon_core.shell:create_environment_hook('s3_controller', 'cmake_prefix_path')
[1.712s] INFO:colcon.colcon_core.shell:Creating environment hook '/home/ashish/s3_ws/install/s3_controller/share/s3_controller/hook/cmake_prefix_path.ps1'
[1.714s] INFO:colcon.colcon_core.shell:Creating environment descriptor '/home/ashish/s3_ws/install/s3_controller/share/s3_controller/hook/cmake_prefix_path.dsv'
[1.715s] INFO:colcon.colcon_core.shell:Creating environment hook '/home/ashish/s3_ws/install/s3_controller/share/s3_controller/hook/cmake_prefix_path.sh'
[1.718s] Level 1:colcon.colcon_core.environment:checking '/home/ashish/s3_ws/install/s3_controller/bin'
[1.718s] Level 1:colcon.colcon_core.environment:checking '/home/ashish/s3_ws/install/s3_controller/lib/pkgconfig/s3_controller.pc'
[1.719s] Level 1:colcon.colcon_core.environment:checking '/home/ashish/s3_ws/install/s3_controller/lib/python3.10/site-packages'
[1.719s] Level 1:colcon.colcon_core.environment:checking '/home/ashish/s3_ws/install/s3_controller/bin'
[1.720s] INFO:colcon.colcon_core.shell:Creating package script '/home/ashish/s3_ws/install/s3_controller/share/s3_controller/package.ps1'
[1.725s] INFO:colcon.colcon_core.shell:Creating package descriptor '/home/ashish/s3_ws/install/s3_controller/share/s3_controller/package.dsv'
[1.726s] INFO:colcon.colcon_core.shell:Creating package script '/home/ashish/s3_ws/install/s3_controller/share/s3_controller/package.sh'
[1.728s] INFO:colcon.colcon_core.shell:Creating package script '/home/ashish/s3_ws/install/s3_controller/share/s3_controller/package.bash'
[1.729s] INFO:colcon.colcon_core.shell:Creating package script '/home/ashish/s3_ws/install/s3_controller/share/s3_controller/package.zsh'
[1.730s] Level 1:colcon.colcon_core.environment:create_file_with_runtime_dependencies(/home/ashish/s3_ws/install/s3_controller/share/colcon-core/packages/s3_controller)
[1.733s] Level 1:colcon.colcon_core.environment:create_environment_scripts_only(s3_description)
[1.735s] Level 1:colcon.colcon_core.environment:checking '/home/ashish/s3_ws/install/s3_description' for CMake module files
[1.738s] Level 1:colcon.colcon_core.environment:checking '/home/ashish/s3_ws/install/s3_description' for CMake config files
[1.740s] Level 1:colcon.colcon_core.shell:create_environment_hook('s3_description', 'cmake_prefix_path')
[1.742s] INFO:colcon.colcon_core.shell:Creating environment hook '/home/ashish/s3_ws/install/s3_description/share/s3_description/hook/cmake_prefix_path.ps1'
[1.744s] INFO:colcon.colcon_core.shell:Creating environment descriptor '/home/ashish/s3_ws/install/s3_description/share/s3_description/hook/cmake_prefix_path.dsv'
[1.746s] INFO:colcon.colcon_core.shell:Creating environment hook '/home/ashish/s3_ws/install/s3_description/share/s3_description/hook/cmake_prefix_path.sh'
[1.748s] Level 1:colcon.colcon_core.environment:checking '/home/ashish/s3_ws/install/s3_description/bin'
[1.748s] Level 1:colcon.colcon_core.environment:checking '/home/ashish/s3_ws/install/s3_description/lib/pkgconfig/s3_description.pc'
[1.748s] Level 1:colcon.colcon_core.environment:checking '/home/ashish/s3_ws/install/s3_description/lib/python3.10/site-packages'
[1.749s] Level 1:colcon.colcon_core.environment:checking '/home/ashish/s3_ws/install/s3_description/bin'
[1.749s] INFO:colcon.colcon_core.shell:Creating package script '/home/ashish/s3_ws/install/s3_description/share/s3_description/package.ps1'
[1.750s] INFO:colcon.colcon_core.shell:Creating package descriptor '/home/ashish/s3_ws/install/s3_description/share/s3_description/package.dsv'
[1.751s] INFO:colcon.colcon_core.shell:Creating package script '/home/ashish/s3_ws/install/s3_description/share/s3_description/package.sh'
[1.752s] INFO:colcon.colcon_core.shell:Creating package script '/home/ashish/s3_ws/install/s3_description/share/s3_description/package.bash'
[1.753s] INFO:colcon.colcon_core.shell:Creating package script '/home/ashish/s3_ws/install/s3_description/share/s3_description/package.zsh'
[1.754s] Level 1:colcon.colcon_core.environment:create_file_with_runtime_dependencies(/home/ashish/s3_ws/install/s3_description/share/colcon-core/packages/s3_description)
[1.755s] DEBUG:colcon.colcon_parallel_executor.executor.parallel:closing loop
[1.756s] DEBUG:colcon.colcon_parallel_executor.executor.parallel:loop closed
[1.757s] DEBUG:colcon.colcon_parallel_executor.executor.parallel:run_until_complete finished with '0'
[1.757s] DEBUG:colcon.colcon_core.event_reactor:joining thread
[1.785s] INFO:colcon.colcon_core.plugin_system:Skipping extension 'colcon_notification.desktop_notification.terminal_notifier': Not used on non-Darwin systems
[1.785s] INFO:colcon.colcon_core.plugin_system:Skipping extension 'colcon_notification.desktop_notification.win32': Not used on non-Windows systems
[1.785s] INFO:colcon.colcon_notification.desktop_notification:Sending desktop notification using 'notify2'
[1.815s] DEBUG:colcon.colcon_core.event_reactor:joined thread
[1.816s] INFO:colcon.colcon_core.shell:Creating prefix script '/home/ashish/s3_ws/install/local_setup.ps1'
[1.820s] INFO:colcon.colcon_core.shell:Creating prefix util module '/home/ashish/s3_ws/install/_local_setup_util_ps1.py'
[1.825s] INFO:colcon.colcon_core.shell:Creating prefix chain script '/home/ashish/s3_ws/install/setup.ps1'
[1.831s] INFO:colcon.colcon_core.shell:Creating prefix script '/home/ashish/s3_ws/install/local_setup.sh'
[1.833s] INFO:colcon.colcon_core.shell:Creating prefix util module '/home/ashish/s3_ws/install/_local_setup_util_sh.py'
[1.835s] INFO:colcon.colcon_core.shell:Creating prefix chain script '/home/ashish/s3_ws/install/setup.sh'
[1.838s] INFO:colcon.colcon_core.shell:Creating prefix script '/home/ashish/s3_ws/install/local_setup.bash'
[1.840s] INFO:colcon.colcon_core.shell:Creating prefix chain script '/home/ashish/s3_ws/install/setup.bash'
[1.844s] INFO:colcon.colcon_core.shell:Creating prefix script '/home/ashish/s3_ws/install/local_setup.zsh'
[1.846s] INFO:colcon.colcon_core.shell:Creating prefix chain script '/home/ashish/s3_ws/install/setup.zsh'
