[0.050s] Invoking command in '/home/ashish/s3_ws/build/s3_description': CMAKE_PREFIX_PATH=${CMAKE_PREFIX_PATH}:/opt/ros/humble /usr/bin/cmake --build /home/ashish/s3_ws/build/s3_description -- -j2 -l2
[0.123s] Invoked command in '/home/ashish/s3_ws/build/s3_description' returned '0': CMAKE_PREFIX_PATH=${CMAKE_PREFIX_PATH}:/opt/ros/humble /usr/bin/cmake --build /home/ashish/s3_ws/build/s3_description -- -j2 -l2
[0.210s] Invoking command in '/home/ashish/s3_ws/build/s3_description': CMAKE_PREFIX_PATH=${CMAKE_PREFIX_PATH}:/opt/ros/humble /usr/bin/cmake --install /home/ashish/s3_ws/build/s3_description
[0.225s] -- Install configuration: ""
[0.226s] -- Up-to-date: /home/ashish/s3_ws/install/s3_description/share/s3_description/launch
[0.237s] -- Up-to-date: /home/ashish/s3_ws/install/s3_description/share/s3_description/launch/gazebo.launch.py
[0.238s] -- Up-to-date: /home/ashish/s3_ws/install/s3_description/share/s3_description/launch/display.launch.py
[0.238s] -- Up-to-date: /home/ashish/s3_ws/install/s3_description/share/s3_description/urdf
[0.239s] -- Up-to-date: /home/ashish/s3_ws/install/s3_description/share/s3_description/urdf/s3_gazebo.xacro
[0.239s] -- Up-to-date: /home/ashish/s3_ws/install/s3_description/share/s3_description/urdf/s3_ros2_control.xacro
[0.239s] -- Up-to-date: /home/ashish/s3_ws/install/s3_description/share/s3_description/urdf/s3.urdf.xacro
[0.240s] -- Up-to-date: /home/ashish/s3_ws/install/s3_description/share/s3_description/rviz
[0.241s] -- Up-to-date: /home/ashish/s3_ws/install/s3_description/share/s3_description/rviz/display.rviz
[0.242s] -- Up-to-date: /home/ashish/s3_ws/install/s3_description/share/s3_description/models
[0.243s] -- Up-to-date: /home/ashish/s3_ws/install/s3_description/share/s3_description/models/sun
[0.245s] -- Up-to-date: /home/ashish/s3_ws/install/s3_description/share/s3_description/models/sun/model.sdf
[0.245s] -- Up-to-date: /home/ashish/s3_ws/install/s3_description/share/s3_description/models/sun/model.config
[0.246s] -- Up-to-date: /home/ashish/s3_ws/install/s3_description/share/s3_description/models/sun/model-1_4.sdf
[0.247s] -- Up-to-date: /home/ashish/s3_ws/install/s3_description/share/s3_description/models/sun/model-1_2.sdf
[0.248s] -- Up-to-date: /home/ashish/s3_ws/install/s3_description/share/s3_description/models/sun/model-1_3.sdf
[0.249s] -- Up-to-date: /home/ashish/s3_ws/install/s3_description/share/s3_description/models/ground_plane
[0.251s] -- Up-to-date: /home/ashish/s3_ws/install/s3_description/share/s3_description/models/ground_plane/model.sdf
[0.253s] -- Up-to-date: /home/ashish/s3_ws/install/s3_description/share/s3_description/models/ground_plane/model.config
[0.254s] -- Up-to-date: /home/ashish/s3_ws/install/s3_description/share/s3_description/models/ground_plane/model-1_4.sdf
[0.256s] -- Up-to-date: /home/ashish/s3_ws/install/s3_description/share/s3_description/models/ground_plane/model-1_2.sdf
[0.256s] -- Up-to-date: /home/ashish/s3_ws/install/s3_description/share/s3_description/models/ground_plane/model-1_3.sdf
[0.257s] -- Up-to-date: /home/ashish/s3_ws/install/s3_description/share/ament_index/resource_index/package_run_dependencies/s3_description
[0.266s] -- Up-to-date: /home/ashish/s3_ws/install/s3_description/share/ament_index/resource_index/parent_prefix_path/s3_description
[0.266s] -- Up-to-date: /home/ashish/s3_ws/install/s3_description/share/s3_description/environment/ament_prefix_path.sh
[0.266s] -- Up-to-date: /home/ashish/s3_ws/install/s3_description/share/s3_description/environment/ament_prefix_path.dsv
[0.266s] -- Up-to-date: /home/ashish/s3_ws/install/s3_description/share/s3_description/environment/path.sh
[0.267s] -- Up-to-date: /home/ashish/s3_ws/install/s3_description/share/s3_description/environment/path.dsv
[0.267s] -- Up-to-date: /home/ashish/s3_ws/install/s3_description/share/s3_description/local_setup.bash
[0.268s] -- Up-to-date: /home/ashish/s3_ws/install/s3_description/share/s3_description/local_setup.sh
[0.268s] -- Up-to-date: /home/ashish/s3_ws/install/s3_description/share/s3_description/local_setup.zsh
[0.268s] -- Up-to-date: /home/ashish/s3_ws/install/s3_description/share/s3_description/local_setup.dsv
[0.269s] -- Installing: /home/ashish/s3_ws/install/s3_description/share/s3_description/package.dsv
[0.271s] -- Up-to-date: /home/ashish/s3_ws/install/s3_description/share/ament_index/resource_index/packages/s3_description
[0.272s] -- Up-to-date: /home/ashish/s3_ws/install/s3_description/share/s3_description/cmake/s3_descriptionConfig.cmake
[0.273s] -- Up-to-date: /home/ashish/s3_ws/install/s3_description/share/s3_description/cmake/s3_descriptionConfig-version.cmake
[0.273s] -- Up-to-date: /home/ashish/s3_ws/install/s3_description/share/s3_description/package.xml
[0.311s] Invoked command in '/home/ashish/s3_ws/build/s3_description' returned '0': CMAKE_PREFIX_PATH=${CMAKE_PREFIX_PATH}:/opt/ros/humble /usr/bin/cmake --install /home/ashish/s3_ws/build/s3_description
