[0.059s] Invoking command in '/home/ashish/s3_ws/build/s3_controller': CMAKE_PREFIX_PATH=${CMAKE_PREFIX_PATH}:/opt/ros/humble /usr/bin/cmake --build /home/ashish/s3_ws/build/s3_controller -- -j2 -l2
[0.187s] -- Found ament_cmake: 1.3.10 (/opt/ros/humble/share/ament_cmake/cmake)
[0.520s] -- Found ament_lint_auto: 0.12.11 (/opt/ros/humble/share/ament_lint_auto/cmake)
[0.674s] -- Added test 'lint_cmake' to check CMake code style
[0.677s] -- Added test 'xmllint' to check XML markup files
[0.681s] -- Configuring done
[0.692s] -- Generating done
[0.694s] -- Build files have been written to: /home/ashish/s3_ws/build/s3_controller
[0.728s] Invoked command in '/home/ashish/s3_ws/build/s3_controller' returned '0': CMAKE_PREFIX_PATH=${CMAKE_PREFIX_PATH}:/opt/ros/humble /usr/bin/cmake --build /home/ashish/s3_ws/build/s3_controller -- -j2 -l2
[0.778s] Invoking command in '/home/ashish/s3_ws/build/s3_controller': CMAKE_PREFIX_PATH=${CMAKE_PREFIX_PATH}:/opt/ros/humble /usr/bin/cmake --install /home/ashish/s3_ws/build/s3_controller
[0.792s] -- Install configuration: ""
[0.803s] -- Up-to-date: /home/ashish/s3_ws/install/s3_controller/share/s3_controller/config
[0.805s] -- Installing: /home/ashish/s3_ws/install/s3_controller/share/s3_controller/config/s3_controllers.yaml
[0.806s] -- Installing: /home/ashish/s3_ws/install/s3_controller/share/ament_index/resource_index/package_run_dependencies/s3_controller
[0.808s] -- Up-to-date: /home/ashish/s3_ws/install/s3_controller/share/ament_index/resource_index/parent_prefix_path/s3_controller
[0.810s] -- Up-to-date: /home/ashish/s3_ws/install/s3_controller/share/s3_controller/environment/ament_prefix_path.sh
[0.810s] -- Installing: /home/ashish/s3_ws/install/s3_controller/share/s3_controller/environment/ament_prefix_path.dsv
[0.811s] -- Up-to-date: /home/ashish/s3_ws/install/s3_controller/share/s3_controller/environment/path.sh
[0.812s] -- Installing: /home/ashish/s3_ws/install/s3_controller/share/s3_controller/environment/path.dsv
[0.812s] -- Up-to-date: /home/ashish/s3_ws/install/s3_controller/share/s3_controller/local_setup.bash
[0.813s] -- Up-to-date: /home/ashish/s3_ws/install/s3_controller/share/s3_controller/local_setup.sh
[0.813s] -- Up-to-date: /home/ashish/s3_ws/install/s3_controller/share/s3_controller/local_setup.zsh
[0.813s] -- Installing: /home/ashish/s3_ws/install/s3_controller/share/s3_controller/local_setup.dsv
[0.813s] -- Installing: /home/ashish/s3_ws/install/s3_controller/share/s3_controller/package.dsv
[0.815s] -- Up-to-date: /home/ashish/s3_ws/install/s3_controller/share/ament_index/resource_index/packages/s3_controller
[0.821s] -- Up-to-date: /home/ashish/s3_ws/install/s3_controller/share/s3_controller/cmake/s3_controllerConfig.cmake
[0.821s] -- Up-to-date: /home/ashish/s3_ws/install/s3_controller/share/s3_controller/cmake/s3_controllerConfig-version.cmake
[0.821s] -- Installing: /home/ashish/s3_ws/install/s3_controller/share/s3_controller/package.xml
[0.835s] Invoked command in '/home/ashish/s3_ws/build/s3_controller' returned '0': CMAKE_PREFIX_PATH=${CMAKE_PREFIX_PATH}:/opt/ros/humble /usr/bin/cmake --install /home/ashish/s3_ws/build/s3_controller
