[0.041s] Invoking command in '/home/ashish/s3_ws/build/s3_description': CMAKE_PREFIX_PATH=${CMAKE_PREFIX_PATH}:/opt/ros/humble /usr/bin/cmake --build /home/ashish/s3_ws/build/s3_description -- -j2 -l2
[0.156s] Invoked command in '/home/ashish/s3_ws/build/s3_description' returned '0': CMAKE_PREFIX_PATH=${CMAKE_PREFIX_PATH}:/opt/ros/humble /usr/bin/cmake --build /home/ashish/s3_ws/build/s3_description -- -j2 -l2
[0.241s] Invoking command in '/home/ashish/s3_ws/build/s3_description': CMAKE_PREFIX_PATH=${CMAKE_PREFIX_PATH}:/opt/ros/humble /usr/bin/cmake --install /home/ashish/s3_ws/build/s3_description
[0.267s] -- Install configuration: ""
[0.269s] -- Up-to-date: /home/ashish/s3_ws/install/s3_description/share/s3_description/launch
[0.270s] -- Up-to-date: /home/ashish/s3_ws/install/s3_description/share/s3_description/launch/gazebo.launch.py
[0.270s] -- Up-to-date: /home/ashish/s3_ws/install/s3_description/share/s3_description/launch/display.launch.py
[0.270s] -- Up-to-date: /home/ashish/s3_ws/install/s3_description/share/s3_description/urdf
[0.273s] -- Up-to-date: /home/ashish/s3_ws/install/s3_description/share/s3_description/urdf/s3_gazebo.xacro
[0.274s] -- Installing: /home/ashish/s3_ws/install/s3_description/share/s3_description/urdf/s3_ros2_control.xacro
[0.275s] -- Installing: /home/ashish/s3_ws/install/s3_description/share/s3_description/urdf/s3.urdf.xacro
[0.275s] -- Up-to-date: /home/ashish/s3_ws/install/s3_description/share/s3_description/rviz
[0.276s] -- Up-to-date: /home/ashish/s3_ws/install/s3_description/share/s3_description/rviz/display.rviz
[0.276s] -- Up-to-date: /home/ashish/s3_ws/install/s3_description/share/s3_description/models
[0.278s] -- Up-to-date: /home/ashish/s3_ws/install/s3_description/share/s3_description/models/sun
[0.280s] -- Up-to-date: /home/ashish/s3_ws/install/s3_description/share/s3_description/models/sun/model.sdf
[0.280s] -- Up-to-date: /home/ashish/s3_ws/install/s3_description/share/s3_description/models/sun/model.config
[0.281s] -- Up-to-date: /home/ashish/s3_ws/install/s3_description/share/s3_description/models/sun/model-1_4.sdf
[0.282s] -- Up-to-date: /home/ashish/s3_ws/install/s3_description/share/s3_description/models/sun/model-1_2.sdf
[0.282s] -- Up-to-date: /home/ashish/s3_ws/install/s3_description/share/s3_description/models/sun/model-1_3.sdf
[0.282s] -- Up-to-date: /home/ashish/s3_ws/install/s3_description/share/s3_description/models/ground_plane
[0.282s] -- Up-to-date: /home/ashish/s3_ws/install/s3_description/share/s3_description/models/ground_plane/model.sdf
[0.286s] -- Up-to-date: /home/ashish/s3_ws/install/s3_description/share/s3_description/models/ground_plane/model.config
[0.292s] -- Up-to-date: /home/ashish/s3_ws/install/s3_description/share/s3_description/models/ground_plane/model-1_4.sdf
[0.294s] -- Up-to-date: /home/ashish/s3_ws/install/s3_description/share/s3_description/models/ground_plane/model-1_2.sdf
[0.295s] -- Up-to-date: /home/ashish/s3_ws/install/s3_description/share/s3_description/models/ground_plane/model-1_3.sdf
[0.297s] -- Up-to-date: /home/ashish/s3_ws/install/s3_description/share/ament_index/resource_index/package_run_dependencies/s3_description
[0.297s] -- Up-to-date: /home/ashish/s3_ws/install/s3_description/share/ament_index/resource_index/parent_prefix_path/s3_description
[0.297s] -- Up-to-date: /home/ashish/s3_ws/install/s3_description/share/s3_description/environment/ament_prefix_path.sh
[0.297s] -- Up-to-date: /home/ashish/s3_ws/install/s3_description/share/s3_description/environment/ament_prefix_path.dsv
[0.297s] -- Up-to-date: /home/ashish/s3_ws/install/s3_description/share/s3_description/environment/path.sh
[0.297s] -- Up-to-date: /home/ashish/s3_ws/install/s3_description/share/s3_description/environment/path.dsv
[0.298s] -- Up-to-date: /home/ashish/s3_ws/install/s3_description/share/s3_description/local_setup.bash
[0.298s] -- Up-to-date: /home/ashish/s3_ws/install/s3_description/share/s3_description/local_setup.sh
[0.298s] -- Up-to-date: /home/ashish/s3_ws/install/s3_description/share/s3_description/local_setup.zsh
[0.298s] -- Up-to-date: /home/ashish/s3_ws/install/s3_description/share/s3_description/local_setup.dsv
[0.298s] -- Installing: /home/ashish/s3_ws/install/s3_description/share/s3_description/package.dsv
[0.299s] -- Up-to-date: /home/ashish/s3_ws/install/s3_description/share/ament_index/resource_index/packages/s3_description
[0.299s] -- Up-to-date: /home/ashish/s3_ws/install/s3_description/share/s3_description/cmake/s3_descriptionConfig.cmake
[0.299s] -- Up-to-date: /home/ashish/s3_ws/install/s3_description/share/s3_description/cmake/s3_descriptionConfig-version.cmake
[0.300s] -- Up-to-date: /home/ashish/s3_ws/install/s3_description/share/s3_description/package.xml
[0.353s] Invoked command in '/home/ashish/s3_ws/build/s3_description' returned '0': CMAKE_PREFIX_PATH=${CMAKE_PREFIX_PATH}:/opt/ros/humble /usr/bin/cmake --install /home/ashish/s3_ws/build/s3_description
