[0.055s] Invoking command in '/home/ashish/s3_ws/build/s3_description': CMAKE_PREFIX_PATH=${CMAKE_PREFIX_PATH}:/opt/ros/humble /usr/bin/cmake --build /home/ashish/s3_ws/build/s3_description -- -j2 -l2
[0.170s] -- Found ament_cmake: 1.3.10 (/opt/ros/humble/share/ament_cmake/cmake)
[0.508s] -- Found urdf: 2.6.0 (/opt/ros/humble/share/urdf/cmake)
[0.631s] -- Found ament_lint_auto: 0.12.11 (/opt/ros/humble/share/ament_lint_auto/cmake)
[0.752s] -- Added test 'flake8' to check Python code syntax and style conventions
[0.753s] -- Added test 'lint_cmake' to check CMake code style
[0.754s] -- Added test 'pep257' to check Python code against some of the docstring style conventions in PEP 257
[0.755s] -- Added test 'xmllint' to check XML markup files
[0.757s] -- Configuring done
[0.765s] -- Generating done
[0.766s] -- Build files have been written to: /home/ashish/s3_ws/build/s3_description
[0.798s] Invoked command in '/home/ashish/s3_ws/build/s3_description' returned '0': CMAKE_PREFIX_PATH=${CMAKE_PREFIX_PATH}:/opt/ros/humble /usr/bin/cmake --build /home/ashish/s3_ws/build/s3_description -- -j2 -l2
[0.861s] Invoking command in '/home/ashish/s3_ws/build/s3_description': CMAKE_PREFIX_PATH=${CMAKE_PREFIX_PATH}:/opt/ros/humble /usr/bin/cmake --install /home/ashish/s3_ws/build/s3_description
[0.889s] -- Install configuration: ""
[0.901s] -- Up-to-date: /home/ashish/s3_ws/install/s3_description/share/s3_description/launch
[0.902s] -- Up-to-date: /home/ashish/s3_ws/install/s3_description/share/s3_description/launch/display.launch.py
[0.903s] -- Up-to-date: /home/ashish/s3_ws/install/s3_description/share/s3_description/urdf
[0.904s] -- Up-to-date: /home/ashish/s3_ws/install/s3_description/share/s3_description/urdf/s3.urdf.xacro
[0.904s] -- Installing: /home/ashish/s3_ws/install/s3_description/share/s3_description/rviz
[0.905s] -- Installing: /home/ashish/s3_ws/install/s3_description/share/s3_description/rviz/display.rviz
[0.905s] -- Up-to-date: /home/ashish/s3_ws/install/s3_description/share/ament_index/resource_index/package_run_dependencies/s3_description
[0.906s] -- Up-to-date: /home/ashish/s3_ws/install/s3_description/share/ament_index/resource_index/parent_prefix_path/s3_description
[0.906s] -- Up-to-date: /home/ashish/s3_ws/install/s3_description/share/s3_description/environment/ament_prefix_path.sh
[0.907s] -- Installing: /home/ashish/s3_ws/install/s3_description/share/s3_description/environment/ament_prefix_path.dsv
[0.908s] -- Up-to-date: /home/ashish/s3_ws/install/s3_description/share/s3_description/environment/path.sh
[0.909s] -- Installing: /home/ashish/s3_ws/install/s3_description/share/s3_description/environment/path.dsv
[0.909s] -- Up-to-date: /home/ashish/s3_ws/install/s3_description/share/s3_description/local_setup.bash
[0.910s] -- Up-to-date: /home/ashish/s3_ws/install/s3_description/share/s3_description/local_setup.sh
[0.911s] -- Up-to-date: /home/ashish/s3_ws/install/s3_description/share/s3_description/local_setup.zsh
[0.911s] -- Installing: /home/ashish/s3_ws/install/s3_description/share/s3_description/local_setup.dsv
[0.913s] -- Installing: /home/ashish/s3_ws/install/s3_description/share/s3_description/package.dsv
[0.914s] -- Up-to-date: /home/ashish/s3_ws/install/s3_description/share/ament_index/resource_index/packages/s3_description
[0.914s] -- Up-to-date: /home/ashish/s3_ws/install/s3_description/share/s3_description/cmake/s3_descriptionConfig.cmake
[0.915s] -- Up-to-date: /home/ashish/s3_ws/install/s3_description/share/s3_description/cmake/s3_descriptionConfig-version.cmake
[0.916s] -- Up-to-date: /home/ashish/s3_ws/install/s3_description/share/s3_description/package.xml
[0.921s] Invoked command in '/home/ashish/s3_ws/build/s3_description' returned '0': CMAKE_PREFIX_PATH=${CMAKE_PREFIX_PATH}:/opt/ros/humble /usr/bin/cmake --install /home/ashish/s3_ws/build/s3_description
