[1.086s] DEBUG:colcon:Command line arguments: ['/usr/bin/colcon', 'build']
[1.087s] DEBUG:colcon:Parsed command line arguments: Namespace(log_base=None, log_level=None, verb_name='build', build_base='build', install_base='install', merge_install=False, symlink_install=False, test_result_base=None, continue_on_error=False, executor='parallel', parallel_workers=2, event_handlers=None, ignore_user_meta=False, metas=['./colcon.meta'], base_paths=['.'], packages_ignore=None, packages_ignore_regex=None, paths=None, packages_up_to=None, packages_up_to_regex=None, packages_above=None, packages_above_and_dependencies=None, packages_above_depth=None, packages_select_by_dep=None, packages_skip_by_dep=None, packages_skip_up_to=None, packages_select_build_failed=False, packages_skip_build_finished=False, packages_select_test_failures=False, packages_skip_test_passed=False, packages_select=None, packages_skip=None, packages_select_regex=None, packages_skip_regex=None, packages_start=None, packages_end=None, allow_overriding=[], cmake_args=None, cmake_target=None, cmake_target_skip_unavailable=False, cmake_clean_cache=False, cmake_clean_first=False, cmake_force_configure=False, ament_cmake_args=None, catkin_cmake_args=None, catkin_skip_building_tests=False, verb_parser=<colcon_defaults.argument_parser.defaults.DefaultArgumentsDecorator object at 0x72467191bf40>, verb_extension=<colcon_core.verb.build.BuildVerb object at 0x724671a64a90>, main=<bound method BuildVerb.main of <colcon_core.verb.build.BuildVerb object at 0x724671a64a90>>)
[1.970s] Level 1:colcon.colcon_core.package_discovery:discover_packages(colcon_meta) check parameters
[1.970s] Level 1:colcon.colcon_core.package_discovery:discover_packages(recursive) check parameters
[1.970s] Level 1:colcon.colcon_core.package_discovery:discover_packages(ignore) check parameters
[1.970s] Level 1:colcon.colcon_core.package_discovery:discover_packages(path) check parameters
[1.970s] Level 1:colcon.colcon_core.package_discovery:discover_packages(colcon_meta) discover
[1.970s] Level 1:colcon.colcon_core.package_discovery:discover_packages(recursive) discover
[1.970s] INFO:colcon.colcon_core.package_discovery:Crawling recursively for packages in '/home/ashish/s3_ws'
[1.971s] Level 1:colcon.colcon_core.package_identification:_identify(.) by extensions ['ignore', 'ignore_ament_install']
[1.971s] Level 1:colcon.colcon_core.package_identification:_identify(.) by extension 'ignore'
[1.971s] Level 1:colcon.colcon_core.package_identification:_identify(.) by extension 'ignore_ament_install'
[1.972s] Level 1:colcon.colcon_core.package_identification:_identify(.) by extensions ['colcon_pkg']
[1.972s] Level 1:colcon.colcon_core.package_identification:_identify(.) by extension 'colcon_pkg'
[1.972s] Level 1:colcon.colcon_core.package_identification:_identify(.) by extensions ['colcon_meta']
[1.972s] Level 1:colcon.colcon_core.package_identification:_identify(.) by extension 'colcon_meta'
[1.973s] Level 1:colcon.colcon_core.package_identification:_identify(.) by extensions ['ros']
[1.973s] Level 1:colcon.colcon_core.package_identification:_identify(.) by extension 'ros'
[2.024s] Level 1:colcon.colcon_core.package_identification:_identify(.) by extensions ['cmake', 'python']
[2.025s] Level 1:colcon.colcon_core.package_identification:_identify(.) by extension 'cmake'
[2.025s] Level 1:colcon.colcon_core.package_identification:_identify(.) by extension 'python'
[2.025s] Level 1:colcon.colcon_core.package_identification:_identify(.) by extensions ['python_setup_py']
[2.025s] Level 1:colcon.colcon_core.package_identification:_identify(.) by extension 'python_setup_py'
[2.026s] Level 1:colcon.colcon_core.package_identification:_identify(build) by extensions ['ignore', 'ignore_ament_install']
[2.026s] Level 1:colcon.colcon_core.package_identification:_identify(build) by extension 'ignore'
[2.026s] Level 1:colcon.colcon_core.package_identification:_identify(build) ignored
[2.027s] Level 1:colcon.colcon_core.package_identification:_identify(install) by extensions ['ignore', 'ignore_ament_install']
[2.027s] Level 1:colcon.colcon_core.package_identification:_identify(install) by extension 'ignore'
[2.027s] Level 1:colcon.colcon_core.package_identification:_identify(install) ignored
[2.028s] Level 1:colcon.colcon_core.package_identification:_identify(log) by extensions ['ignore', 'ignore_ament_install']
[2.028s] Level 1:colcon.colcon_core.package_identification:_identify(log) by extension 'ignore'
[2.028s] Level 1:colcon.colcon_core.package_identification:_identify(log) ignored
[2.028s] Level 1:colcon.colcon_core.package_identification:_identify(src) by extensions ['ignore', 'ignore_ament_install']
[2.029s] Level 1:colcon.colcon_core.package_identification:_identify(src) by extension 'ignore'
[2.029s] Level 1:colcon.colcon_core.package_identification:_identify(src) by extension 'ignore_ament_install'
[2.029s] Level 1:colcon.colcon_core.package_identification:_identify(src) by extensions ['colcon_pkg']
[2.029s] Level 1:colcon.colcon_core.package_identification:_identify(src) by extension 'colcon_pkg'
[2.029s] Level 1:colcon.colcon_core.package_identification:_identify(src) by extensions ['colcon_meta']
[2.030s] Level 1:colcon.colcon_core.package_identification:_identify(src) by extension 'colcon_meta'
[2.030s] Level 1:colcon.colcon_core.package_identification:_identify(src) by extensions ['ros']
[2.030s] Level 1:colcon.colcon_core.package_identification:_identify(src) by extension 'ros'
[2.030s] Level 1:colcon.colcon_core.package_identification:_identify(src) by extensions ['cmake', 'python']
[2.030s] Level 1:colcon.colcon_core.package_identification:_identify(src) by extension 'cmake'
[2.031s] Level 1:colcon.colcon_core.package_identification:_identify(src) by extension 'python'
[2.032s] Level 1:colcon.colcon_core.package_identification:_identify(src) by extensions ['python_setup_py']
[2.032s] Level 1:colcon.colcon_core.package_identification:_identify(src) by extension 'python_setup_py'
[2.033s] Level 1:colcon.colcon_core.package_identification:_identify(src/s3_controller) by extensions ['ignore', 'ignore_ament_install']
[2.033s] Level 1:colcon.colcon_core.package_identification:_identify(src/s3_controller) by extension 'ignore'
[2.033s] Level 1:colcon.colcon_core.package_identification:_identify(src/s3_controller) by extension 'ignore_ament_install'
[2.034s] Level 1:colcon.colcon_core.package_identification:_identify(src/s3_controller) by extensions ['colcon_pkg']
[2.034s] Level 1:colcon.colcon_core.package_identification:_identify(src/s3_controller) by extension 'colcon_pkg'
[2.034s] Level 1:colcon.colcon_core.package_identification:_identify(src/s3_controller) by extensions ['colcon_meta']
[2.034s] Level 1:colcon.colcon_core.package_identification:_identify(src/s3_controller) by extension 'colcon_meta'
[2.034s] Level 1:colcon.colcon_core.package_identification:_identify(src/s3_controller) by extensions ['ros']
[2.034s] Level 1:colcon.colcon_core.package_identification:_identify(src/s3_controller) by extension 'ros'
[2.045s] DEBUG:colcon.colcon_core.package_identification:Package 'src/s3_controller' with type 'ros.ament_cmake' and name 's3_controller'
[2.045s] Level 1:colcon.colcon_core.package_identification:_identify(src/s3_description) by extensions ['ignore', 'ignore_ament_install']
[2.045s] Level 1:colcon.colcon_core.package_identification:_identify(src/s3_description) by extension 'ignore'
[2.046s] Level 1:colcon.colcon_core.package_identification:_identify(src/s3_description) by extension 'ignore_ament_install'
[2.046s] Level 1:colcon.colcon_core.package_identification:_identify(src/s3_description) by extensions ['colcon_pkg']
[2.046s] Level 1:colcon.colcon_core.package_identification:_identify(src/s3_description) by extension 'colcon_pkg'
[2.046s] Level 1:colcon.colcon_core.package_identification:_identify(src/s3_description) by extensions ['colcon_meta']
[2.046s] Level 1:colcon.colcon_core.package_identification:_identify(src/s3_description) by extension 'colcon_meta'
[2.047s] Level 1:colcon.colcon_core.package_identification:_identify(src/s3_description) by extensions ['ros']
[2.047s] Level 1:colcon.colcon_core.package_identification:_identify(src/s3_description) by extension 'ros'
[2.051s] DEBUG:colcon.colcon_core.package_identification:Package 'src/s3_description' with type 'ros.ament_cmake' and name 's3_description'
[2.051s] Level 1:colcon.colcon_core.package_discovery:discover_packages(recursive) using defaults
[2.052s] Level 1:colcon.colcon_core.package_discovery:discover_packages(ignore) discover
[2.052s] Level 1:colcon.colcon_core.package_discovery:discover_packages(ignore) using defaults
[2.052s] Level 1:colcon.colcon_core.package_discovery:discover_packages(path) discover
[2.052s] Level 1:colcon.colcon_core.package_discovery:discover_packages(path) using defaults
[2.152s] Level 1:colcon.colcon_core.package_discovery:discover_packages(prefix_path) check parameters
[2.153s] Level 1:colcon.colcon_core.package_discovery:discover_packages(prefix_path) discover
[2.172s] DEBUG:colcon.colcon_installed_package_information.package_discovery:Found 2 installed packages in /home/ashish/s3_ws/install
[2.176s] DEBUG:colcon.colcon_installed_package_information.package_discovery:Found 2 installed packages in /home/ashish/arduinobot_ws/install
[2.186s] DEBUG:colcon.colcon_installed_package_information.package_discovery:Found 321 installed packages in /opt/ros/humble
[2.191s] Level 1:colcon.colcon_core.package_discovery:discover_packages(prefix_path) using defaults
[2.527s] Level 5:colcon.colcon_core.verb:set package 's3_controller' build argument 'cmake_args' from command line to 'None'
[2.527s] Level 5:colcon.colcon_core.verb:set package 's3_controller' build argument 'cmake_target' from command line to 'None'
[2.528s] Level 5:colcon.colcon_core.verb:set package 's3_controller' build argument 'cmake_target_skip_unavailable' from command line to 'False'
[2.528s] Level 5:colcon.colcon_core.verb:set package 's3_controller' build argument 'cmake_clean_cache' from command line to 'False'
[2.528s] Level 5:colcon.colcon_core.verb:set package 's3_controller' build argument 'cmake_clean_first' from command line to 'False'
[2.528s] Level 5:colcon.colcon_core.verb:set package 's3_controller' build argument 'cmake_force_configure' from command line to 'False'
[2.528s] Level 5:colcon.colcon_core.verb:set package 's3_controller' build argument 'ament_cmake_args' from command line to 'None'
[2.528s] Level 5:colcon.colcon_core.verb:set package 's3_controller' build argument 'catkin_cmake_args' from command line to 'None'
[2.528s] Level 5:colcon.colcon_core.verb:set package 's3_controller' build argument 'catkin_skip_building_tests' from command line to 'False'
[2.528s] DEBUG:colcon.colcon_core.verb:Building package 's3_controller' with the following arguments: {'ament_cmake_args': None, 'build_base': '/home/ashish/s3_ws/build/s3_controller', 'catkin_cmake_args': None, 'catkin_skip_building_tests': False, 'cmake_args': None, 'cmake_clean_cache': False, 'cmake_clean_first': False, 'cmake_force_configure': False, 'cmake_target': None, 'cmake_target_skip_unavailable': False, 'install_base': '/home/ashish/s3_ws/install/s3_controller', 'merge_install': False, 'path': '/home/ashish/s3_ws/src/s3_controller', 'symlink_install': False, 'test_result_base': None}
[2.529s] Level 5:colcon.colcon_core.verb:set package 's3_description' build argument 'cmake_args' from command line to 'None'
[2.529s] Level 5:colcon.colcon_core.verb:set package 's3_description' build argument 'cmake_target' from command line to 'None'
[2.530s] Level 5:colcon.colcon_core.verb:set package 's3_description' build argument 'cmake_target_skip_unavailable' from command line to 'False'
[2.530s] Level 5:colcon.colcon_core.verb:set package 's3_description' build argument 'cmake_clean_cache' from command line to 'False'
[2.530s] Level 5:colcon.colcon_core.verb:set package 's3_description' build argument 'cmake_clean_first' from command line to 'False'
[2.530s] Level 5:colcon.colcon_core.verb:set package 's3_description' build argument 'cmake_force_configure' from command line to 'False'
[2.530s] Level 5:colcon.colcon_core.verb:set package 's3_description' build argument 'ament_cmake_args' from command line to 'None'
[2.530s] Level 5:colcon.colcon_core.verb:set package 's3_description' build argument 'catkin_cmake_args' from command line to 'None'
[2.530s] Level 5:colcon.colcon_core.verb:set package 's3_description' build argument 'catkin_skip_building_tests' from command line to 'False'
[2.530s] DEBUG:colcon.colcon_core.verb:Building package 's3_description' with the following arguments: {'ament_cmake_args': None, 'build_base': '/home/ashish/s3_ws/build/s3_description', 'catkin_cmake_args': None, 'catkin_skip_building_tests': False, 'cmake_args': None, 'cmake_clean_cache': False, 'cmake_clean_first': False, 'cmake_force_configure': False, 'cmake_target': None, 'cmake_target_skip_unavailable': False, 'install_base': '/home/ashish/s3_ws/install/s3_description', 'merge_install': False, 'path': '/home/ashish/s3_ws/src/s3_description', 'symlink_install': False, 'test_result_base': None}
[2.531s] INFO:colcon.colcon_core.executor:Executing jobs using 'parallel' executor
[2.536s] DEBUG:colcon.colcon_parallel_executor.executor.parallel:run_until_complete
[2.536s] INFO:colcon.colcon_ros.task.ament_cmake.build:Building ROS package in '/home/ashish/s3_ws/src/s3_controller' with build type 'ament_cmake'
[2.537s] INFO:colcon.colcon_cmake.task.cmake.build:Building CMake package in '/home/ashish/s3_ws/src/s3_controller'
[2.564s] INFO:colcon.colcon_core.plugin_system:Skipping extension 'colcon_core.shell.bat': Not used on non-Windows systems
[2.568s] INFO:colcon.colcon_core.shell:Skip shell extension 'powershell' for command environment: Not usable outside of PowerShell
[2.569s] DEBUG:colcon.colcon_core.shell:Skip shell extension 'dsv' for command environment
[2.585s] INFO:colcon.colcon_ros.task.ament_cmake.build:Building ROS package in '/home/ashish/s3_ws/src/s3_description' with build type 'ament_cmake'
[2.585s] INFO:colcon.colcon_cmake.task.cmake.build:Building CMake package in '/home/ashish/s3_ws/src/s3_description'
[2.586s] INFO:colcon.colcon_core.shell:Skip shell extension 'powershell' for command environment: Not usable outside of PowerShell
[2.586s] DEBUG:colcon.colcon_core.shell:Skip shell extension 'dsv' for command environment
[2.619s] DEBUG:colcon.colcon_core.event_handler.log_command:Invoking command in '/home/ashish/s3_ws/build/s3_controller': CMAKE_PREFIX_PATH=${CMAKE_PREFIX_PATH}:/opt/ros/humble /usr/bin/cmake --build /home/ashish/s3_ws/build/s3_controller -- -j2 -l2
[2.655s] DEBUG:colcon.colcon_core.event_handler.log_command:Invoking command in '/home/ashish/s3_ws/build/s3_description': CMAKE_PREFIX_PATH=${CMAKE_PREFIX_PATH}:/opt/ros/humble /usr/bin/cmake --build /home/ashish/s3_ws/build/s3_description -- -j2 -l2
[3.011s] DEBUG:colcon.colcon_core.event_handler.log_command:Invoked command in '/home/ashish/s3_ws/build/s3_controller' returned '0': CMAKE_PREFIX_PATH=${CMAKE_PREFIX_PATH}:/opt/ros/humble /usr/bin/cmake --build /home/ashish/s3_ws/build/s3_controller -- -j2 -l2
[3.017s] DEBUG:colcon.colcon_core.event_handler.log_command:Invoked command in '/home/ashish/s3_ws/build/s3_description' returned '0': CMAKE_PREFIX_PATH=${CMAKE_PREFIX_PATH}:/opt/ros/humble /usr/bin/cmake --build /home/ashish/s3_ws/build/s3_description -- -j2 -l2
[3.131s] DEBUG:colcon.colcon_core.event_handler.log_command:Invoking command in '/home/ashish/s3_ws/build/s3_controller': CMAKE_PREFIX_PATH=${CMAKE_PREFIX_PATH}:/opt/ros/humble /usr/bin/cmake --install /home/ashish/s3_ws/build/s3_controller
[3.138s] DEBUG:colcon.colcon_core.event_handler.log_command:Invoking command in '/home/ashish/s3_ws/build/s3_description': CMAKE_PREFIX_PATH=${CMAKE_PREFIX_PATH}:/opt/ros/humble /usr/bin/cmake --install /home/ashish/s3_ws/build/s3_description
[3.220s] Level 1:colcon.colcon_core.environment:create_environment_scripts_only(s3_controller)
[3.222s] DEBUG:colcon.colcon_core.event_handler.log_command:Invoked command in '/home/ashish/s3_ws/build/s3_controller' returned '0': CMAKE_PREFIX_PATH=${CMAKE_PREFIX_PATH}:/opt/ros/humble /usr/bin/cmake --install /home/ashish/s3_ws/build/s3_controller
[3.261s] Level 1:colcon.colcon_core.environment:checking '/home/ashish/s3_ws/install/s3_controller' for CMake module files
[3.264s] Level 1:colcon.colcon_core.environment:checking '/home/ashish/s3_ws/install/s3_controller' for CMake config files
[3.266s] Level 1:colcon.colcon_core.shell:create_environment_hook('s3_controller', 'cmake_prefix_path')
[3.267s] INFO:colcon.colcon_core.shell:Creating environment hook '/home/ashish/s3_ws/install/s3_controller/share/s3_controller/hook/cmake_prefix_path.ps1'
[3.271s] INFO:colcon.colcon_core.shell:Creating environment descriptor '/home/ashish/s3_ws/install/s3_controller/share/s3_controller/hook/cmake_prefix_path.dsv'
[3.274s] INFO:colcon.colcon_core.shell:Creating environment hook '/home/ashish/s3_ws/install/s3_controller/share/s3_controller/hook/cmake_prefix_path.sh'
[3.281s] Level 1:colcon.colcon_core.environment:checking '/home/ashish/s3_ws/install/s3_controller/bin'
[3.281s] Level 1:colcon.colcon_core.environment:checking '/home/ashish/s3_ws/install/s3_controller/lib/pkgconfig/s3_controller.pc'
[3.281s] Level 1:colcon.colcon_core.environment:checking '/home/ashish/s3_ws/install/s3_controller/lib/python3.10/site-packages'
[3.282s] Level 1:colcon.colcon_core.environment:checking '/home/ashish/s3_ws/install/s3_controller/bin'
[3.283s] INFO:colcon.colcon_core.shell:Creating package script '/home/ashish/s3_ws/install/s3_controller/share/s3_controller/package.ps1'
[3.291s] INFO:colcon.colcon_core.shell:Creating package descriptor '/home/ashish/s3_ws/install/s3_controller/share/s3_controller/package.dsv'
[3.295s] INFO:colcon.colcon_core.shell:Creating package script '/home/ashish/s3_ws/install/s3_controller/share/s3_controller/package.sh'
[3.300s] INFO:colcon.colcon_core.shell:Creating package script '/home/ashish/s3_ws/install/s3_controller/share/s3_controller/package.bash'
[3.306s] INFO:colcon.colcon_core.shell:Creating package script '/home/ashish/s3_ws/install/s3_controller/share/s3_controller/package.zsh'
[3.312s] Level 1:colcon.colcon_core.environment:create_file_with_runtime_dependencies(/home/ashish/s3_ws/install/s3_controller/share/colcon-core/packages/s3_controller)
[3.318s] Level 1:colcon.colcon_core.environment:create_environment_scripts_only(s3_description)
[3.319s] Level 1:colcon.colcon_core.environment:checking '/home/ashish/s3_ws/install/s3_description' for CMake module files
[3.320s] Level 1:colcon.colcon_core.environment:checking '/home/ashish/s3_ws/install/s3_description' for CMake config files
[3.321s] DEBUG:colcon.colcon_core.event_handler.log_command:Invoked command in '/home/ashish/s3_ws/build/s3_description' returned '0': CMAKE_PREFIX_PATH=${CMAKE_PREFIX_PATH}:/opt/ros/humble /usr/bin/cmake --install /home/ashish/s3_ws/build/s3_description
[3.322s] Level 1:colcon.colcon_core.shell:create_environment_hook('s3_description', 'cmake_prefix_path')
[3.323s] INFO:colcon.colcon_core.shell:Creating environment hook '/home/ashish/s3_ws/install/s3_description/share/s3_description/hook/cmake_prefix_path.ps1'
[3.326s] INFO:colcon.colcon_core.shell:Creating environment descriptor '/home/ashish/s3_ws/install/s3_description/share/s3_description/hook/cmake_prefix_path.dsv'
[3.327s] INFO:colcon.colcon_core.shell:Creating environment hook '/home/ashish/s3_ws/install/s3_description/share/s3_description/hook/cmake_prefix_path.sh'
[3.329s] Level 1:colcon.colcon_core.environment:checking '/home/ashish/s3_ws/install/s3_description/bin'
[3.330s] Level 1:colcon.colcon_core.environment:checking '/home/ashish/s3_ws/install/s3_description/lib/pkgconfig/s3_description.pc'
[3.331s] Level 1:colcon.colcon_core.environment:checking '/home/ashish/s3_ws/install/s3_description/lib/python3.10/site-packages'
[3.332s] Level 1:colcon.colcon_core.environment:checking '/home/ashish/s3_ws/install/s3_description/bin'
[3.338s] INFO:colcon.colcon_core.shell:Creating package script '/home/ashish/s3_ws/install/s3_description/share/s3_description/package.ps1'
[3.341s] INFO:colcon.colcon_core.shell:Creating package descriptor '/home/ashish/s3_ws/install/s3_description/share/s3_description/package.dsv'
[3.343s] INFO:colcon.colcon_core.shell:Creating package script '/home/ashish/s3_ws/install/s3_description/share/s3_description/package.sh'
[3.344s] INFO:colcon.colcon_core.shell:Creating package script '/home/ashish/s3_ws/install/s3_description/share/s3_description/package.bash'
[3.346s] INFO:colcon.colcon_core.shell:Creating package script '/home/ashish/s3_ws/install/s3_description/share/s3_description/package.zsh'
[3.347s] Level 1:colcon.colcon_core.environment:create_file_with_runtime_dependencies(/home/ashish/s3_ws/install/s3_description/share/colcon-core/packages/s3_description)
[3.429s] Level 1:colcon.colcon_core.environment:create_environment_scripts_only(s3_controller)
[3.429s] Level 1:colcon.colcon_core.environment:checking '/home/ashish/s3_ws/install/s3_controller' for CMake module files
[3.432s] Level 1:colcon.colcon_core.environment:checking '/home/ashish/s3_ws/install/s3_controller' for CMake config files
[3.434s] Level 1:colcon.colcon_core.shell:create_environment_hook('s3_controller', 'cmake_prefix_path')
[3.435s] INFO:colcon.colcon_core.shell:Creating environment hook '/home/ashish/s3_ws/install/s3_controller/share/s3_controller/hook/cmake_prefix_path.ps1'
[3.438s] INFO:colcon.colcon_core.shell:Creating environment descriptor '/home/ashish/s3_ws/install/s3_controller/share/s3_controller/hook/cmake_prefix_path.dsv'
[3.440s] INFO:colcon.colcon_core.shell:Creating environment hook '/home/ashish/s3_ws/install/s3_controller/share/s3_controller/hook/cmake_prefix_path.sh'
[3.443s] Level 1:colcon.colcon_core.environment:checking '/home/ashish/s3_ws/install/s3_controller/bin'
[3.443s] Level 1:colcon.colcon_core.environment:checking '/home/ashish/s3_ws/install/s3_controller/lib/pkgconfig/s3_controller.pc'
[3.444s] Level 1:colcon.colcon_core.environment:checking '/home/ashish/s3_ws/install/s3_controller/lib/python3.10/site-packages'
[3.445s] Level 1:colcon.colcon_core.environment:checking '/home/ashish/s3_ws/install/s3_controller/bin'
[3.447s] INFO:colcon.colcon_core.shell:Creating package script '/home/ashish/s3_ws/install/s3_controller/share/s3_controller/package.ps1'
[3.451s] INFO:colcon.colcon_core.shell:Creating package descriptor '/home/ashish/s3_ws/install/s3_controller/share/s3_controller/package.dsv'
[3.453s] INFO:colcon.colcon_core.shell:Creating package script '/home/ashish/s3_ws/install/s3_controller/share/s3_controller/package.sh'
[3.456s] INFO:colcon.colcon_core.shell:Creating package script '/home/ashish/s3_ws/install/s3_controller/share/s3_controller/package.bash'
[3.459s] INFO:colcon.colcon_core.shell:Creating package script '/home/ashish/s3_ws/install/s3_controller/share/s3_controller/package.zsh'
[3.462s] Level 1:colcon.colcon_core.environment:create_file_with_runtime_dependencies(/home/ashish/s3_ws/install/s3_controller/share/colcon-core/packages/s3_controller)
[3.475s] Level 1:colcon.colcon_core.environment:create_environment_scripts_only(s3_description)
[3.476s] Level 1:colcon.colcon_core.environment:checking '/home/ashish/s3_ws/install/s3_description' for CMake module files
[3.477s] Level 1:colcon.colcon_core.environment:checking '/home/ashish/s3_ws/install/s3_description' for CMake config files
[3.478s] Level 1:colcon.colcon_core.shell:create_environment_hook('s3_description', 'cmake_prefix_path')
[3.478s] INFO:colcon.colcon_core.shell:Creating environment hook '/home/ashish/s3_ws/install/s3_description/share/s3_description/hook/cmake_prefix_path.ps1'
[3.481s] INFO:colcon.colcon_core.shell:Creating environment descriptor '/home/ashish/s3_ws/install/s3_description/share/s3_description/hook/cmake_prefix_path.dsv'
[3.483s] INFO:colcon.colcon_core.shell:Creating environment hook '/home/ashish/s3_ws/install/s3_description/share/s3_description/hook/cmake_prefix_path.sh'
[3.486s] Level 1:colcon.colcon_core.environment:checking '/home/ashish/s3_ws/install/s3_description/bin'
[3.488s] Level 1:colcon.colcon_core.environment:checking '/home/ashish/s3_ws/install/s3_description/lib/pkgconfig/s3_description.pc'
[3.488s] Level 1:colcon.colcon_core.environment:checking '/home/ashish/s3_ws/install/s3_description/lib/python3.10/site-packages'
[3.489s] Level 1:colcon.colcon_core.environment:checking '/home/ashish/s3_ws/install/s3_description/bin'
[3.490s] INFO:colcon.colcon_core.shell:Creating package script '/home/ashish/s3_ws/install/s3_description/share/s3_description/package.ps1'
[3.492s] INFO:colcon.colcon_core.shell:Creating package descriptor '/home/ashish/s3_ws/install/s3_description/share/s3_description/package.dsv'
[3.494s] INFO:colcon.colcon_core.shell:Creating package script '/home/ashish/s3_ws/install/s3_description/share/s3_description/package.sh'
[3.497s] INFO:colcon.colcon_core.shell:Creating package script '/home/ashish/s3_ws/install/s3_description/share/s3_description/package.bash'
[3.499s] INFO:colcon.colcon_core.shell:Creating package script '/home/ashish/s3_ws/install/s3_description/share/s3_description/package.zsh'
[3.502s] Level 1:colcon.colcon_core.environment:create_file_with_runtime_dependencies(/home/ashish/s3_ws/install/s3_description/share/colcon-core/packages/s3_description)
[3.506s] DEBUG:colcon.colcon_parallel_executor.executor.parallel:closing loop
[3.506s] DEBUG:colcon.colcon_parallel_executor.executor.parallel:loop closed
[3.506s] DEBUG:colcon.colcon_parallel_executor.executor.parallel:run_until_complete finished with '0'
[3.506s] DEBUG:colcon.colcon_core.event_reactor:joining thread
[3.573s] INFO:colcon.colcon_core.plugin_system:Skipping extension 'colcon_notification.desktop_notification.terminal_notifier': Not used on non-Darwin systems
[3.573s] INFO:colcon.colcon_core.plugin_system:Skipping extension 'colcon_notification.desktop_notification.win32': Not used on non-Windows systems
[3.573s] INFO:colcon.colcon_notification.desktop_notification:Sending desktop notification using 'notify2'
[3.745s] DEBUG:colcon.colcon_core.event_reactor:joined thread
[3.747s] INFO:colcon.colcon_core.shell:Creating prefix script '/home/ashish/s3_ws/install/local_setup.ps1'
[3.751s] INFO:colcon.colcon_core.shell:Creating prefix util module '/home/ashish/s3_ws/install/_local_setup_util_ps1.py'
[3.757s] INFO:colcon.colcon_core.shell:Creating prefix chain script '/home/ashish/s3_ws/install/setup.ps1'
[3.762s] INFO:colcon.colcon_core.shell:Creating prefix script '/home/ashish/s3_ws/install/local_setup.sh'
[3.769s] INFO:colcon.colcon_core.shell:Creating prefix util module '/home/ashish/s3_ws/install/_local_setup_util_sh.py'
[3.771s] INFO:colcon.colcon_core.shell:Creating prefix chain script '/home/ashish/s3_ws/install/setup.sh'
[3.774s] INFO:colcon.colcon_core.shell:Creating prefix script '/home/ashish/s3_ws/install/local_setup.bash'
[3.776s] INFO:colcon.colcon_core.shell:Creating prefix chain script '/home/ashish/s3_ws/install/setup.bash'
[3.782s] INFO:colcon.colcon_core.shell:Creating prefix script '/home/ashish/s3_ws/install/local_setup.zsh'
[3.788s] INFO:colcon.colcon_core.shell:Creating prefix chain script '/home/ashish/s3_ws/install/setup.zsh'
