[0.042s] Invoking command in '/home/ashish/s3_ws/build/s3_description': CMAKE_PREFIX_PATH=${CMAKE_PREFIX_PATH}:/opt/ros/humble /usr/bin/cmake --build /home/ashish/s3_ws/build/s3_description -- -j2 -l2
[0.139s] -- Found ament_cmake: 1.3.10 (/opt/ros/humble/share/ament_cmake/cmake)
[0.448s] -- Found ament_lint_auto: 0.12.11 (/opt/ros/humble/share/ament_lint_auto/cmake)
[0.641s] -- Added test 'flake8' to check Python code syntax and style conventions
[0.641s] -- Added test 'lint_cmake' to check CMake code style
[0.643s] -- Added test 'pep257' to check Python code against some of the docstring style conventions in PEP 257
[0.646s] -- Added test 'xmllint' to check XML markup files
[0.650s] -- Configuring done
[0.677s] -- Generating done
[0.681s] -- Build files have been written to: /home/ashish/s3_ws/build/s3_description
[0.734s] Invoked command in '/home/ashish/s3_ws/build/s3_description' returned '0': CMAKE_PREFIX_PATH=${CMAKE_PREFIX_PATH}:/opt/ros/humble /usr/bin/cmake --build /home/ashish/s3_ws/build/s3_description -- -j2 -l2
[0.810s] Invoking command in '/home/ashish/s3_ws/build/s3_description': CMAKE_PREFIX_PATH=${CMAKE_PREFIX_PATH}:/opt/ros/humble /usr/bin/cmake --install /home/ashish/s3_ws/build/s3_description
[0.828s] -- Install configuration: ""
[0.841s] -- Up-to-date: /home/ashish/s3_ws/install/s3_description/share/s3_description/launch
[0.841s] -- Installing: /home/ashish/s3_ws/install/s3_description/share/s3_description/launch/display.launch.py
[0.842s] -- Up-to-date: /home/ashish/s3_ws/install/s3_description/share/s3_description/urdf
[0.843s] -- Installing: /home/ashish/s3_ws/install/s3_description/share/s3_description/urdf/s3.urdf.xacro
[0.844s] -- Up-to-date: /home/ashish/s3_ws/install/s3_description/share/ament_index/resource_index/package_run_dependencies/s3_description
[0.846s] -- Up-to-date: /home/ashish/s3_ws/install/s3_description/share/ament_index/resource_index/parent_prefix_path/s3_description
[0.847s] -- Up-to-date: /home/ashish/s3_ws/install/s3_description/share/s3_description/environment/ament_prefix_path.sh
[0.848s] -- Installing: /home/ashish/s3_ws/install/s3_description/share/s3_description/environment/ament_prefix_path.dsv
[0.848s] -- Up-to-date: /home/ashish/s3_ws/install/s3_description/share/s3_description/environment/path.sh
[0.849s] -- Installing: /home/ashish/s3_ws/install/s3_description/share/s3_description/environment/path.dsv
[0.849s] -- Up-to-date: /home/ashish/s3_ws/install/s3_description/share/s3_description/local_setup.bash
[0.850s] -- Up-to-date: /home/ashish/s3_ws/install/s3_description/share/s3_description/local_setup.sh
[0.850s] -- Up-to-date: /home/ashish/s3_ws/install/s3_description/share/s3_description/local_setup.zsh
[0.850s] -- Installing: /home/ashish/s3_ws/install/s3_description/share/s3_description/local_setup.dsv
[0.852s] -- Installing: /home/ashish/s3_ws/install/s3_description/share/s3_description/package.dsv
[0.853s] -- Up-to-date: /home/ashish/s3_ws/install/s3_description/share/ament_index/resource_index/packages/s3_description
[0.855s] -- Up-to-date: /home/ashish/s3_ws/install/s3_description/share/s3_description/cmake/s3_descriptionConfig.cmake
[0.855s] -- Up-to-date: /home/ashish/s3_ws/install/s3_description/share/s3_description/cmake/s3_descriptionConfig-version.cmake
[0.855s] -- Installing: /home/ashish/s3_ws/install/s3_description/share/s3_description/package.xml
[0.863s] Invoked command in '/home/ashish/s3_ws/build/s3_description' returned '0': CMAKE_PREFIX_PATH=${CMAKE_PREFIX_PATH}:/opt/ros/humble /usr/bin/cmake --install /home/ashish/s3_ws/build/s3_description
