[0.471s] DEBUG:colcon:Command line arguments: ['/usr/bin/colcon', 'build']
[0.472s] DEBUG:colcon:Parsed command line arguments: Namespace(log_base=None, log_level=None, verb_name='build', build_base='build', install_base='install', merge_install=False, symlink_install=False, test_result_base=None, continue_on_error=False, executor='parallel', parallel_workers=2, event_handlers=None, ignore_user_meta=False, metas=['./colcon.meta'], base_paths=['.'], packages_ignore=None, packages_ignore_regex=None, paths=None, packages_up_to=None, packages_up_to_regex=None, packages_above=None, packages_above_and_dependencies=None, packages_above_depth=None, packages_select_by_dep=None, packages_skip_by_dep=None, packages_skip_up_to=None, packages_select_build_failed=False, packages_skip_build_finished=False, packages_select_test_failures=False, packages_skip_test_passed=False, packages_select=None, packages_skip=None, packages_select_regex=None, packages_skip_regex=None, packages_start=None, packages_end=None, allow_overriding=[], cmake_args=None, cmake_target=None, cmake_target_skip_unavailable=False, cmake_clean_cache=False, cmake_clean_first=False, cmake_force_configure=False, ament_cmake_args=None, catkin_cmake_args=None, catkin_skip_building_tests=False, verb_parser=<colcon_defaults.argument_parser.defaults.DefaultArgumentsDecorator object at 0x70ca6af1bf10>, verb_extension=<colcon_core.verb.build.BuildVerb object at 0x70ca6b060a60>, main=<bound method BuildVerb.main of <colcon_core.verb.build.BuildVerb object at 0x70ca6b060a60>>)
[0.940s] Level 1:colcon.colcon_core.package_discovery:discover_packages(colcon_meta) check parameters
[0.940s] Level 1:colcon.colcon_core.package_discovery:discover_packages(recursive) check parameters
[0.940s] Level 1:colcon.colcon_core.package_discovery:discover_packages(ignore) check parameters
[0.940s] Level 1:colcon.colcon_core.package_discovery:discover_packages(path) check parameters
[0.940s] Level 1:colcon.colcon_core.package_discovery:discover_packages(colcon_meta) discover
[0.941s] Level 1:colcon.colcon_core.package_discovery:discover_packages(recursive) discover
[0.941s] INFO:colcon.colcon_core.package_discovery:Crawling recursively for packages in '/home/ashish/s3_ws'
[0.941s] Level 1:colcon.colcon_core.package_identification:_identify(.) by extensions ['ignore', 'ignore_ament_install']
[0.941s] Level 1:colcon.colcon_core.package_identification:_identify(.) by extension 'ignore'
[0.941s] Level 1:colcon.colcon_core.package_identification:_identify(.) by extension 'ignore_ament_install'
[0.941s] Level 1:colcon.colcon_core.package_identification:_identify(.) by extensions ['colcon_pkg']
[0.941s] Level 1:colcon.colcon_core.package_identification:_identify(.) by extension 'colcon_pkg'
[0.941s] Level 1:colcon.colcon_core.package_identification:_identify(.) by extensions ['colcon_meta']
[0.941s] Level 1:colcon.colcon_core.package_identification:_identify(.) by extension 'colcon_meta'
[0.941s] Level 1:colcon.colcon_core.package_identification:_identify(.) by extensions ['ros']
[0.941s] Level 1:colcon.colcon_core.package_identification:_identify(.) by extension 'ros'
[0.971s] Level 1:colcon.colcon_core.package_identification:_identify(.) by extensions ['cmake', 'python']
[0.971s] Level 1:colcon.colcon_core.package_identification:_identify(.) by extension 'cmake'
[0.971s] Level 1:colcon.colcon_core.package_identification:_identify(.) by extension 'python'
[0.971s] Level 1:colcon.colcon_core.package_identification:_identify(.) by extensions ['python_setup_py']
[0.971s] Level 1:colcon.colcon_core.package_identification:_identify(.) by extension 'python_setup_py'
[0.972s] Level 1:colcon.colcon_core.package_identification:_identify(build) by extensions ['ignore', 'ignore_ament_install']
[0.972s] Level 1:colcon.colcon_core.package_identification:_identify(build) by extension 'ignore'
[0.972s] Level 1:colcon.colcon_core.package_identification:_identify(build) ignored
[0.972s] Level 1:colcon.colcon_core.package_identification:_identify(install) by extensions ['ignore', 'ignore_ament_install']
[0.972s] Level 1:colcon.colcon_core.package_identification:_identify(install) by extension 'ignore'
[0.973s] Level 1:colcon.colcon_core.package_identification:_identify(install) ignored
[0.973s] Level 1:colcon.colcon_core.package_identification:_identify(log) by extensions ['ignore', 'ignore_ament_install']
[0.973s] Level 1:colcon.colcon_core.package_identification:_identify(log) by extension 'ignore'
[0.973s] Level 1:colcon.colcon_core.package_identification:_identify(log) ignored
[0.973s] Level 1:colcon.colcon_core.package_identification:_identify(src) by extensions ['ignore', 'ignore_ament_install']
[0.973s] Level 1:colcon.colcon_core.package_identification:_identify(src) by extension 'ignore'
[0.973s] Level 1:colcon.colcon_core.package_identification:_identify(src) by extension 'ignore_ament_install'
[0.973s] Level 1:colcon.colcon_core.package_identification:_identify(src) by extensions ['colcon_pkg']
[0.974s] Level 1:colcon.colcon_core.package_identification:_identify(src) by extension 'colcon_pkg'
[0.974s] Level 1:colcon.colcon_core.package_identification:_identify(src) by extensions ['colcon_meta']
[0.974s] Level 1:colcon.colcon_core.package_identification:_identify(src) by extension 'colcon_meta'
[0.974s] Level 1:colcon.colcon_core.package_identification:_identify(src) by extensions ['ros']
[0.974s] Level 1:colcon.colcon_core.package_identification:_identify(src) by extension 'ros'
[0.974s] Level 1:colcon.colcon_core.package_identification:_identify(src) by extensions ['cmake', 'python']
[0.974s] Level 1:colcon.colcon_core.package_identification:_identify(src) by extension 'cmake'
[0.974s] Level 1:colcon.colcon_core.package_identification:_identify(src) by extension 'python'
[0.974s] Level 1:colcon.colcon_core.package_identification:_identify(src) by extensions ['python_setup_py']
[0.974s] Level 1:colcon.colcon_core.package_identification:_identify(src) by extension 'python_setup_py'
[0.974s] Level 1:colcon.colcon_core.package_identification:_identify(src/s3_controller) by extensions ['ignore', 'ignore_ament_install']
[0.974s] Level 1:colcon.colcon_core.package_identification:_identify(src/s3_controller) by extension 'ignore'
[0.975s] Level 1:colcon.colcon_core.package_identification:_identify(src/s3_controller) by extension 'ignore_ament_install'
[0.975s] Level 1:colcon.colcon_core.package_identification:_identify(src/s3_controller) by extensions ['colcon_pkg']
[0.975s] Level 1:colcon.colcon_core.package_identification:_identify(src/s3_controller) by extension 'colcon_pkg'
[0.975s] Level 1:colcon.colcon_core.package_identification:_identify(src/s3_controller) by extensions ['colcon_meta']
[0.975s] Level 1:colcon.colcon_core.package_identification:_identify(src/s3_controller) by extension 'colcon_meta'
[0.975s] Level 1:colcon.colcon_core.package_identification:_identify(src/s3_controller) by extensions ['ros']
[0.975s] Level 1:colcon.colcon_core.package_identification:_identify(src/s3_controller) by extension 'ros'
[0.982s] DEBUG:colcon.colcon_core.package_identification:Package 'src/s3_controller' with type 'ros.ament_cmake' and name 's3_controller'
[0.983s] Level 1:colcon.colcon_core.package_identification:_identify(src/s3_description) by extensions ['ignore', 'ignore_ament_install']
[0.984s] Level 1:colcon.colcon_core.package_identification:_identify(src/s3_description) by extension 'ignore'
[0.984s] Level 1:colcon.colcon_core.package_identification:_identify(src/s3_description) by extension 'ignore_ament_install'
[0.984s] Level 1:colcon.colcon_core.package_identification:_identify(src/s3_description) by extensions ['colcon_pkg']
[0.984s] Level 1:colcon.colcon_core.package_identification:_identify(src/s3_description) by extension 'colcon_pkg'
[0.984s] Level 1:colcon.colcon_core.package_identification:_identify(src/s3_description) by extensions ['colcon_meta']
[0.984s] Level 1:colcon.colcon_core.package_identification:_identify(src/s3_description) by extension 'colcon_meta'
[0.984s] Level 1:colcon.colcon_core.package_identification:_identify(src/s3_description) by extensions ['ros']
[0.984s] Level 1:colcon.colcon_core.package_identification:_identify(src/s3_description) by extension 'ros'
[0.987s] DEBUG:colcon.colcon_core.package_identification:Package 'src/s3_description' with type 'ros.ament_cmake' and name 's3_description'
[0.987s] Level 1:colcon.colcon_core.package_discovery:discover_packages(recursive) using defaults
[0.987s] Level 1:colcon.colcon_core.package_discovery:discover_packages(ignore) discover
[0.987s] Level 1:colcon.colcon_core.package_discovery:discover_packages(ignore) using defaults
[0.987s] Level 1:colcon.colcon_core.package_discovery:discover_packages(path) discover
[0.987s] Level 1:colcon.colcon_core.package_discovery:discover_packages(path) using defaults
[1.049s] Level 1:colcon.colcon_core.package_discovery:discover_packages(prefix_path) check parameters
[1.049s] Level 1:colcon.colcon_core.package_discovery:discover_packages(prefix_path) discover
[1.069s] DEBUG:colcon.colcon_installed_package_information.package_discovery:Found 2 installed packages in /home/ashish/s3_ws/install
[1.074s] DEBUG:colcon.colcon_installed_package_information.package_discovery:Found 2 installed packages in /home/ashish/arduinobot_ws/install
[1.077s] DEBUG:colcon.colcon_installed_package_information.package_discovery:Found 321 installed packages in /opt/ros/humble
[1.081s] Level 1:colcon.colcon_core.package_discovery:discover_packages(prefix_path) using defaults
[1.356s] Level 5:colcon.colcon_core.verb:set package 's3_controller' build argument 'cmake_args' from command line to 'None'
[1.356s] Level 5:colcon.colcon_core.verb:set package 's3_controller' build argument 'cmake_target' from command line to 'None'
[1.356s] Level 5:colcon.colcon_core.verb:set package 's3_controller' build argument 'cmake_target_skip_unavailable' from command line to 'False'
[1.356s] Level 5:colcon.colcon_core.verb:set package 's3_controller' build argument 'cmake_clean_cache' from command line to 'False'
[1.356s] Level 5:colcon.colcon_core.verb:set package 's3_controller' build argument 'cmake_clean_first' from command line to 'False'
[1.357s] Level 5:colcon.colcon_core.verb:set package 's3_controller' build argument 'cmake_force_configure' from command line to 'False'
[1.357s] Level 5:colcon.colcon_core.verb:set package 's3_controller' build argument 'ament_cmake_args' from command line to 'None'
[1.357s] Level 5:colcon.colcon_core.verb:set package 's3_controller' build argument 'catkin_cmake_args' from command line to 'None'
[1.357s] Level 5:colcon.colcon_core.verb:set package 's3_controller' build argument 'catkin_skip_building_tests' from command line to 'False'
[1.357s] DEBUG:colcon.colcon_core.verb:Building package 's3_controller' with the following arguments: {'ament_cmake_args': None, 'build_base': '/home/ashish/s3_ws/build/s3_controller', 'catkin_cmake_args': None, 'catkin_skip_building_tests': False, 'cmake_args': None, 'cmake_clean_cache': False, 'cmake_clean_first': False, 'cmake_force_configure': False, 'cmake_target': None, 'cmake_target_skip_unavailable': False, 'install_base': '/home/ashish/s3_ws/install/s3_controller', 'merge_install': False, 'path': '/home/ashish/s3_ws/src/s3_controller', 'symlink_install': False, 'test_result_base': None}
[1.358s] Level 5:colcon.colcon_core.verb:set package 's3_description' build argument 'cmake_args' from command line to 'None'
[1.358s] Level 5:colcon.colcon_core.verb:set package 's3_description' build argument 'cmake_target' from command line to 'None'
[1.358s] Level 5:colcon.colcon_core.verb:set package 's3_description' build argument 'cmake_target_skip_unavailable' from command line to 'False'
[1.358s] Level 5:colcon.colcon_core.verb:set package 's3_description' build argument 'cmake_clean_cache' from command line to 'False'
[1.358s] Level 5:colcon.colcon_core.verb:set package 's3_description' build argument 'cmake_clean_first' from command line to 'False'
[1.358s] Level 5:colcon.colcon_core.verb:set package 's3_description' build argument 'cmake_force_configure' from command line to 'False'
[1.358s] Level 5:colcon.colcon_core.verb:set package 's3_description' build argument 'ament_cmake_args' from command line to 'None'
[1.358s] Level 5:colcon.colcon_core.verb:set package 's3_description' build argument 'catkin_cmake_args' from command line to 'None'
[1.358s] Level 5:colcon.colcon_core.verb:set package 's3_description' build argument 'catkin_skip_building_tests' from command line to 'False'
[1.358s] DEBUG:colcon.colcon_core.verb:Building package 's3_description' with the following arguments: {'ament_cmake_args': None, 'build_base': '/home/ashish/s3_ws/build/s3_description', 'catkin_cmake_args': None, 'catkin_skip_building_tests': False, 'cmake_args': None, 'cmake_clean_cache': False, 'cmake_clean_first': False, 'cmake_force_configure': False, 'cmake_target': None, 'cmake_target_skip_unavailable': False, 'install_base': '/home/ashish/s3_ws/install/s3_description', 'merge_install': False, 'path': '/home/ashish/s3_ws/src/s3_description', 'symlink_install': False, 'test_result_base': None}
[1.358s] INFO:colcon.colcon_core.executor:Executing jobs using 'parallel' executor
[1.361s] DEBUG:colcon.colcon_parallel_executor.executor.parallel:run_until_complete
[1.361s] INFO:colcon.colcon_ros.task.ament_cmake.build:Building ROS package in '/home/ashish/s3_ws/src/s3_controller' with build type 'ament_cmake'
[1.362s] INFO:colcon.colcon_cmake.task.cmake.build:Building CMake package in '/home/ashish/s3_ws/src/s3_controller'
[1.370s] INFO:colcon.colcon_core.plugin_system:Skipping extension 'colcon_core.shell.bat': Not used on non-Windows systems
[1.370s] INFO:colcon.colcon_core.shell:Skip shell extension 'powershell' for command environment: Not usable outside of PowerShell
[1.370s] DEBUG:colcon.colcon_core.shell:Skip shell extension 'dsv' for command environment
[1.383s] INFO:colcon.colcon_ros.task.ament_cmake.build:Building ROS package in '/home/ashish/s3_ws/src/s3_description' with build type 'ament_cmake'
[1.384s] INFO:colcon.colcon_cmake.task.cmake.build:Building CMake package in '/home/ashish/s3_ws/src/s3_description'
[1.384s] INFO:colcon.colcon_core.shell:Skip shell extension 'powershell' for command environment: Not usable outside of PowerShell
[1.385s] DEBUG:colcon.colcon_core.shell:Skip shell extension 'dsv' for command environment
[1.426s] DEBUG:colcon.colcon_core.event_handler.log_command:Invoking command in '/home/ashish/s3_ws/build/s3_controller': CMAKE_PREFIX_PATH=${CMAKE_PREFIX_PATH}:/opt/ros/humble /usr/bin/cmake --build /home/ashish/s3_ws/build/s3_controller -- -j2 -l2
[1.435s] DEBUG:colcon.colcon_core.event_handler.log_command:Invoking command in '/home/ashish/s3_ws/build/s3_description': CMAKE_PREFIX_PATH=${CMAKE_PREFIX_PATH}:/opt/ros/humble /usr/bin/cmake --build /home/ashish/s3_ws/build/s3_description -- -j2 -l2
[1.565s] DEBUG:colcon.colcon_core.event_handler.log_command:Invoked command in '/home/ashish/s3_ws/build/s3_description' returned '0': CMAKE_PREFIX_PATH=${CMAKE_PREFIX_PATH}:/opt/ros/humble /usr/bin/cmake --build /home/ashish/s3_ws/build/s3_description -- -j2 -l2
[1.611s] DEBUG:colcon.colcon_core.event_handler.log_command:Invoked command in '/home/ashish/s3_ws/build/s3_controller' returned '0': CMAKE_PREFIX_PATH=${CMAKE_PREFIX_PATH}:/opt/ros/humble /usr/bin/cmake --build /home/ashish/s3_ws/build/s3_controller -- -j2 -l2
[1.653s] DEBUG:colcon.colcon_core.event_handler.log_command:Invoking command in '/home/ashish/s3_ws/build/s3_description': CMAKE_PREFIX_PATH=${CMAKE_PREFIX_PATH}:/opt/ros/humble /usr/bin/cmake --install /home/ashish/s3_ws/build/s3_description
[1.662s] DEBUG:colcon.colcon_core.event_handler.log_command:Invoking command in '/home/ashish/s3_ws/build/s3_controller': CMAKE_PREFIX_PATH=${CMAKE_PREFIX_PATH}:/opt/ros/humble /usr/bin/cmake --install /home/ashish/s3_ws/build/s3_controller
[1.710s] Level 1:colcon.colcon_core.environment:create_environment_scripts_only(s3_controller)
[1.726s] DEBUG:colcon.colcon_core.event_handler.log_command:Invoked command in '/home/ashish/s3_ws/build/s3_controller' returned '0': CMAKE_PREFIX_PATH=${CMAKE_PREFIX_PATH}:/opt/ros/humble /usr/bin/cmake --install /home/ashish/s3_ws/build/s3_controller
[1.747s] Level 1:colcon.colcon_core.environment:checking '/home/ashish/s3_ws/install/s3_controller' for CMake module files
[1.748s] Level 1:colcon.colcon_core.environment:checking '/home/ashish/s3_ws/install/s3_controller' for CMake config files
[1.750s] Level 1:colcon.colcon_core.shell:create_environment_hook('s3_controller', 'cmake_prefix_path')
[1.750s] INFO:colcon.colcon_core.shell:Creating environment hook '/home/ashish/s3_ws/install/s3_controller/share/s3_controller/hook/cmake_prefix_path.ps1'
[1.754s] INFO:colcon.colcon_core.shell:Creating environment descriptor '/home/ashish/s3_ws/install/s3_controller/share/s3_controller/hook/cmake_prefix_path.dsv'
[1.755s] INFO:colcon.colcon_core.shell:Creating environment hook '/home/ashish/s3_ws/install/s3_controller/share/s3_controller/hook/cmake_prefix_path.sh'
[1.758s] Level 1:colcon.colcon_core.environment:checking '/home/ashish/s3_ws/install/s3_controller/bin'
[1.759s] Level 1:colcon.colcon_core.environment:checking '/home/ashish/s3_ws/install/s3_controller/lib/pkgconfig/s3_controller.pc'
[1.759s] Level 1:colcon.colcon_core.environment:checking '/home/ashish/s3_ws/install/s3_controller/lib/python3.10/site-packages'
[1.760s] Level 1:colcon.colcon_core.environment:checking '/home/ashish/s3_ws/install/s3_controller/bin'
[1.760s] INFO:colcon.colcon_core.shell:Creating package script '/home/ashish/s3_ws/install/s3_controller/share/s3_controller/package.ps1'
[1.763s] INFO:colcon.colcon_core.shell:Creating package descriptor '/home/ashish/s3_ws/install/s3_controller/share/s3_controller/package.dsv'
[1.765s] INFO:colcon.colcon_core.shell:Creating package script '/home/ashish/s3_ws/install/s3_controller/share/s3_controller/package.sh'
[1.768s] INFO:colcon.colcon_core.shell:Creating package script '/home/ashish/s3_ws/install/s3_controller/share/s3_controller/package.bash'
[1.772s] INFO:colcon.colcon_core.shell:Creating package script '/home/ashish/s3_ws/install/s3_controller/share/s3_controller/package.zsh'
[1.774s] Level 1:colcon.colcon_core.environment:create_file_with_runtime_dependencies(/home/ashish/s3_ws/install/s3_controller/share/colcon-core/packages/s3_controller)
[1.779s] Level 1:colcon.colcon_core.environment:create_environment_scripts_only(s3_description)
[1.779s] Level 1:colcon.colcon_core.environment:checking '/home/ashish/s3_ws/install/s3_description' for CMake module files
[1.781s] Level 1:colcon.colcon_core.environment:checking '/home/ashish/s3_ws/install/s3_description' for CMake config files
[1.782s] DEBUG:colcon.colcon_core.event_handler.log_command:Invoked command in '/home/ashish/s3_ws/build/s3_description' returned '0': CMAKE_PREFIX_PATH=${CMAKE_PREFIX_PATH}:/opt/ros/humble /usr/bin/cmake --install /home/ashish/s3_ws/build/s3_description
[1.783s] Level 1:colcon.colcon_core.shell:create_environment_hook('s3_description', 'cmake_prefix_path')
[1.783s] INFO:colcon.colcon_core.shell:Creating environment hook '/home/ashish/s3_ws/install/s3_description/share/s3_description/hook/cmake_prefix_path.ps1'
[1.785s] INFO:colcon.colcon_core.shell:Creating environment descriptor '/home/ashish/s3_ws/install/s3_description/share/s3_description/hook/cmake_prefix_path.dsv'
[1.789s] INFO:colcon.colcon_core.shell:Creating environment hook '/home/ashish/s3_ws/install/s3_description/share/s3_description/hook/cmake_prefix_path.sh'
[1.790s] Level 1:colcon.colcon_core.environment:checking '/home/ashish/s3_ws/install/s3_description/bin'
[1.790s] Level 1:colcon.colcon_core.environment:checking '/home/ashish/s3_ws/install/s3_description/lib/pkgconfig/s3_description.pc'
[1.791s] Level 1:colcon.colcon_core.environment:checking '/home/ashish/s3_ws/install/s3_description/lib/python3.10/site-packages'
[1.791s] Level 1:colcon.colcon_core.environment:checking '/home/ashish/s3_ws/install/s3_description/bin'
[1.793s] INFO:colcon.colcon_core.shell:Creating package script '/home/ashish/s3_ws/install/s3_description/share/s3_description/package.ps1'
[1.794s] INFO:colcon.colcon_core.shell:Creating package descriptor '/home/ashish/s3_ws/install/s3_description/share/s3_description/package.dsv'
[1.796s] INFO:colcon.colcon_core.shell:Creating package script '/home/ashish/s3_ws/install/s3_description/share/s3_description/package.sh'
[1.798s] INFO:colcon.colcon_core.shell:Creating package script '/home/ashish/s3_ws/install/s3_description/share/s3_description/package.bash'
[1.799s] INFO:colcon.colcon_core.shell:Creating package script '/home/ashish/s3_ws/install/s3_description/share/s3_description/package.zsh'
[1.800s] Level 1:colcon.colcon_core.environment:create_file_with_runtime_dependencies(/home/ashish/s3_ws/install/s3_description/share/colcon-core/packages/s3_description)
[1.817s] Level 1:colcon.colcon_core.environment:create_environment_scripts_only(s3_controller)
[1.817s] Level 1:colcon.colcon_core.environment:checking '/home/ashish/s3_ws/install/s3_controller' for CMake module files
[1.818s] Level 1:colcon.colcon_core.environment:checking '/home/ashish/s3_ws/install/s3_controller' for CMake config files
[1.818s] Level 1:colcon.colcon_core.shell:create_environment_hook('s3_controller', 'cmake_prefix_path')
[1.818s] INFO:colcon.colcon_core.shell:Creating environment hook '/home/ashish/s3_ws/install/s3_controller/share/s3_controller/hook/cmake_prefix_path.ps1'
[1.819s] INFO:colcon.colcon_core.shell:Creating environment descriptor '/home/ashish/s3_ws/install/s3_controller/share/s3_controller/hook/cmake_prefix_path.dsv'
[1.820s] INFO:colcon.colcon_core.shell:Creating environment hook '/home/ashish/s3_ws/install/s3_controller/share/s3_controller/hook/cmake_prefix_path.sh'
[1.821s] Level 1:colcon.colcon_core.environment:checking '/home/ashish/s3_ws/install/s3_controller/bin'
[1.821s] Level 1:colcon.colcon_core.environment:checking '/home/ashish/s3_ws/install/s3_controller/lib/pkgconfig/s3_controller.pc'
[1.821s] Level 1:colcon.colcon_core.environment:checking '/home/ashish/s3_ws/install/s3_controller/lib/python3.10/site-packages'
[1.822s] Level 1:colcon.colcon_core.environment:checking '/home/ashish/s3_ws/install/s3_controller/bin'
[1.822s] INFO:colcon.colcon_core.shell:Creating package script '/home/ashish/s3_ws/install/s3_controller/share/s3_controller/package.ps1'
[1.823s] INFO:colcon.colcon_core.shell:Creating package descriptor '/home/ashish/s3_ws/install/s3_controller/share/s3_controller/package.dsv'
[1.824s] INFO:colcon.colcon_core.shell:Creating package script '/home/ashish/s3_ws/install/s3_controller/share/s3_controller/package.sh'
[1.824s] INFO:colcon.colcon_core.shell:Creating package script '/home/ashish/s3_ws/install/s3_controller/share/s3_controller/package.bash'
[1.825s] INFO:colcon.colcon_core.shell:Creating package script '/home/ashish/s3_ws/install/s3_controller/share/s3_controller/package.zsh'
[1.825s] Level 1:colcon.colcon_core.environment:create_file_with_runtime_dependencies(/home/ashish/s3_ws/install/s3_controller/share/colcon-core/packages/s3_controller)
[1.839s] Level 1:colcon.colcon_core.environment:create_environment_scripts_only(s3_description)
[1.839s] Level 1:colcon.colcon_core.environment:checking '/home/ashish/s3_ws/install/s3_description' for CMake module files
[1.840s] Level 1:colcon.colcon_core.environment:checking '/home/ashish/s3_ws/install/s3_description' for CMake config files
[1.840s] Level 1:colcon.colcon_core.shell:create_environment_hook('s3_description', 'cmake_prefix_path')
[1.840s] INFO:colcon.colcon_core.shell:Creating environment hook '/home/ashish/s3_ws/install/s3_description/share/s3_description/hook/cmake_prefix_path.ps1'
[1.842s] INFO:colcon.colcon_core.shell:Creating environment descriptor '/home/ashish/s3_ws/install/s3_description/share/s3_description/hook/cmake_prefix_path.dsv'
[1.842s] INFO:colcon.colcon_core.shell:Creating environment hook '/home/ashish/s3_ws/install/s3_description/share/s3_description/hook/cmake_prefix_path.sh'
[1.844s] Level 1:colcon.colcon_core.environment:checking '/home/ashish/s3_ws/install/s3_description/bin'
[1.844s] Level 1:colcon.colcon_core.environment:checking '/home/ashish/s3_ws/install/s3_description/lib/pkgconfig/s3_description.pc'
[1.844s] Level 1:colcon.colcon_core.environment:checking '/home/ashish/s3_ws/install/s3_description/lib/python3.10/site-packages'
[1.845s] Level 1:colcon.colcon_core.environment:checking '/home/ashish/s3_ws/install/s3_description/bin'
[1.845s] INFO:colcon.colcon_core.shell:Creating package script '/home/ashish/s3_ws/install/s3_description/share/s3_description/package.ps1'
[1.846s] INFO:colcon.colcon_core.shell:Creating package descriptor '/home/ashish/s3_ws/install/s3_description/share/s3_description/package.dsv'
[1.847s] INFO:colcon.colcon_core.shell:Creating package script '/home/ashish/s3_ws/install/s3_description/share/s3_description/package.sh'
[1.848s] INFO:colcon.colcon_core.shell:Creating package script '/home/ashish/s3_ws/install/s3_description/share/s3_description/package.bash'
[1.849s] INFO:colcon.colcon_core.shell:Creating package script '/home/ashish/s3_ws/install/s3_description/share/s3_description/package.zsh'
[1.850s] Level 1:colcon.colcon_core.environment:create_file_with_runtime_dependencies(/home/ashish/s3_ws/install/s3_description/share/colcon-core/packages/s3_description)
[1.851s] DEBUG:colcon.colcon_parallel_executor.executor.parallel:closing loop
[1.856s] DEBUG:colcon.colcon_parallel_executor.executor.parallel:loop closed
[1.856s] DEBUG:colcon.colcon_parallel_executor.executor.parallel:run_until_complete finished with '0'
[1.856s] DEBUG:colcon.colcon_core.event_reactor:joining thread
[1.880s] INFO:colcon.colcon_core.plugin_system:Skipping extension 'colcon_notification.desktop_notification.terminal_notifier': Not used on non-Darwin systems
[1.880s] INFO:colcon.colcon_core.plugin_system:Skipping extension 'colcon_notification.desktop_notification.win32': Not used on non-Windows systems
[1.880s] INFO:colcon.colcon_notification.desktop_notification:Sending desktop notification using 'notify2'
[1.935s] DEBUG:colcon.colcon_core.event_reactor:joined thread
[1.936s] INFO:colcon.colcon_core.shell:Creating prefix script '/home/ashish/s3_ws/install/local_setup.ps1'
[1.942s] INFO:colcon.colcon_core.shell:Creating prefix util module '/home/ashish/s3_ws/install/_local_setup_util_ps1.py'
[1.948s] INFO:colcon.colcon_core.shell:Creating prefix chain script '/home/ashish/s3_ws/install/setup.ps1'
[1.954s] INFO:colcon.colcon_core.shell:Creating prefix script '/home/ashish/s3_ws/install/local_setup.sh'
[1.958s] INFO:colcon.colcon_core.shell:Creating prefix util module '/home/ashish/s3_ws/install/_local_setup_util_sh.py'
[1.960s] INFO:colcon.colcon_core.shell:Creating prefix chain script '/home/ashish/s3_ws/install/setup.sh'
[1.963s] INFO:colcon.colcon_core.shell:Creating prefix script '/home/ashish/s3_ws/install/local_setup.bash'
[1.965s] INFO:colcon.colcon_core.shell:Creating prefix chain script '/home/ashish/s3_ws/install/setup.bash'
[1.969s] INFO:colcon.colcon_core.shell:Creating prefix script '/home/ashish/s3_ws/install/local_setup.zsh'
[1.972s] INFO:colcon.colcon_core.shell:Creating prefix chain script '/home/ashish/s3_ws/install/setup.zsh'
