[0.035s] Invoking command in '/home/ashish/s3_ws/build/s3_description': CMAKE_PREFIX_PATH=${CMAKE_PREFIX_PATH}:/opt/ros/humble /usr/bin/cmake --build /home/ashish/s3_ws/build/s3_description -- -j2 -l2
[0.098s] Invoked command in '/home/ashish/s3_ws/build/s3_description' returned '0': CMAKE_PREFIX_PATH=${CMAKE_PREFIX_PATH}:/opt/ros/humble /usr/bin/cmake --build /home/ashish/s3_ws/build/s3_description -- -j2 -l2
[0.176s] Invoking command in '/home/ashish/s3_ws/build/s3_description': CMAKE_PREFIX_PATH=${CMAKE_PREFIX_PATH}:/opt/ros/humble /usr/bin/cmake --install /home/ashish/s3_ws/build/s3_description
[0.195s] -- Install configuration: ""
[0.196s] -- Up-to-date: /home/ashish/s3_ws/install/s3_description/share/ament_index/resource_index/package_run_dependencies/s3_description
[0.196s] -- Up-to-date: /home/ashish/s3_ws/install/s3_description/share/ament_index/resource_index/parent_prefix_path/s3_description
[0.197s] -- Up-to-date: /home/ashish/s3_ws/install/s3_description/share/s3_description/environment/ament_prefix_path.sh
[0.197s] -- Up-to-date: /home/ashish/s3_ws/install/s3_description/share/s3_description/environment/ament_prefix_path.dsv
[0.198s] -- Up-to-date: /home/ashish/s3_ws/install/s3_description/share/s3_description/environment/path.sh
[0.199s] -- Up-to-date: /home/ashish/s3_ws/install/s3_description/share/s3_description/environment/path.dsv
[0.199s] -- Up-to-date: /home/ashish/s3_ws/install/s3_description/share/s3_description/local_setup.bash
[0.199s] -- Up-to-date: /home/ashish/s3_ws/install/s3_description/share/s3_description/local_setup.sh
[0.199s] -- Up-to-date: /home/ashish/s3_ws/install/s3_description/share/s3_description/local_setup.zsh
[0.200s] -- Up-to-date: /home/ashish/s3_ws/install/s3_description/share/s3_description/local_setup.dsv
[0.200s] -- Installing: /home/ashish/s3_ws/install/s3_description/share/s3_description/package.dsv
[0.201s] -- Up-to-date: /home/ashish/s3_ws/install/s3_description/share/ament_index/resource_index/packages/s3_description
[0.202s] -- Up-to-date: /home/ashish/s3_ws/install/s3_description/share/s3_description/cmake/s3_descriptionConfig.cmake
[0.202s] -- Up-to-date: /home/ashish/s3_ws/install/s3_description/share/s3_description/cmake/s3_descriptionConfig-version.cmake
[0.203s] -- Up-to-date: /home/ashish/s3_ws/install/s3_description/share/s3_description/package.xml
[0.208s] Invoked command in '/home/ashish/s3_ws/build/s3_description' returned '0': CMAKE_PREFIX_PATH=${CMAKE_PREFIX_PATH}:/opt/ros/humble /usr/bin/cmake --install /home/ashish/s3_ws/build/s3_description
